[0.058s] Invoking command in '/home/linux/UWU-Blobfish/build/vectornav': AMENT_PREFIX_PATH=/home/linux/UWU-Blobfish/install/vectornav_msgs:${AMENT_PREFIX_PATH} CMAKE_PREFIX_PATH=/home/linux/UWU-Blobfish/install/vectornav_msgs:/opt/ros/humble LD_LIBRARY_PATH=/home/linux/UWU-Blobfish/install/vectornav_msgs/lib:${LD_LIBRARY_PATH} PYTHONPATH=/home/linux/UWU-Blobfish/install/vectornav_msgs/local/lib/python3.10/dist-packages:${PYTHONPATH} /usr/bin/cmake /home/linux/UWU-Blobfish/uwu_main/vectornav/vectornav -DAMENT_CMAKE_SYMLINK_INSTALL=1 -DCMAKE_INSTALL_PREFIX=/home/linux/UWU-Blobfish/install/vectornav
[0.126s] -- The C compiler identification is GNU 11.4.0
[0.197s] -- The CXX compiler identification is GNU 11.4.0
[0.204s] -- Detecting C compiler ABI info
[0.289s] -- Detecting C compiler ABI info - done
[0.296s] -- Check for working C compiler: /usr/bin/cc - skipped
[0.297s] -- Detecting C compile features
[0.297s] -- Detecting C compile features - done
[0.300s] -- Detecting CXX compiler ABI info
[0.405s] -- Detecting CXX compiler ABI info - done
[0.413s] -- Check for working CXX compiler: /usr/bin/c++ - skipped
[0.413s] -- Detecting CXX compile features
[0.413s] -- Detecting CXX compile features - done
[0.417s] -- Found ament_cmake: 1.3.6 (/opt/ros/humble/share/ament_cmake/cmake)
[0.594s] -- Found Python3: /usr/bin/python3.10 (found version "3.10.12") found components: Interpreter 
[0.654s] -- Override CMake install command with custom implementation using symlinks instead of copying resources
[0.678s] -- Found rclcpp: 16.0.7 (/opt/ros/humble/share/rclcpp/cmake)
[0.716s] -- Found rosidl_generator_c: 3.1.5 (/opt/ros/humble/share/rosidl_generator_c/cmake)
[0.720s] -- Found rosidl_adapter: 3.1.5 (/opt/ros/humble/share/rosidl_adapter/cmake)
[0.727s] -- Found rosidl_generator_cpp: 3.1.5 (/opt/ros/humble/share/rosidl_generator_cpp/cmake)
[0.740s] -- Using all available rosidl_typesupport_c: rosidl_typesupport_fastrtps_c;rosidl_typesupport_introspection_c
[0.759s] -- Using all available rosidl_typesupport_cpp: rosidl_typesupport_fastrtps_cpp;rosidl_typesupport_introspection_cpp
[0.829s] -- Found rmw_implementation_cmake: 6.1.1 (/opt/ros/humble/share/rmw_implementation_cmake/cmake)
[0.831s] -- Found rmw_fastrtps_cpp: 6.2.5 (/opt/ros/humble/share/rmw_fastrtps_cpp/cmake)
[0.941s] -- Found OpenSSL: /usr/lib/x86_64-linux-gnu/libcrypto.so (found version "3.0.2")  
[0.982s] -- Found FastRTPS: /opt/ros/humble/include  
[1.027s] -- Using RMW implementation 'rmw_fastrtps_cpp' as default
[1.036s] -- Looking for pthread.h
[1.168s] -- Looking for pthread.h - found
[1.168s] -- Performing Test CMAKE_HAVE_LIBC_PTHREAD
[1.377s] -- Performing Test CMAKE_HAVE_LIBC_PTHREAD - Success
[1.377s] -- Found Threads: TRUE  
[1.555s] -- Found rclcpp_action: 16.0.7 (/opt/ros/humble/share/rclcpp_action/cmake)
[1.718s] -- Found sensor_msgs: 4.2.3 (/opt/ros/humble/share/sensor_msgs/cmake)
[1.940s] -- Found vectornav_msgs: 3.0.0 (/home/linux/UWU-Blobfish/install/vectornav_msgs/share/vectornav_msgs/cmake)
[2.141s] -- Found tf2_geometry_msgs: 0.25.5 (/opt/ros/humble/share/tf2_geometry_msgs/cmake)
[2.188s] -- Found eigen3_cmake_module: 0.1.1 (/opt/ros/humble/share/eigen3_cmake_module/cmake)
[2.188s] -- Found Eigen3: TRUE (found version "3.4.0") 
[2.188s] -- Ensuring Eigen3 include directory is part of orocos-kdl CMake target
[2.563s] -- Found ament_lint_auto: 0.12.9 (/opt/ros/humble/share/ament_lint_auto/cmake)
[2.672s] -- Added test 'cppcheck' to perform static code analysis on C / C++ code
[2.672s] -- Configured cppcheck include dirs: 
[2.672s] -- Configured cppcheck exclude dirs and/or files: 
[2.674s] -- Added test 'cpplint' to check C / C++ code against the Google style
[2.674s] -- Configured cpplint exclude dirs and/or files: 
[2.675s] -- Added test 'flake8' to check Python code syntax and style conventions
[2.676s] -- Added test 'lint_cmake' to check CMake code style
[2.677s] -- Added test 'pep257' to check Python code against some of the docstring style conventions in PEP 257
[2.679s] -- Added test 'uncrustify' to check C / C++ code style
[2.679s] -- Configured uncrustify additional arguments: 
[2.680s] -- Added test 'xmllint' to check XML markup files
[2.682s] -- Configuring done
[2.707s] -- Generating done
[2.709s] -- Build files have been written to: /home/linux/UWU-Blobfish/build/vectornav
[2.725s] Invoked command in '/home/linux/UWU-Blobfish/build/vectornav' returned '0': AMENT_PREFIX_PATH=/home/linux/UWU-Blobfish/install/vectornav_msgs:${AMENT_PREFIX_PATH} CMAKE_PREFIX_PATH=/home/linux/UWU-Blobfish/install/vectornav_msgs:/opt/ros/humble LD_LIBRARY_PATH=/home/linux/UWU-Blobfish/install/vectornav_msgs/lib:${LD_LIBRARY_PATH} PYTHONPATH=/home/linux/UWU-Blobfish/install/vectornav_msgs/local/lib/python3.10/dist-packages:${PYTHONPATH} /usr/bin/cmake /home/linux/UWU-Blobfish/uwu_main/vectornav/vectornav -DAMENT_CMAKE_SYMLINK_INSTALL=1 -DCMAKE_INSTALL_PREFIX=/home/linux/UWU-Blobfish/install/vectornav
[2.726s] Invoking command in '/home/linux/UWU-Blobfish/build/vectornav': AMENT_PREFIX_PATH=/home/linux/UWU-Blobfish/install/vectornav_msgs:${AMENT_PREFIX_PATH} CMAKE_PREFIX_PATH=/home/linux/UWU-Blobfish/install/vectornav_msgs:/opt/ros/humble LD_LIBRARY_PATH=/home/linux/UWU-Blobfish/install/vectornav_msgs/lib:${LD_LIBRARY_PATH} PYTHONPATH=/home/linux/UWU-Blobfish/install/vectornav_msgs/local/lib/python3.10/dist-packages:${PYTHONPATH} /usr/bin/cmake --build /home/linux/UWU-Blobfish/build/vectornav -- -j6 -l6
[2.797s] [  3%] [32mBuilding CXX object vnproglib-1.2.0.0/cpp/CMakeFiles/vncxx.dir/src/compositedata.cpp.o[0m
[2.797s] [  7%] [32mBuilding CXX object CMakeFiles/vn_sensor_msgs.dir/src/vn_sensor_msgs.cc.o[0m
[2.798s] [ 10%] [32mBuilding CXX object vnproglib-1.2.0.0/cpp/CMakeFiles/vncxx.dir/src/attitude.cpp.o[0m
[2.800s] [ 14%] [32mBuilding CXX object vnproglib-1.2.0.0/cpp/CMakeFiles/vncxx.dir/src/dllvalidator.cpp.o[0m
[2.801s] [ 17%] [32mBuilding CXX object vnproglib-1.2.0.0/cpp/CMakeFiles/vncxx.dir/src/criticalsection.cpp.o[0m
[2.811s] [ 21%] [32mBuilding CXX object vnproglib-1.2.0.0/cpp/CMakeFiles/vncxx.dir/src/conversions.cpp.o[0m
[2.996s] [ 25%] [32mBuilding CXX object vnproglib-1.2.0.0/cpp/CMakeFiles/vncxx.dir/src/error_detection.cpp.o[0m
[3.046s] [ 28%] [32mBuilding CXX object vnproglib-1.2.0.0/cpp/CMakeFiles/vncxx.dir/src/event.cpp.o[0m
[3.395s] [ 32%] [32mBuilding CXX object vnproglib-1.2.0.0/cpp/CMakeFiles/vncxx.dir/src/ezasyncdata.cpp.o[0m
[3.424s] [ 35%] [32mBuilding CXX object vnproglib-1.2.0.0/cpp/CMakeFiles/vncxx.dir/src/memoryport.cpp.o[0m
[3.453s] [ 39%] [32mBuilding CXX object vnproglib-1.2.0.0/cpp/CMakeFiles/vncxx.dir/src/packet.cpp.o[0m
[3.503s] [ 42%] [32mBuilding CXX object vnproglib-1.2.0.0/cpp/CMakeFiles/vncxx.dir/src/packetfinder.cpp.o[0m
[3.702s] [ 46%] [32mBuilding CXX object vnproglib-1.2.0.0/cpp/CMakeFiles/vncxx.dir/src/port.cpp.o[0m
[3.729s] [ 50%] [32mBuilding CXX object vnproglib-1.2.0.0/cpp/CMakeFiles/vncxx.dir/src/position.cpp.o[0m
[3.740s] [ 53%] [32mBuilding CXX object vnproglib-1.2.0.0/cpp/CMakeFiles/vncxx.dir/src/rtcmlistener.cpp.o[0m
[3.847s] [ 57%] [32mBuilding CXX object vnproglib-1.2.0.0/cpp/CMakeFiles/vncxx.dir/src/rtcmmessage.cpp.o[0m
[4.005s] [ 60%] [32mBuilding CXX object vnproglib-1.2.0.0/cpp/CMakeFiles/vncxx.dir/src/searcher.cpp.o[0m
[4.061s] [ 64%] [32mBuilding CXX object vnproglib-1.2.0.0/cpp/CMakeFiles/vncxx.dir/src/sensors.cpp.o[0m
[4.061s] [ 67%] [32mBuilding CXX object vnproglib-1.2.0.0/cpp/CMakeFiles/vncxx.dir/src/serialport.cpp.o[0m
[4.126s] [ 71%] [32mBuilding CXX object vnproglib-1.2.0.0/cpp/CMakeFiles/vncxx.dir/src/thread.cpp.o[0m
[4.310s] [ 75%] [32mBuilding CXX object vnproglib-1.2.0.0/cpp/CMakeFiles/vncxx.dir/src/types.cpp.o[0m
[4.352s] [ 78%] [32mBuilding CXX object vnproglib-1.2.0.0/cpp/CMakeFiles/vncxx.dir/src/util.cpp.o[0m
[4.354s] [ 82%] [32mBuilding CXX object vnproglib-1.2.0.0/cpp/CMakeFiles/vncxx.dir/src/utilities.cpp.o[0m
[4.523s] [ 85%] [32mBuilding CXX object vnproglib-1.2.0.0/cpp/CMakeFiles/vncxx.dir/src/vntime.cpp.o[0m
[5.007s] [ 89%] [32m[1mLinking CXX shared library libvncxx.so[0m
[5.145s] [ 89%] Built target vncxx
[5.176s] [ 92%] [32mBuilding CXX object CMakeFiles/vectornav.dir/src/vectornav.cc.o[0m
[17.344s] [ 96%] [32m[1mLinking CXX executable vectornav[0m
[17.925s] [ 96%] Built target vectornav
[29.007s] [100%] [32m[1mLinking CXX executable vn_sensor_msgs[0m
[30.605s] [100%] Built target vn_sensor_msgs
[30.620s] Invoked command in '/home/linux/UWU-Blobfish/build/vectornav' returned '0': AMENT_PREFIX_PATH=/home/linux/UWU-Blobfish/install/vectornav_msgs:${AMENT_PREFIX_PATH} CMAKE_PREFIX_PATH=/home/linux/UWU-Blobfish/install/vectornav_msgs:/opt/ros/humble LD_LIBRARY_PATH=/home/linux/UWU-Blobfish/install/vectornav_msgs/lib:${LD_LIBRARY_PATH} PYTHONPATH=/home/linux/UWU-Blobfish/install/vectornav_msgs/local/lib/python3.10/dist-packages:${PYTHONPATH} /usr/bin/cmake --build /home/linux/UWU-Blobfish/build/vectornav -- -j6 -l6
[30.689s] Invoking command in '/home/linux/UWU-Blobfish/build/vectornav': AMENT_PREFIX_PATH=/home/linux/UWU-Blobfish/install/vectornav_msgs:${AMENT_PREFIX_PATH} CMAKE_PREFIX_PATH=/home/linux/UWU-Blobfish/install/vectornav_msgs:/opt/ros/humble LD_LIBRARY_PATH=/home/linux/UWU-Blobfish/install/vectornav_msgs/lib:${LD_LIBRARY_PATH} PYTHONPATH=/home/linux/UWU-Blobfish/install/vectornav_msgs/local/lib/python3.10/dist-packages:${PYTHONPATH} /usr/bin/cmake --install /home/linux/UWU-Blobfish/build/vectornav
[30.697s] -- Install configuration: ""
[30.698s] -- Execute custom install script
[30.698s] -- Symlinking: /home/linux/UWU-Blobfish/install/vectornav/lib/libvncxx.so
[30.709s] -- Symlinking: /home/linux/UWU-Blobfish/install/vectornav/include/vn/attitude.h
[30.720s] -- Symlinking: /home/linux/UWU-Blobfish/install/vectornav/include/vn/boostpython.h
[30.730s] -- Symlinking: /home/linux/UWU-Blobfish/install/vectornav/include/vn/compiler.h
[30.768s] -- Symlinking: /home/linux/UWU-Blobfish/install/vectornav/include/vn/compositedata.h
[30.778s] -- Symlinking: /home/linux/UWU-Blobfish/install/vectornav/include/vn/consts.h
[30.789s] -- Symlinking: /home/linux/UWU-Blobfish/install/vectornav/include/vn/conversions.h
[30.799s] -- Symlinking: /home/linux/UWU-Blobfish/install/vectornav/include/vn/criticalsection.h
[30.812s] -- Symlinking: /home/linux/UWU-Blobfish/install/vectornav/include/vn/dllvalidator.h
[30.822s] -- Symlinking: /home/linux/UWU-Blobfish/install/vectornav/include/vn/error_detection.h
[30.832s] -- Symlinking: /home/linux/UWU-Blobfish/install/vectornav/include/vn/event.h
[30.843s] -- Symlinking: /home/linux/UWU-Blobfish/install/vectornav/include/vn/exceptions.h
[30.854s] -- Symlinking: /home/linux/UWU-Blobfish/install/vectornav/include/vn/export.h
[30.865s] -- Symlinking: /home/linux/UWU-Blobfish/install/vectornav/include/vn/ezasyncdata.h
[30.875s] -- Symlinking: /home/linux/UWU-Blobfish/install/vectornav/include/vn/int.h
[30.886s] -- Symlinking: /home/linux/UWU-Blobfish/install/vectornav/include/vn/matrix.h
[30.896s] -- Symlinking: /home/linux/UWU-Blobfish/install/vectornav/include/vn/memoryport.h
[30.907s] -- Symlinking: /home/linux/UWU-Blobfish/install/vectornav/include/vn/mock.h
[30.917s] -- Symlinking: /home/linux/UWU-Blobfish/install/vectornav/include/vn/nocopy.h
[30.927s] -- Symlinking: /home/linux/UWU-Blobfish/install/vectornav/include/vn/packet.h
[30.945s] -- Symlinking: /home/linux/UWU-Blobfish/install/vectornav/include/vn/packetfinder.h
[30.957s] -- Symlinking: /home/linux/UWU-Blobfish/install/vectornav/include/vn/port.h
[30.971s] -- Symlinking: /home/linux/UWU-Blobfish/install/vectornav/include/vn/position.h
[30.981s] -- Symlinking: /home/linux/UWU-Blobfish/install/vectornav/include/vn/registers.h
[30.991s] -- Symlinking: /home/linux/UWU-Blobfish/install/vectornav/include/vn/rtcmlistener.h
[31.001s] -- Symlinking: /home/linux/UWU-Blobfish/install/vectornav/include/vn/rtcmmessage.h
[31.012s] -- Symlinking: /home/linux/UWU-Blobfish/install/vectornav/include/vn/searcher.h
[31.023s] -- Symlinking: /home/linux/UWU-Blobfish/install/vectornav/include/vn/sensors.h
[31.033s] -- Symlinking: /home/linux/UWU-Blobfish/install/vectornav/include/vn/serialport.h
[31.056s] -- Symlinking: /home/linux/UWU-Blobfish/install/vectornav/include/vn/signal.h
[31.066s] -- Symlinking: /home/linux/UWU-Blobfish/install/vectornav/include/vn/thread.h
[31.077s] -- Symlinking: /home/linux/UWU-Blobfish/install/vectornav/include/vn/types.h
[31.089s] -- Symlinking: /home/linux/UWU-Blobfish/install/vectornav/include/vn/util.h
[31.099s] -- Symlinking: /home/linux/UWU-Blobfish/install/vectornav/include/vn/utilities.h
[31.111s] -- Symlinking: /home/linux/UWU-Blobfish/install/vectornav/include/vn/vector.h
[31.122s] -- Symlinking: /home/linux/UWU-Blobfish/install/vectornav/include/vn/vntime.h
[31.133s] -- Symlinking: /home/linux/UWU-Blobfish/install/vectornav/lib/vectornav/vectornav
[31.145s] -- Symlinking: /home/linux/UWU-Blobfish/install/vectornav/lib/vectornav/vn_sensor_msgs
[31.155s] -- Symlinking: /home/linux/UWU-Blobfish/install/vectornav/share/vectornav//config/vectornav.yaml
[31.165s] -- Symlinking: /home/linux/UWU-Blobfish/install/vectornav/share/vectornav//config/vn_100_800hz.yaml
[31.175s] -- Symlinking: /home/linux/UWU-Blobfish/install/vectornav/share/vectornav//launch/vectornav.launch.py
[31.187s] -- Symlinking: /home/linux/UWU-Blobfish/install/vectornav/share/ament_index/resource_index/package_run_dependencies/vectornav
[31.197s] -- Symlinking: /home/linux/UWU-Blobfish/install/vectornav/share/ament_index/resource_index/parent_prefix_path/vectornav
[31.207s] -- Symlinking: /home/linux/UWU-Blobfish/install/vectornav/share/vectornav/environment/ament_prefix_path.sh
[31.217s] -- Symlinking: /home/linux/UWU-Blobfish/install/vectornav/share/vectornav/environment/ament_prefix_path.dsv
[31.237s] -- Symlinking: /home/linux/UWU-Blobfish/install/vectornav/share/vectornav/environment/path.sh
[31.257s] -- Symlinking: /home/linux/UWU-Blobfish/install/vectornav/share/vectornav/environment/path.dsv
[31.270s] -- Symlinking: /home/linux/UWU-Blobfish/install/vectornav/share/vectornav/local_setup.bash
[31.280s] -- Symlinking: /home/linux/UWU-Blobfish/install/vectornav/share/vectornav/local_setup.sh
[31.289s] -- Symlinking: /home/linux/UWU-Blobfish/install/vectornav/share/vectornav/local_setup.zsh
[31.299s] -- Symlinking: /home/linux/UWU-Blobfish/install/vectornav/share/vectornav/local_setup.dsv
[31.309s] -- Symlinking: /home/linux/UWU-Blobfish/install/vectornav/share/vectornav/package.dsv
[31.319s] -- Symlinking: /home/linux/UWU-Blobfish/install/vectornav/share/ament_index/resource_index/packages/vectornav
[31.329s] -- Symlinking: /home/linux/UWU-Blobfish/install/vectornav/share/vectornav/cmake/ament_cmake_export_dependencies-extras.cmake
[31.339s] -- Symlinking: /home/linux/UWU-Blobfish/install/vectornav/share/vectornav/cmake/vectornavConfig.cmake
[31.350s] -- Symlinking: /home/linux/UWU-Blobfish/install/vectornav/share/vectornav/cmake/vectornavConfig-version.cmake
[31.363s] -- Symlinking: /home/linux/UWU-Blobfish/install/vectornav/share/vectornav/package.xml
[31.376s] Invoked command in '/home/linux/UWU-Blobfish/build/vectornav' returned '0': AMENT_PREFIX_PATH=/home/linux/UWU-Blobfish/install/vectornav_msgs:${AMENT_PREFIX_PATH} CMAKE_PREFIX_PATH=/home/linux/UWU-Blobfish/install/vectornav_msgs:/opt/ros/humble LD_LIBRARY_PATH=/home/linux/UWU-Blobfish/install/vectornav_msgs/lib:${LD_LIBRARY_PATH} PYTHONPATH=/home/linux/UWU-Blobfish/install/vectornav_msgs/local/lib/python3.10/dist-packages:${PYTHONPATH} /usr/bin/cmake --install /home/linux/UWU-Blobfish/build/vectornav
