[1.591s] Invoking command in '/home/linux/UWU-Blobfish/build/pid_package': PYTHONPATH=/home/linux/UWU-Blobfish/build/pid_package/prefix_override:/home/linux/UWU-Blobfish/install/pid_package/lib/python3.10/site-packages:${PYTHONPATH} /usr/bin/python3 setup.py develop --editable --build-directory /home/linux/UWU-Blobfish/build/pid_package/build --no-deps install_data
[1.970s] /usr/lib/python3/dist-packages/setuptools/command/easy_install.py:158: EasyInstallDeprecationWarning: easy_install command is deprecated. Use build and pip and other standards-based tools.
[1.970s]   warnings.warn(
[1.970s] running develop
[1.971s] /usr/lib/python3/dist-packages/setuptools/command/install.py:34: SetuptoolsDeprecationWarning: setup.py install is deprecated. Use build and pip and other standards-based tools.
[1.971s]   warnings.warn(
[2.240s] running egg_info
[2.241s] writing pid_package.egg-info/PKG-INFO
[2.241s] writing dependency_links to pid_package.egg-info/dependency_links.txt
[2.241s] writing entry points to pid_package.egg-info/entry_points.txt
[2.241s] writing requirements to pid_package.egg-info/requires.txt
[2.241s] writing top-level names to pid_package.egg-info/top_level.txt
[2.242s] reading manifest file 'pid_package.egg-info/SOURCES.txt'
[2.242s] writing manifest file 'pid_package.egg-info/SOURCES.txt'
[2.242s] running build_ext
[2.242s] Creating /home/linux/UWU-Blobfish/install/pid_package/lib/python3.10/site-packages/pid-package.egg-link (link to .)
[2.242s] Installing offset_calibrator script to /home/linux/UWU-Blobfish/install/pid_package/lib/pid_package
[2.243s] Installing pid_node script to /home/linux/UWU-Blobfish/install/pid_package/lib/pid_package
[2.243s] 
[2.243s] Installed /home/linux/UWU-Blobfish/build/pid_package
[2.243s] running install_data
[3.062s] Invoked command in '/home/linux/UWU-Blobfish/build/pid_package' returned '0': PYTHONPATH=/home/linux/UWU-Blobfish/build/pid_package/prefix_override:/home/linux/UWU-Blobfish/install/pid_package/lib/python3.10/site-packages:${PYTHONPATH} /usr/bin/python3 setup.py develop --editable --build-directory /home/linux/UWU-Blobfish/build/pid_package/build --no-deps install_data
