[1.006s] DEBUG:colcon:Command line arguments: ['/usr/bin/colcon', 'build', '--symlink-install']
[1.006s] DEBUG:colcon:Parsed command line arguments: Namespace(log_base=None, log_level=None, verb_name='build', build_base='build', install_base='install', merge_install=False, symlink_install=True, test_result_base=None, continue_on_error=False, executor='parallel', parallel_workers=6, event_handlers=None, ignore_user_meta=False, metas=['./colcon.meta'], base_paths=['.'], packages_ignore=None, packages_ignore_regex=None, paths=None, packages_up_to=None, packages_up_to_regex=None, packages_above=None, packages_above_and_dependencies=None, packages_above_depth=None, packages_select_by_dep=None, packages_skip_by_dep=None, packages_skip_up_to=None, packages_select_build_failed=False, packages_skip_build_finished=False, packages_select_test_failures=False, packages_skip_test_passed=False, packages_select=None, packages_skip=None, packages_select_regex=None, packages_skip_regex=None, packages_start=None, packages_end=None, allow_overriding=[], cmake_args=None, cmake_target=None, cmake_target_skip_unavailable=False, cmake_clean_cache=False, cmake_clean_first=False, cmake_force_configure=False, ament_cmake_args=None, catkin_cmake_args=None, catkin_skip_building_tests=False, verb_parser=<colcon_defaults.argument_parser.defaults.DefaultArgumentsDecorator object at 0x7fc178d6bf10>, verb_extension=<colcon_core.verb.build.BuildVerb object at 0x7fc1791d86d0>, main=<bound method BuildVerb.main of <colcon_core.verb.build.BuildVerb object at 0x7fc1791d86d0>>)
[1.085s] Level 1:colcon.colcon_core.package_discovery:discover_packages(colcon_meta) check parameters
[1.085s] Level 1:colcon.colcon_core.package_discovery:discover_packages(recursive) check parameters
[1.085s] Level 1:colcon.colcon_core.package_discovery:discover_packages(ignore) check parameters
[1.085s] Level 1:colcon.colcon_core.package_discovery:discover_packages(path) check parameters
[1.085s] Level 1:colcon.colcon_core.package_discovery:discover_packages(colcon_meta) discover
[1.085s] Level 1:colcon.colcon_core.package_discovery:discover_packages(recursive) discover
[1.085s] INFO:colcon.colcon_core.package_discovery:Crawling recursively for packages in '/home/linux/UWU-Blobfish'
[1.085s] Level 1:colcon.colcon_core.package_identification:_identify(.) by extensions ['ignore', 'ignore_ament_install']
[1.085s] Level 1:colcon.colcon_core.package_identification:_identify(.) by extension 'ignore'
[1.085s] Level 1:colcon.colcon_core.package_identification:_identify(.) by extension 'ignore_ament_install'
[1.085s] Level 1:colcon.colcon_core.package_identification:_identify(.) by extensions ['colcon_pkg']
[1.085s] Level 1:colcon.colcon_core.package_identification:_identify(.) by extension 'colcon_pkg'
[1.085s] Level 1:colcon.colcon_core.package_identification:_identify(.) by extensions ['colcon_meta']
[1.085s] Level 1:colcon.colcon_core.package_identification:_identify(.) by extension 'colcon_meta'
[1.086s] Level 1:colcon.colcon_core.package_identification:_identify(.) by extensions ['ros']
[1.086s] Level 1:colcon.colcon_core.package_identification:_identify(.) by extension 'ros'
[1.097s] Level 1:colcon.colcon_core.package_identification:_identify(.) by extensions ['cmake', 'python']
[1.097s] Level 1:colcon.colcon_core.package_identification:_identify(.) by extension 'cmake'
[1.097s] Level 1:colcon.colcon_core.package_identification:_identify(.) by extension 'python'
[1.097s] Level 1:colcon.colcon_core.package_identification:_identify(.) by extensions ['python_setup_py']
[1.097s] Level 1:colcon.colcon_core.package_identification:_identify(.) by extension 'python_setup_py'
[1.097s] Level 1:colcon.colcon_core.package_identification:_identify(arduino) by extensions ['ignore', 'ignore_ament_install']
[1.097s] Level 1:colcon.colcon_core.package_identification:_identify(arduino) by extension 'ignore'
[1.097s] Level 1:colcon.colcon_core.package_identification:_identify(arduino) by extension 'ignore_ament_install'
[1.097s] Level 1:colcon.colcon_core.package_identification:_identify(arduino) by extensions ['colcon_pkg']
[1.097s] Level 1:colcon.colcon_core.package_identification:_identify(arduino) by extension 'colcon_pkg'
[1.097s] Level 1:colcon.colcon_core.package_identification:_identify(arduino) by extensions ['colcon_meta']
[1.097s] Level 1:colcon.colcon_core.package_identification:_identify(arduino) by extension 'colcon_meta'
[1.097s] Level 1:colcon.colcon_core.package_identification:_identify(arduino) by extensions ['ros']
[1.097s] Level 1:colcon.colcon_core.package_identification:_identify(arduino) by extension 'ros'
[1.097s] Level 1:colcon.colcon_core.package_identification:_identify(arduino) by extensions ['cmake', 'python']
[1.097s] Level 1:colcon.colcon_core.package_identification:_identify(arduino) by extension 'cmake'
[1.097s] Level 1:colcon.colcon_core.package_identification:_identify(arduino) by extension 'python'
[1.098s] Level 1:colcon.colcon_core.package_identification:_identify(arduino) by extensions ['python_setup_py']
[1.098s] Level 1:colcon.colcon_core.package_identification:_identify(arduino) by extension 'python_setup_py'
[1.098s] Level 1:colcon.colcon_core.package_identification:_identify(arduino/main) by extensions ['ignore', 'ignore_ament_install']
[1.098s] Level 1:colcon.colcon_core.package_identification:_identify(arduino/main) by extension 'ignore'
[1.098s] Level 1:colcon.colcon_core.package_identification:_identify(arduino/main) by extension 'ignore_ament_install'
[1.098s] Level 1:colcon.colcon_core.package_identification:_identify(arduino/main) by extensions ['colcon_pkg']
[1.098s] Level 1:colcon.colcon_core.package_identification:_identify(arduino/main) by extension 'colcon_pkg'
[1.098s] Level 1:colcon.colcon_core.package_identification:_identify(arduino/main) by extensions ['colcon_meta']
[1.098s] Level 1:colcon.colcon_core.package_identification:_identify(arduino/main) by extension 'colcon_meta'
[1.098s] Level 1:colcon.colcon_core.package_identification:_identify(arduino/main) by extensions ['ros']
[1.098s] Level 1:colcon.colcon_core.package_identification:_identify(arduino/main) by extension 'ros'
[1.098s] Level 1:colcon.colcon_core.package_identification:_identify(arduino/main) by extensions ['cmake', 'python']
[1.098s] Level 1:colcon.colcon_core.package_identification:_identify(arduino/main) by extension 'cmake'
[1.098s] Level 1:colcon.colcon_core.package_identification:_identify(arduino/main) by extension 'python'
[1.098s] Level 1:colcon.colcon_core.package_identification:_identify(arduino/main) by extensions ['python_setup_py']
[1.098s] Level 1:colcon.colcon_core.package_identification:_identify(arduino/main) by extension 'python_setup_py'
[1.098s] Level 1:colcon.colcon_core.package_identification:_identify(build) by extensions ['ignore', 'ignore_ament_install']
[1.098s] Level 1:colcon.colcon_core.package_identification:_identify(build) by extension 'ignore'
[1.098s] Level 1:colcon.colcon_core.package_identification:_identify(build) ignored
[1.098s] Level 1:colcon.colcon_core.package_identification:_identify(docker) by extensions ['ignore', 'ignore_ament_install']
[1.099s] Level 1:colcon.colcon_core.package_identification:_identify(docker) by extension 'ignore'
[1.099s] Level 1:colcon.colcon_core.package_identification:_identify(docker) by extension 'ignore_ament_install'
[1.099s] Level 1:colcon.colcon_core.package_identification:_identify(docker) by extensions ['colcon_pkg']
[1.099s] Level 1:colcon.colcon_core.package_identification:_identify(docker) by extension 'colcon_pkg'
[1.099s] Level 1:colcon.colcon_core.package_identification:_identify(docker) by extensions ['colcon_meta']
[1.099s] Level 1:colcon.colcon_core.package_identification:_identify(docker) by extension 'colcon_meta'
[1.099s] Level 1:colcon.colcon_core.package_identification:_identify(docker) by extensions ['ros']
[1.099s] Level 1:colcon.colcon_core.package_identification:_identify(docker) by extension 'ros'
[1.099s] Level 1:colcon.colcon_core.package_identification:_identify(docker) by extensions ['cmake', 'python']
[1.099s] Level 1:colcon.colcon_core.package_identification:_identify(docker) by extension 'cmake'
[1.099s] Level 1:colcon.colcon_core.package_identification:_identify(docker) by extension 'python'
[1.099s] Level 1:colcon.colcon_core.package_identification:_identify(docker) by extensions ['python_setup_py']
[1.099s] Level 1:colcon.colcon_core.package_identification:_identify(docker) by extension 'python_setup_py'
[1.099s] Level 1:colcon.colcon_core.package_identification:_identify(install) by extensions ['ignore', 'ignore_ament_install']
[1.099s] Level 1:colcon.colcon_core.package_identification:_identify(install) by extension 'ignore'
[1.099s] Level 1:colcon.colcon_core.package_identification:_identify(install) ignored
[1.099s] Level 1:colcon.colcon_core.package_identification:_identify(log) by extensions ['ignore', 'ignore_ament_install']
[1.100s] Level 1:colcon.colcon_core.package_identification:_identify(log) by extension 'ignore'
[1.100s] Level 1:colcon.colcon_core.package_identification:_identify(log) ignored
[1.100s] Level 1:colcon.colcon_core.package_identification:_identify(uwu_main) by extensions ['ignore', 'ignore_ament_install']
[1.100s] Level 1:colcon.colcon_core.package_identification:_identify(uwu_main) by extension 'ignore'
[1.100s] Level 1:colcon.colcon_core.package_identification:_identify(uwu_main) by extension 'ignore_ament_install'
[1.100s] Level 1:colcon.colcon_core.package_identification:_identify(uwu_main) by extensions ['colcon_pkg']
[1.100s] Level 1:colcon.colcon_core.package_identification:_identify(uwu_main) by extension 'colcon_pkg'
[1.100s] Level 1:colcon.colcon_core.package_identification:_identify(uwu_main) by extensions ['colcon_meta']
[1.100s] Level 1:colcon.colcon_core.package_identification:_identify(uwu_main) by extension 'colcon_meta'
[1.100s] Level 1:colcon.colcon_core.package_identification:_identify(uwu_main) by extensions ['ros']
[1.100s] Level 1:colcon.colcon_core.package_identification:_identify(uwu_main) by extension 'ros'
[1.100s] Level 1:colcon.colcon_core.package_identification:_identify(uwu_main) by extensions ['cmake', 'python']
[1.100s] Level 1:colcon.colcon_core.package_identification:_identify(uwu_main) by extension 'cmake'
[1.100s] Level 1:colcon.colcon_core.package_identification:_identify(uwu_main) by extension 'python'
[1.100s] Level 1:colcon.colcon_core.package_identification:_identify(uwu_main) by extensions ['python_setup_py']
[1.100s] Level 1:colcon.colcon_core.package_identification:_identify(uwu_main) by extension 'python_setup_py'
[1.100s] Level 1:colcon.colcon_core.package_identification:_identify(uwu_main/src) by extensions ['ignore', 'ignore_ament_install']
[1.100s] Level 1:colcon.colcon_core.package_identification:_identify(uwu_main/src) by extension 'ignore'
[1.100s] Level 1:colcon.colcon_core.package_identification:_identify(uwu_main/src) by extension 'ignore_ament_install'
[1.100s] Level 1:colcon.colcon_core.package_identification:_identify(uwu_main/src) by extensions ['colcon_pkg']
[1.100s] Level 1:colcon.colcon_core.package_identification:_identify(uwu_main/src) by extension 'colcon_pkg'
[1.100s] Level 1:colcon.colcon_core.package_identification:_identify(uwu_main/src) by extensions ['colcon_meta']
[1.100s] Level 1:colcon.colcon_core.package_identification:_identify(uwu_main/src) by extension 'colcon_meta'
[1.100s] Level 1:colcon.colcon_core.package_identification:_identify(uwu_main/src) by extensions ['ros']
[1.101s] Level 1:colcon.colcon_core.package_identification:_identify(uwu_main/src) by extension 'ros'
[1.101s] Level 1:colcon.colcon_core.package_identification:_identify(uwu_main/src) by extensions ['cmake', 'python']
[1.101s] Level 1:colcon.colcon_core.package_identification:_identify(uwu_main/src) by extension 'cmake'
[1.101s] Level 1:colcon.colcon_core.package_identification:_identify(uwu_main/src) by extension 'python'
[1.101s] Level 1:colcon.colcon_core.package_identification:_identify(uwu_main/src) by extensions ['python_setup_py']
[1.101s] Level 1:colcon.colcon_core.package_identification:_identify(uwu_main/src) by extension 'python_setup_py'
[1.101s] Level 1:colcon.colcon_core.package_identification:_identify(uwu_main/src/arduino_bridge) by extensions ['ignore', 'ignore_ament_install']
[1.101s] Level 1:colcon.colcon_core.package_identification:_identify(uwu_main/src/arduino_bridge) by extension 'ignore'
[1.101s] Level 1:colcon.colcon_core.package_identification:_identify(uwu_main/src/arduino_bridge) by extension 'ignore_ament_install'
[1.101s] Level 1:colcon.colcon_core.package_identification:_identify(uwu_main/src/arduino_bridge) by extensions ['colcon_pkg']
[1.101s] Level 1:colcon.colcon_core.package_identification:_identify(uwu_main/src/arduino_bridge) by extension 'colcon_pkg'
[1.101s] Level 1:colcon.colcon_core.package_identification:_identify(uwu_main/src/arduino_bridge) by extensions ['colcon_meta']
[1.101s] Level 1:colcon.colcon_core.package_identification:_identify(uwu_main/src/arduino_bridge) by extension 'colcon_meta'
[1.101s] Level 1:colcon.colcon_core.package_identification:_identify(uwu_main/src/arduino_bridge) by extensions ['ros']
[1.101s] Level 1:colcon.colcon_core.package_identification:_identify(uwu_main/src/arduino_bridge) by extension 'ros'
[1.103s] DEBUG:colcon.colcon_core.package_identification:Package 'uwu_main/src/arduino_bridge' with type 'ros.ament_python' and name 'arduino_bridge'
[1.103s] Level 1:colcon.colcon_core.package_identification:_identify(uwu_main/src/motor_msg) by extensions ['ignore', 'ignore_ament_install']
[1.103s] Level 1:colcon.colcon_core.package_identification:_identify(uwu_main/src/motor_msg) by extension 'ignore'
[1.103s] Level 1:colcon.colcon_core.package_identification:_identify(uwu_main/src/motor_msg) by extension 'ignore_ament_install'
[1.103s] Level 1:colcon.colcon_core.package_identification:_identify(uwu_main/src/motor_msg) by extensions ['colcon_pkg']
[1.103s] Level 1:colcon.colcon_core.package_identification:_identify(uwu_main/src/motor_msg) by extension 'colcon_pkg'
[1.103s] Level 1:colcon.colcon_core.package_identification:_identify(uwu_main/src/motor_msg) by extensions ['colcon_meta']
[1.103s] Level 1:colcon.colcon_core.package_identification:_identify(uwu_main/src/motor_msg) by extension 'colcon_meta'
[1.103s] Level 1:colcon.colcon_core.package_identification:_identify(uwu_main/src/motor_msg) by extensions ['ros']
[1.103s] Level 1:colcon.colcon_core.package_identification:_identify(uwu_main/src/motor_msg) by extension 'ros'
[1.104s] DEBUG:colcon.colcon_core.package_identification:Package 'uwu_main/src/motor_msg' with type 'ros.ament_cmake' and name 'motor_msg'
[1.104s] Level 1:colcon.colcon_core.package_identification:_identify(uwu_main/src/pid_package) by extensions ['ignore', 'ignore_ament_install']
[1.104s] Level 1:colcon.colcon_core.package_identification:_identify(uwu_main/src/pid_package) by extension 'ignore'
[1.104s] Level 1:colcon.colcon_core.package_identification:_identify(uwu_main/src/pid_package) by extension 'ignore_ament_install'
[1.104s] Level 1:colcon.colcon_core.package_identification:_identify(uwu_main/src/pid_package) by extensions ['colcon_pkg']
[1.104s] Level 1:colcon.colcon_core.package_identification:_identify(uwu_main/src/pid_package) by extension 'colcon_pkg'
[1.104s] Level 1:colcon.colcon_core.package_identification:_identify(uwu_main/src/pid_package) by extensions ['colcon_meta']
[1.104s] Level 1:colcon.colcon_core.package_identification:_identify(uwu_main/src/pid_package) by extension 'colcon_meta'
[1.104s] Level 1:colcon.colcon_core.package_identification:_identify(uwu_main/src/pid_package) by extensions ['ros']
[1.104s] Level 1:colcon.colcon_core.package_identification:_identify(uwu_main/src/pid_package) by extension 'ros'
[1.105s] DEBUG:colcon.colcon_core.package_identification:Package 'uwu_main/src/pid_package' with type 'ros.ament_python' and name 'pid_package'
[1.105s] Level 1:colcon.colcon_core.package_identification:_identify(uwu_main/src/thruster_manager) by extensions ['ignore', 'ignore_ament_install']
[1.105s] Level 1:colcon.colcon_core.package_identification:_identify(uwu_main/src/thruster_manager) by extension 'ignore'
[1.105s] Level 1:colcon.colcon_core.package_identification:_identify(uwu_main/src/thruster_manager) by extension 'ignore_ament_install'
[1.106s] Level 1:colcon.colcon_core.package_identification:_identify(uwu_main/src/thruster_manager) by extensions ['colcon_pkg']
[1.106s] Level 1:colcon.colcon_core.package_identification:_identify(uwu_main/src/thruster_manager) by extension 'colcon_pkg'
[1.106s] Level 1:colcon.colcon_core.package_identification:_identify(uwu_main/src/thruster_manager) by extensions ['colcon_meta']
[1.106s] Level 1:colcon.colcon_core.package_identification:_identify(uwu_main/src/thruster_manager) by extension 'colcon_meta'
[1.106s] Level 1:colcon.colcon_core.package_identification:_identify(uwu_main/src/thruster_manager) by extensions ['ros']
[1.106s] Level 1:colcon.colcon_core.package_identification:_identify(uwu_main/src/thruster_manager) by extension 'ros'
[1.106s] DEBUG:colcon.colcon_core.package_identification:Package 'uwu_main/src/thruster_manager' with type 'ros.ament_python' and name 'thruster_manager'
[1.106s] Level 1:colcon.colcon_core.package_identification:_identify(uwu_main/vectornav) by extensions ['ignore', 'ignore_ament_install']
[1.106s] Level 1:colcon.colcon_core.package_identification:_identify(uwu_main/vectornav) by extension 'ignore'
[1.106s] Level 1:colcon.colcon_core.package_identification:_identify(uwu_main/vectornav) by extension 'ignore_ament_install'
[1.106s] Level 1:colcon.colcon_core.package_identification:_identify(uwu_main/vectornav) by extensions ['colcon_pkg']
[1.106s] Level 1:colcon.colcon_core.package_identification:_identify(uwu_main/vectornav) by extension 'colcon_pkg'
[1.107s] Level 1:colcon.colcon_core.package_identification:_identify(uwu_main/vectornav) by extensions ['colcon_meta']
[1.107s] Level 1:colcon.colcon_core.package_identification:_identify(uwu_main/vectornav) by extension 'colcon_meta'
[1.107s] Level 1:colcon.colcon_core.package_identification:_identify(uwu_main/vectornav) by extensions ['ros']
[1.107s] Level 1:colcon.colcon_core.package_identification:_identify(uwu_main/vectornav) by extension 'ros'
[1.107s] Level 1:colcon.colcon_core.package_identification:_identify(uwu_main/vectornav) by extensions ['cmake', 'python']
[1.107s] Level 1:colcon.colcon_core.package_identification:_identify(uwu_main/vectornav) by extension 'cmake'
[1.107s] Level 1:colcon.colcon_core.package_identification:_identify(uwu_main/vectornav) by extension 'python'
[1.107s] Level 1:colcon.colcon_core.package_identification:_identify(uwu_main/vectornav) by extensions ['python_setup_py']
[1.107s] Level 1:colcon.colcon_core.package_identification:_identify(uwu_main/vectornav) by extension 'python_setup_py'
[1.107s] Level 1:colcon.colcon_core.package_identification:_identify(uwu_main/vectornav/vectornav) by extensions ['ignore', 'ignore_ament_install']
[1.107s] Level 1:colcon.colcon_core.package_identification:_identify(uwu_main/vectornav/vectornav) by extension 'ignore'
[1.107s] Level 1:colcon.colcon_core.package_identification:_identify(uwu_main/vectornav/vectornav) by extension 'ignore_ament_install'
[1.107s] Level 1:colcon.colcon_core.package_identification:_identify(uwu_main/vectornav/vectornav) by extensions ['colcon_pkg']
[1.107s] Level 1:colcon.colcon_core.package_identification:_identify(uwu_main/vectornav/vectornav) by extension 'colcon_pkg'
[1.107s] Level 1:colcon.colcon_core.package_identification:_identify(uwu_main/vectornav/vectornav) by extensions ['colcon_meta']
[1.107s] Level 1:colcon.colcon_core.package_identification:_identify(uwu_main/vectornav/vectornav) by extension 'colcon_meta'
[1.107s] Level 1:colcon.colcon_core.package_identification:_identify(uwu_main/vectornav/vectornav) by extensions ['ros']
[1.107s] Level 1:colcon.colcon_core.package_identification:_identify(uwu_main/vectornav/vectornav) by extension 'ros'
[1.108s] DEBUG:colcon.colcon_core.package_identification:Package 'uwu_main/vectornav/vectornav' with type 'ros.ament_cmake' and name 'vectornav'
[1.108s] Level 1:colcon.colcon_core.package_identification:_identify(uwu_main/vectornav/vectornav_msgs) by extensions ['ignore', 'ignore_ament_install']
[1.108s] Level 1:colcon.colcon_core.package_identification:_identify(uwu_main/vectornav/vectornav_msgs) by extension 'ignore'
[1.108s] Level 1:colcon.colcon_core.package_identification:_identify(uwu_main/vectornav/vectornav_msgs) by extension 'ignore_ament_install'
[1.108s] Level 1:colcon.colcon_core.package_identification:_identify(uwu_main/vectornav/vectornav_msgs) by extensions ['colcon_pkg']
[1.108s] Level 1:colcon.colcon_core.package_identification:_identify(uwu_main/vectornav/vectornav_msgs) by extension 'colcon_pkg'
[1.108s] Level 1:colcon.colcon_core.package_identification:_identify(uwu_main/vectornav/vectornav_msgs) by extensions ['colcon_meta']
[1.108s] Level 1:colcon.colcon_core.package_identification:_identify(uwu_main/vectornav/vectornav_msgs) by extension 'colcon_meta'
[1.108s] Level 1:colcon.colcon_core.package_identification:_identify(uwu_main/vectornav/vectornav_msgs) by extensions ['ros']
[1.108s] Level 1:colcon.colcon_core.package_identification:_identify(uwu_main/vectornav/vectornav_msgs) by extension 'ros'
[1.109s] DEBUG:colcon.colcon_core.package_identification:Package 'uwu_main/vectornav/vectornav_msgs' with type 'ros.ament_cmake' and name 'vectornav_msgs'
[1.109s] Level 1:colcon.colcon_core.package_discovery:discover_packages(recursive) using defaults
[1.109s] Level 1:colcon.colcon_core.package_discovery:discover_packages(ignore) discover
[1.109s] Level 1:colcon.colcon_core.package_discovery:discover_packages(ignore) using defaults
[1.109s] Level 1:colcon.colcon_core.package_discovery:discover_packages(path) discover
[1.109s] Level 1:colcon.colcon_core.package_discovery:discover_packages(path) using defaults
[1.220s] Level 1:colcon.colcon_core.package_discovery:discover_packages(prefix_path) check parameters
[1.220s] Level 1:colcon.colcon_core.package_discovery:discover_packages(prefix_path) discover
[1.253s] DEBUG:colcon.colcon_installed_package_information.package_discovery:Found 320 installed packages in /opt/ros/humble
[1.255s] Level 1:colcon.colcon_core.package_discovery:discover_packages(prefix_path) using defaults
[1.358s] Level 5:colcon.colcon_core.verb:set package 'motor_msg' build argument 'cmake_args' from command line to 'None'
[1.358s] Level 5:colcon.colcon_core.verb:set package 'motor_msg' build argument 'cmake_target' from command line to 'None'
[1.358s] Level 5:colcon.colcon_core.verb:set package 'motor_msg' build argument 'cmake_target_skip_unavailable' from command line to 'False'
[1.358s] Level 5:colcon.colcon_core.verb:set package 'motor_msg' build argument 'cmake_clean_cache' from command line to 'False'
[1.358s] Level 5:colcon.colcon_core.verb:set package 'motor_msg' build argument 'cmake_clean_first' from command line to 'False'
[1.358s] Level 5:colcon.colcon_core.verb:set package 'motor_msg' build argument 'cmake_force_configure' from command line to 'False'
[1.358s] Level 5:colcon.colcon_core.verb:set package 'motor_msg' build argument 'ament_cmake_args' from command line to 'None'
[1.359s] Level 5:colcon.colcon_core.verb:set package 'motor_msg' build argument 'catkin_cmake_args' from command line to 'None'
[1.359s] Level 5:colcon.colcon_core.verb:set package 'motor_msg' build argument 'catkin_skip_building_tests' from command line to 'False'
[1.359s] DEBUG:colcon.colcon_core.verb:Building package 'motor_msg' with the following arguments: {'ament_cmake_args': None, 'build_base': '/home/linux/UWU-Blobfish/build/motor_msg', 'catkin_cmake_args': None, 'catkin_skip_building_tests': False, 'cmake_args': None, 'cmake_clean_cache': False, 'cmake_clean_first': False, 'cmake_force_configure': False, 'cmake_target': None, 'cmake_target_skip_unavailable': False, 'install_base': '/home/linux/UWU-Blobfish/install/motor_msg', 'merge_install': False, 'path': '/home/linux/UWU-Blobfish/uwu_main/src/motor_msg', 'symlink_install': True, 'test_result_base': None}
[1.373s] Level 5:colcon.colcon_core.verb:set package 'pid_package' build argument 'cmake_args' from command line to 'None'
[1.373s] Level 5:colcon.colcon_core.verb:set package 'pid_package' build argument 'cmake_target' from command line to 'None'
[1.373s] Level 5:colcon.colcon_core.verb:set package 'pid_package' build argument 'cmake_target_skip_unavailable' from command line to 'False'
[1.373s] Level 5:colcon.colcon_core.verb:set package 'pid_package' build argument 'cmake_clean_cache' from command line to 'False'
[1.373s] Level 5:colcon.colcon_core.verb:set package 'pid_package' build argument 'cmake_clean_first' from command line to 'False'
[1.373s] Level 5:colcon.colcon_core.verb:set package 'pid_package' build argument 'cmake_force_configure' from command line to 'False'
[1.373s] Level 5:colcon.colcon_core.verb:set package 'pid_package' build argument 'ament_cmake_args' from command line to 'None'
[1.373s] Level 5:colcon.colcon_core.verb:set package 'pid_package' build argument 'catkin_cmake_args' from command line to 'None'
[1.373s] Level 5:colcon.colcon_core.verb:set package 'pid_package' build argument 'catkin_skip_building_tests' from command line to 'False'
[1.374s] DEBUG:colcon.colcon_core.verb:Building package 'pid_package' with the following arguments: {'ament_cmake_args': None, 'build_base': '/home/linux/UWU-Blobfish/build/pid_package', 'catkin_cmake_args': None, 'catkin_skip_building_tests': False, 'cmake_args': None, 'cmake_clean_cache': False, 'cmake_clean_first': False, 'cmake_force_configure': False, 'cmake_target': None, 'cmake_target_skip_unavailable': False, 'install_base': '/home/linux/UWU-Blobfish/install/pid_package', 'merge_install': False, 'path': '/home/linux/UWU-Blobfish/uwu_main/src/pid_package', 'symlink_install': True, 'test_result_base': None}
[1.389s] Level 5:colcon.colcon_core.verb:set package 'vectornav_msgs' build argument 'cmake_args' from command line to 'None'
[1.389s] Level 5:colcon.colcon_core.verb:set package 'vectornav_msgs' build argument 'cmake_target' from command line to 'None'
[1.389s] Level 5:colcon.colcon_core.verb:set package 'vectornav_msgs' build argument 'cmake_target_skip_unavailable' from command line to 'False'
[1.389s] Level 5:colcon.colcon_core.verb:set package 'vectornav_msgs' build argument 'cmake_clean_cache' from command line to 'False'
[1.389s] Level 5:colcon.colcon_core.verb:set package 'vectornav_msgs' build argument 'cmake_clean_first' from command line to 'False'
[1.389s] Level 5:colcon.colcon_core.verb:set package 'vectornav_msgs' build argument 'cmake_force_configure' from command line to 'False'
[1.389s] Level 5:colcon.colcon_core.verb:set package 'vectornav_msgs' build argument 'ament_cmake_args' from command line to 'None'
[1.389s] Level 5:colcon.colcon_core.verb:set package 'vectornav_msgs' build argument 'catkin_cmake_args' from command line to 'None'
[1.389s] Level 5:colcon.colcon_core.verb:set package 'vectornav_msgs' build argument 'catkin_skip_building_tests' from command line to 'False'
[1.389s] DEBUG:colcon.colcon_core.verb:Building package 'vectornav_msgs' with the following arguments: {'ament_cmake_args': None, 'build_base': '/home/linux/UWU-Blobfish/build/vectornav_msgs', 'catkin_cmake_args': None, 'catkin_skip_building_tests': False, 'cmake_args': None, 'cmake_clean_cache': False, 'cmake_clean_first': False, 'cmake_force_configure': False, 'cmake_target': None, 'cmake_target_skip_unavailable': False, 'install_base': '/home/linux/UWU-Blobfish/install/vectornav_msgs', 'merge_install': False, 'path': '/home/linux/UWU-Blobfish/uwu_main/vectornav/vectornav_msgs', 'symlink_install': True, 'test_result_base': None}
[1.404s] Level 5:colcon.colcon_core.verb:set package 'arduino_bridge' build argument 'cmake_args' from command line to 'None'
[1.405s] Level 5:colcon.colcon_core.verb:set package 'arduino_bridge' build argument 'cmake_target' from command line to 'None'
[1.405s] Level 5:colcon.colcon_core.verb:set package 'arduino_bridge' build argument 'cmake_target_skip_unavailable' from command line to 'False'
[1.405s] Level 5:colcon.colcon_core.verb:set package 'arduino_bridge' build argument 'cmake_clean_cache' from command line to 'False'
[1.405s] Level 5:colcon.colcon_core.verb:set package 'arduino_bridge' build argument 'cmake_clean_first' from command line to 'False'
[1.405s] Level 5:colcon.colcon_core.verb:set package 'arduino_bridge' build argument 'cmake_force_configure' from command line to 'False'
[1.405s] Level 5:colcon.colcon_core.verb:set package 'arduino_bridge' build argument 'ament_cmake_args' from command line to 'None'
[1.405s] Level 5:colcon.colcon_core.verb:set package 'arduino_bridge' build argument 'catkin_cmake_args' from command line to 'None'
[1.405s] Level 5:colcon.colcon_core.verb:set package 'arduino_bridge' build argument 'catkin_skip_building_tests' from command line to 'False'
[1.405s] DEBUG:colcon.colcon_core.verb:Building package 'arduino_bridge' with the following arguments: {'ament_cmake_args': None, 'build_base': '/home/linux/UWU-Blobfish/build/arduino_bridge', 'catkin_cmake_args': None, 'catkin_skip_building_tests': False, 'cmake_args': None, 'cmake_clean_cache': False, 'cmake_clean_first': False, 'cmake_force_configure': False, 'cmake_target': None, 'cmake_target_skip_unavailable': False, 'install_base': '/home/linux/UWU-Blobfish/install/arduino_bridge', 'merge_install': False, 'path': '/home/linux/UWU-Blobfish/uwu_main/src/arduino_bridge', 'symlink_install': True, 'test_result_base': None}
[1.420s] Level 5:colcon.colcon_core.verb:set package 'thruster_manager' build argument 'cmake_args' from command line to 'None'
[1.420s] Level 5:colcon.colcon_core.verb:set package 'thruster_manager' build argument 'cmake_target' from command line to 'None'
[1.420s] Level 5:colcon.colcon_core.verb:set package 'thruster_manager' build argument 'cmake_target_skip_unavailable' from command line to 'False'
[1.420s] Level 5:colcon.colcon_core.verb:set package 'thruster_manager' build argument 'cmake_clean_cache' from command line to 'False'
[1.420s] Level 5:colcon.colcon_core.verb:set package 'thruster_manager' build argument 'cmake_clean_first' from command line to 'False'
[1.420s] Level 5:colcon.colcon_core.verb:set package 'thruster_manager' build argument 'cmake_force_configure' from command line to 'False'
[1.420s] Level 5:colcon.colcon_core.verb:set package 'thruster_manager' build argument 'ament_cmake_args' from command line to 'None'
[1.420s] Level 5:colcon.colcon_core.verb:set package 'thruster_manager' build argument 'catkin_cmake_args' from command line to 'None'
[1.420s] Level 5:colcon.colcon_core.verb:set package 'thruster_manager' build argument 'catkin_skip_building_tests' from command line to 'False'
[1.420s] DEBUG:colcon.colcon_core.verb:Building package 'thruster_manager' with the following arguments: {'ament_cmake_args': None, 'build_base': '/home/linux/UWU-Blobfish/build/thruster_manager', 'catkin_cmake_args': None, 'catkin_skip_building_tests': False, 'cmake_args': None, 'cmake_clean_cache': False, 'cmake_clean_first': False, 'cmake_force_configure': False, 'cmake_target': None, 'cmake_target_skip_unavailable': False, 'install_base': '/home/linux/UWU-Blobfish/install/thruster_manager', 'merge_install': False, 'path': '/home/linux/UWU-Blobfish/uwu_main/src/thruster_manager', 'symlink_install': True, 'test_result_base': None}
[1.435s] Level 5:colcon.colcon_core.verb:set package 'vectornav' build argument 'cmake_args' from command line to 'None'
[1.435s] Level 5:colcon.colcon_core.verb:set package 'vectornav' build argument 'cmake_target' from command line to 'None'
[1.435s] Level 5:colcon.colcon_core.verb:set package 'vectornav' build argument 'cmake_target_skip_unavailable' from command line to 'False'
[1.435s] Level 5:colcon.colcon_core.verb:set package 'vectornav' build argument 'cmake_clean_cache' from command line to 'False'
[1.435s] Level 5:colcon.colcon_core.verb:set package 'vectornav' build argument 'cmake_clean_first' from command line to 'False'
[1.435s] Level 5:colcon.colcon_core.verb:set package 'vectornav' build argument 'cmake_force_configure' from command line to 'False'
[1.435s] Level 5:colcon.colcon_core.verb:set package 'vectornav' build argument 'ament_cmake_args' from command line to 'None'
[1.435s] Level 5:colcon.colcon_core.verb:set package 'vectornav' build argument 'catkin_cmake_args' from command line to 'None'
[1.435s] Level 5:colcon.colcon_core.verb:set package 'vectornav' build argument 'catkin_skip_building_tests' from command line to 'False'
[1.435s] DEBUG:colcon.colcon_core.verb:Building package 'vectornav' with the following arguments: {'ament_cmake_args': None, 'build_base': '/home/linux/UWU-Blobfish/build/vectornav', 'catkin_cmake_args': None, 'catkin_skip_building_tests': False, 'cmake_args': None, 'cmake_clean_cache': False, 'cmake_clean_first': False, 'cmake_force_configure': False, 'cmake_target': None, 'cmake_target_skip_unavailable': False, 'install_base': '/home/linux/UWU-Blobfish/install/vectornav', 'merge_install': False, 'path': '/home/linux/UWU-Blobfish/uwu_main/vectornav/vectornav', 'symlink_install': True, 'test_result_base': None}
[1.450s] INFO:colcon.colcon_core.executor:Executing jobs using 'parallel' executor
[1.467s] DEBUG:colcon.colcon_parallel_executor.executor.parallel:run_until_complete
[1.467s] INFO:colcon.colcon_ros.task.ament_cmake.build:Building ROS package in '/home/linux/UWU-Blobfish/uwu_main/src/motor_msg' with build type 'ament_cmake'
[1.468s] INFO:colcon.colcon_cmake.task.cmake.build:Building CMake package in '/home/linux/UWU-Blobfish/uwu_main/src/motor_msg'
[1.490s] INFO:colcon.colcon_core.plugin_system:Skipping extension 'colcon_core.shell.bat': Not used on non-Windows systems
[1.490s] INFO:colcon.colcon_core.shell:Skip shell extension 'powershell' for command environment: Not usable outside of PowerShell
[1.490s] DEBUG:colcon.colcon_core.shell:Skip shell extension 'dsv' for command environment
[1.527s] INFO:colcon.colcon_ros.task.ament_cmake.build:Building ROS package in '/home/linux/UWU-Blobfish/uwu_main/vectornav/vectornav_msgs' with build type 'ament_cmake'
[1.527s] INFO:colcon.colcon_cmake.task.cmake.build:Building CMake package in '/home/linux/UWU-Blobfish/uwu_main/vectornav/vectornav_msgs'
[1.545s] INFO:colcon.colcon_core.shell:Skip shell extension 'powershell' for command environment: Not usable outside of PowerShell
[1.545s] DEBUG:colcon.colcon_core.shell:Skip shell extension 'dsv' for command environment
[1.604s] INFO:colcon.colcon_ros.task.ament_python.build:Building ROS package in '/home/linux/UWU-Blobfish/uwu_main/src/pid_package' with build type 'ament_python'
[1.604s] Level 1:colcon.colcon_core.shell:create_environment_hook('pid_package', 'ament_prefix_path')
[1.627s] INFO:colcon.colcon_core.shell:Creating environment hook '/home/linux/UWU-Blobfish/install/pid_package/share/pid_package/hook/ament_prefix_path.ps1'
[1.628s] INFO:colcon.colcon_core.shell:Creating environment descriptor '/home/linux/UWU-Blobfish/install/pid_package/share/pid_package/hook/ament_prefix_path.dsv'
[1.629s] INFO:colcon.colcon_core.shell:Creating environment hook '/home/linux/UWU-Blobfish/install/pid_package/share/pid_package/hook/ament_prefix_path.sh'
[1.659s] INFO:colcon.colcon_core.shell:Skip shell extension 'powershell' for command environment: Not usable outside of PowerShell
[1.659s] DEBUG:colcon.colcon_core.shell:Skip shell extension 'dsv' for command environment
[1.869s] DEBUG:colcon.colcon_core.event_handler.log_command:Invoking command in '/home/linux/UWU-Blobfish/build/motor_msg': CMAKE_PREFIX_PATH=/opt/ros/humble /usr/bin/cmake /home/linux/UWU-Blobfish/uwu_main/src/motor_msg -DAMENT_CMAKE_SYMLINK_INSTALL=1 -DCMAKE_INSTALL_PREFIX=/home/linux/UWU-Blobfish/install/motor_msg
[1.874s] DEBUG:colcon.colcon_core.event_handler.log_command:Invoking command in '/home/linux/UWU-Blobfish/build/vectornav_msgs': CMAKE_PREFIX_PATH=/opt/ros/humble /usr/bin/cmake /home/linux/UWU-Blobfish/uwu_main/vectornav/vectornav_msgs -DAMENT_CMAKE_SYMLINK_INSTALL=1 -DCMAKE_INSTALL_PREFIX=/home/linux/UWU-Blobfish/install/vectornav_msgs
[2.466s] INFO:colcon.colcon_core.task.python.build:Building Python package in '/home/linux/UWU-Blobfish/uwu_main/src/pid_package'
[2.594s] INFO:colcon.colcon_core.shell:Skip shell extension 'powershell' for command environment: Not usable outside of PowerShell
[2.605s] DEBUG:colcon.colcon_core.shell:Skip shell extension 'dsv' for command environment
[3.367s] DEBUG:colcon.colcon_core.event_handler.log_command:Invoking command in '/home/linux/UWU-Blobfish/build/pid_package': PYTHONPATH=/home/linux/UWU-Blobfish/build/pid_package/prefix_override:/home/linux/UWU-Blobfish/install/pid_package/lib/python3.10/site-packages:${PYTHONPATH} /usr/bin/python3 setup.py develop --editable --build-directory /home/linux/UWU-Blobfish/build/pid_package/build --no-deps install_data
[3.980s] Level 1:colcon.colcon_core.shell:create_environment_hook('pid_package', 'pythonpath_develop')
[3.988s] DEBUG:colcon.colcon_core.event_handler.log_command:Invoked command in '/home/linux/UWU-Blobfish/build/pid_package' returned '0': PYTHONPATH=/home/linux/UWU-Blobfish/build/pid_package/prefix_override:/home/linux/UWU-Blobfish/install/pid_package/lib/python3.10/site-packages:${PYTHONPATH} /usr/bin/python3 setup.py develop --editable --build-directory /home/linux/UWU-Blobfish/build/pid_package/build --no-deps install_data
[3.999s] INFO:colcon.colcon_core.shell:Creating environment hook '/home/linux/UWU-Blobfish/build/pid_package/share/pid_package/hook/pythonpath_develop.ps1'
[4.001s] INFO:colcon.colcon_core.shell:Creating environment descriptor '/home/linux/UWU-Blobfish/build/pid_package/share/pid_package/hook/pythonpath_develop.dsv'
[4.002s] INFO:colcon.colcon_core.shell:Creating environment hook '/home/linux/UWU-Blobfish/build/pid_package/share/pid_package/hook/pythonpath_develop.sh'
[4.059s] Level 1:colcon.colcon_core.environment:checking '/home/linux/UWU-Blobfish/install/pid_package' for CMake module files
[4.059s] Level 1:colcon.colcon_core.environment:checking '/home/linux/UWU-Blobfish/install/pid_package' for CMake config files
[4.062s] Level 1:colcon.colcon_core.environment:checking '/home/linux/UWU-Blobfish/install/pid_package/lib'
[4.062s] Level 1:colcon.colcon_core.environment:checking '/home/linux/UWU-Blobfish/install/pid_package/bin'
[4.062s] Level 1:colcon.colcon_core.environment:checking '/home/linux/UWU-Blobfish/install/pid_package/lib/pkgconfig/pid_package.pc'
[4.062s] Level 1:colcon.colcon_core.environment:checking '/home/linux/UWU-Blobfish/install/pid_package/lib/python3.10/site-packages'
[4.062s] Level 1:colcon.colcon_core.shell:create_environment_hook('pid_package', 'pythonpath')
[4.088s] INFO:colcon.colcon_core.shell:Creating environment hook '/home/linux/UWU-Blobfish/install/pid_package/share/pid_package/hook/pythonpath.ps1'
[4.088s] INFO:colcon.colcon_core.shell:Creating environment descriptor '/home/linux/UWU-Blobfish/install/pid_package/share/pid_package/hook/pythonpath.dsv'
[4.088s] INFO:colcon.colcon_core.shell:Creating environment hook '/home/linux/UWU-Blobfish/install/pid_package/share/pid_package/hook/pythonpath.sh'
[4.089s] Level 1:colcon.colcon_core.environment:checking '/home/linux/UWU-Blobfish/install/pid_package/bin'
[4.089s] Level 1:colcon.colcon_core.environment:create_environment_scripts_only(pid_package)
[4.104s] INFO:colcon.colcon_core.shell:Creating package script '/home/linux/UWU-Blobfish/install/pid_package/share/pid_package/package.ps1'
[4.105s] INFO:colcon.colcon_core.shell:Creating package descriptor '/home/linux/UWU-Blobfish/install/pid_package/share/pid_package/package.dsv'
[4.106s] INFO:colcon.colcon_core.shell:Creating package script '/home/linux/UWU-Blobfish/install/pid_package/share/pid_package/package.sh'
[4.107s] INFO:colcon.colcon_core.shell:Creating package script '/home/linux/UWU-Blobfish/install/pid_package/share/pid_package/package.bash'
[4.107s] INFO:colcon.colcon_core.shell:Creating package script '/home/linux/UWU-Blobfish/install/pid_package/share/pid_package/package.zsh'
[4.108s] Level 1:colcon.colcon_core.environment:create_file_with_runtime_dependencies(/home/linux/UWU-Blobfish/install/pid_package/share/colcon-core/packages/pid_package)
[4.654s] DEBUG:colcon.colcon_core.event_handler.log_command:Invoked command in '/home/linux/UWU-Blobfish/build/motor_msg' returned '0': CMAKE_PREFIX_PATH=/opt/ros/humble /usr/bin/cmake /home/linux/UWU-Blobfish/uwu_main/src/motor_msg -DAMENT_CMAKE_SYMLINK_INSTALL=1 -DCMAKE_INSTALL_PREFIX=/home/linux/UWU-Blobfish/install/motor_msg
[4.657s] DEBUG:colcon.colcon_core.event_handler.log_command:Invoking command in '/home/linux/UWU-Blobfish/build/motor_msg': CMAKE_PREFIX_PATH=/opt/ros/humble /usr/bin/cmake --build /home/linux/UWU-Blobfish/build/motor_msg -- -j6 -l6
[5.763s] DEBUG:colcon.colcon_core.event_handler.log_command:Invoked command in '/home/linux/UWU-Blobfish/build/vectornav_msgs' returned '0': CMAKE_PREFIX_PATH=/opt/ros/humble /usr/bin/cmake /home/linux/UWU-Blobfish/uwu_main/vectornav/vectornav_msgs -DAMENT_CMAKE_SYMLINK_INSTALL=1 -DCMAKE_INSTALL_PREFIX=/home/linux/UWU-Blobfish/install/vectornav_msgs
[5.771s] DEBUG:colcon.colcon_core.event_handler.log_command:Invoking command in '/home/linux/UWU-Blobfish/build/vectornav_msgs': CMAKE_PREFIX_PATH=/opt/ros/humble /usr/bin/cmake --build /home/linux/UWU-Blobfish/build/vectornav_msgs -- -j6 -l6
[9.681s] DEBUG:colcon.colcon_core.event_handler.log_command:Invoked command in '/home/linux/UWU-Blobfish/build/motor_msg' returned '0': CMAKE_PREFIX_PATH=/opt/ros/humble /usr/bin/cmake --build /home/linux/UWU-Blobfish/build/motor_msg -- -j6 -l6
[9.910s] DEBUG:colcon.colcon_core.event_handler.log_command:Invoking command in '/home/linux/UWU-Blobfish/build/motor_msg': CMAKE_PREFIX_PATH=/opt/ros/humble /usr/bin/cmake --install /home/linux/UWU-Blobfish/build/motor_msg
[10.988s] Level 1:colcon.colcon_core.environment:create_environment_scripts_only(motor_msg)
[10.991s] DEBUG:colcon.colcon_core.event_handler.log_command:Invoked command in '/home/linux/UWU-Blobfish/build/motor_msg' returned '0': CMAKE_PREFIX_PATH=/opt/ros/humble /usr/bin/cmake --install /home/linux/UWU-Blobfish/build/motor_msg
[11.007s] Level 1:colcon.colcon_core.environment:checking '/home/linux/UWU-Blobfish/install/motor_msg' for CMake module files
[11.008s] Level 1:colcon.colcon_core.environment:checking '/home/linux/UWU-Blobfish/install/motor_msg' for CMake config files
[11.008s] Level 1:colcon.colcon_core.shell:create_environment_hook('motor_msg', 'cmake_prefix_path')
[11.025s] INFO:colcon.colcon_core.shell:Creating environment hook '/home/linux/UWU-Blobfish/install/motor_msg/share/motor_msg/hook/cmake_prefix_path.ps1'
[11.025s] INFO:colcon.colcon_core.shell:Creating environment descriptor '/home/linux/UWU-Blobfish/install/motor_msg/share/motor_msg/hook/cmake_prefix_path.dsv'
[11.026s] INFO:colcon.colcon_core.shell:Creating environment hook '/home/linux/UWU-Blobfish/install/motor_msg/share/motor_msg/hook/cmake_prefix_path.sh'
[11.026s] Level 1:colcon.colcon_core.environment:checking '/home/linux/UWU-Blobfish/install/motor_msg/lib'
[11.026s] Level 1:colcon.colcon_core.shell:create_environment_hook('motor_msg', 'ld_library_path_lib')
[11.044s] INFO:colcon.colcon_core.shell:Creating environment hook '/home/linux/UWU-Blobfish/install/motor_msg/share/motor_msg/hook/ld_library_path_lib.ps1'
[11.044s] INFO:colcon.colcon_core.shell:Creating environment descriptor '/home/linux/UWU-Blobfish/install/motor_msg/share/motor_msg/hook/ld_library_path_lib.dsv'
[11.044s] INFO:colcon.colcon_core.shell:Creating environment hook '/home/linux/UWU-Blobfish/install/motor_msg/share/motor_msg/hook/ld_library_path_lib.sh'
[11.045s] Level 1:colcon.colcon_core.environment:checking '/home/linux/UWU-Blobfish/install/motor_msg/bin'
[11.045s] Level 1:colcon.colcon_core.environment:checking '/home/linux/UWU-Blobfish/install/motor_msg/lib/pkgconfig/motor_msg.pc'
[11.045s] Level 1:colcon.colcon_core.environment:checking '/home/linux/UWU-Blobfish/install/motor_msg/lib/python3.10/site-packages'
[11.045s] Level 1:colcon.colcon_core.environment:checking '/home/linux/UWU-Blobfish/install/motor_msg/bin'
[11.060s] INFO:colcon.colcon_core.shell:Creating package script '/home/linux/UWU-Blobfish/install/motor_msg/share/motor_msg/package.ps1'
[11.061s] INFO:colcon.colcon_core.shell:Creating package descriptor '/home/linux/UWU-Blobfish/install/motor_msg/share/motor_msg/package.dsv'
[11.061s] INFO:colcon.colcon_core.shell:Creating package script '/home/linux/UWU-Blobfish/install/motor_msg/share/motor_msg/package.sh'
[11.061s] INFO:colcon.colcon_core.shell:Creating package script '/home/linux/UWU-Blobfish/install/motor_msg/share/motor_msg/package.bash'
[11.062s] INFO:colcon.colcon_core.shell:Creating package script '/home/linux/UWU-Blobfish/install/motor_msg/share/motor_msg/package.zsh'
[11.062s] Level 1:colcon.colcon_core.environment:create_file_with_runtime_dependencies(/home/linux/UWU-Blobfish/install/motor_msg/share/colcon-core/packages/motor_msg)
[13.008s] Level 1:colcon.colcon_core.environment:create_environment_scripts_only(motor_msg)
[13.024s] Level 1:colcon.colcon_core.environment:checking '/home/linux/UWU-Blobfish/install/motor_msg' for CMake module files
[13.025s] Level 1:colcon.colcon_core.environment:checking '/home/linux/UWU-Blobfish/install/motor_msg' for CMake config files
[13.026s] Level 1:colcon.colcon_core.shell:create_environment_hook('motor_msg', 'cmake_prefix_path')
[13.049s] INFO:colcon.colcon_core.shell:Creating environment hook '/home/linux/UWU-Blobfish/install/motor_msg/share/motor_msg/hook/cmake_prefix_path.ps1'
[13.050s] INFO:colcon.colcon_core.shell:Creating environment descriptor '/home/linux/UWU-Blobfish/install/motor_msg/share/motor_msg/hook/cmake_prefix_path.dsv'
[13.050s] INFO:colcon.colcon_core.shell:Creating environment hook '/home/linux/UWU-Blobfish/install/motor_msg/share/motor_msg/hook/cmake_prefix_path.sh'
[13.051s] Level 1:colcon.colcon_core.environment:checking '/home/linux/UWU-Blobfish/install/motor_msg/lib'
[13.052s] Level 1:colcon.colcon_core.shell:create_environment_hook('motor_msg', 'ld_library_path_lib')
[13.069s] INFO:colcon.colcon_core.shell:Creating environment hook '/home/linux/UWU-Blobfish/install/motor_msg/share/motor_msg/hook/ld_library_path_lib.ps1'
[13.069s] INFO:colcon.colcon_core.shell:Creating environment descriptor '/home/linux/UWU-Blobfish/install/motor_msg/share/motor_msg/hook/ld_library_path_lib.dsv'
[13.070s] INFO:colcon.colcon_core.shell:Creating environment hook '/home/linux/UWU-Blobfish/install/motor_msg/share/motor_msg/hook/ld_library_path_lib.sh'
[13.071s] Level 1:colcon.colcon_core.environment:checking '/home/linux/UWU-Blobfish/install/motor_msg/bin'
[13.071s] Level 1:colcon.colcon_core.environment:checking '/home/linux/UWU-Blobfish/install/motor_msg/lib/pkgconfig/motor_msg.pc'
[13.071s] Level 1:colcon.colcon_core.environment:checking '/home/linux/UWU-Blobfish/install/motor_msg/lib/python3.10/site-packages'
[13.071s] Level 1:colcon.colcon_core.environment:checking '/home/linux/UWU-Blobfish/install/motor_msg/bin'
[13.108s] INFO:colcon.colcon_core.shell:Creating package script '/home/linux/UWU-Blobfish/install/motor_msg/share/motor_msg/package.ps1'
[13.109s] INFO:colcon.colcon_core.shell:Creating package descriptor '/home/linux/UWU-Blobfish/install/motor_msg/share/motor_msg/package.dsv'
[13.110s] INFO:colcon.colcon_core.shell:Creating package script '/home/linux/UWU-Blobfish/install/motor_msg/share/motor_msg/package.sh'
[13.111s] INFO:colcon.colcon_core.shell:Creating package script '/home/linux/UWU-Blobfish/install/motor_msg/share/motor_msg/package.bash'
[13.111s] INFO:colcon.colcon_core.shell:Creating package script '/home/linux/UWU-Blobfish/install/motor_msg/share/motor_msg/package.zsh'
[13.112s] Level 1:colcon.colcon_core.environment:create_file_with_runtime_dependencies(/home/linux/UWU-Blobfish/install/motor_msg/share/colcon-core/packages/motor_msg)
[13.113s] INFO:colcon.colcon_ros.task.ament_python.build:Building ROS package in '/home/linux/UWU-Blobfish/uwu_main/src/arduino_bridge' with build type 'ament_python'
[13.113s] Level 1:colcon.colcon_core.shell:create_environment_hook('arduino_bridge', 'ament_prefix_path')
[13.137s] INFO:colcon.colcon_core.shell:Creating environment hook '/home/linux/UWU-Blobfish/install/arduino_bridge/share/arduino_bridge/hook/ament_prefix_path.ps1'
[13.138s] INFO:colcon.colcon_core.shell:Creating environment descriptor '/home/linux/UWU-Blobfish/install/arduino_bridge/share/arduino_bridge/hook/ament_prefix_path.dsv'
[13.138s] INFO:colcon.colcon_core.shell:Creating environment hook '/home/linux/UWU-Blobfish/install/arduino_bridge/share/arduino_bridge/hook/ament_prefix_path.sh'
[13.158s] INFO:colcon.colcon_core.shell:Skip shell extension 'powershell' for command environment: Not usable outside of PowerShell
[13.159s] DEBUG:colcon.colcon_core.shell:Skip shell extension 'dsv' for command environment
[13.257s] INFO:colcon.colcon_ros.task.ament_python.build:Building ROS package in '/home/linux/UWU-Blobfish/uwu_main/src/thruster_manager' with build type 'ament_python'
[13.257s] Level 1:colcon.colcon_core.shell:create_environment_hook('thruster_manager', 'ament_prefix_path')
[13.292s] INFO:colcon.colcon_core.shell:Creating environment hook '/home/linux/UWU-Blobfish/install/thruster_manager/share/thruster_manager/hook/ament_prefix_path.ps1'
[13.294s] INFO:colcon.colcon_core.shell:Creating environment descriptor '/home/linux/UWU-Blobfish/install/thruster_manager/share/thruster_manager/hook/ament_prefix_path.dsv'
[13.294s] INFO:colcon.colcon_core.shell:Creating environment hook '/home/linux/UWU-Blobfish/install/thruster_manager/share/thruster_manager/hook/ament_prefix_path.sh'
[13.346s] INFO:colcon.colcon_core.shell:Skip shell extension 'powershell' for command environment: Not usable outside of PowerShell
[13.346s] DEBUG:colcon.colcon_core.shell:Skip shell extension 'dsv' for command environment
[13.817s] INFO:colcon.colcon_core.task.python.build:Building Python package in '/home/linux/UWU-Blobfish/uwu_main/src/arduino_bridge'
[13.890s] INFO:colcon.colcon_core.shell:Skip shell extension 'powershell' for command environment: Not usable outside of PowerShell
[13.890s] DEBUG:colcon.colcon_core.shell:Skip shell extension 'dsv' for command environment
[14.403s] INFO:colcon.colcon_core.task.python.build:Building Python package in '/home/linux/UWU-Blobfish/uwu_main/src/thruster_manager'
[14.422s] INFO:colcon.colcon_core.shell:Skip shell extension 'powershell' for command environment: Not usable outside of PowerShell
[14.423s] DEBUG:colcon.colcon_core.shell:Skip shell extension 'dsv' for command environment
[15.216s] DEBUG:colcon.colcon_core.event_handler.log_command:Invoking command in '/home/linux/UWU-Blobfish/build/arduino_bridge': AMENT_PREFIX_PATH=/home/linux/UWU-Blobfish/install/motor_msg:${AMENT_PREFIX_PATH} CMAKE_PREFIX_PATH=/home/linux/UWU-Blobfish/install/motor_msg LD_LIBRARY_PATH=/home/linux/UWU-Blobfish/install/motor_msg/lib:${LD_LIBRARY_PATH} PYTHONPATH=/home/linux/UWU-Blobfish/build/arduino_bridge/prefix_override:/home/linux/UWU-Blobfish/install/arduino_bridge/lib/python3.10/site-packages:/home/linux/UWU-Blobfish/install/motor_msg/local/lib/python3.10/dist-packages:${PYTHONPATH} /usr/bin/python3 setup.py develop --editable --build-directory /home/linux/UWU-Blobfish/build/arduino_bridge/build --no-deps install_data
[15.372s] DEBUG:colcon.colcon_core.event_handler.log_command:Invoking command in '/home/linux/UWU-Blobfish/build/thruster_manager': AMENT_PREFIX_PATH=/home/linux/UWU-Blobfish/install/motor_msg:${AMENT_PREFIX_PATH} CMAKE_PREFIX_PATH=/home/linux/UWU-Blobfish/install/motor_msg LD_LIBRARY_PATH=/home/linux/UWU-Blobfish/install/motor_msg/lib:${LD_LIBRARY_PATH} PYTHONPATH=/home/linux/UWU-Blobfish/build/thruster_manager/prefix_override:/home/linux/UWU-Blobfish/install/thruster_manager/lib/python3.10/site-packages:/home/linux/UWU-Blobfish/install/motor_msg/local/lib/python3.10/dist-packages:${PYTHONPATH} /usr/bin/python3 setup.py develop --editable --build-directory /home/linux/UWU-Blobfish/build/thruster_manager/build --no-deps install_data
[16.283s] Level 1:colcon.colcon_core.shell:create_environment_hook('arduino_bridge', 'pythonpath_develop')
[16.287s] DEBUG:colcon.colcon_core.event_handler.log_command:Invoked command in '/home/linux/UWU-Blobfish/build/arduino_bridge' returned '0': AMENT_PREFIX_PATH=/home/linux/UWU-Blobfish/install/motor_msg:${AMENT_PREFIX_PATH} CMAKE_PREFIX_PATH=/home/linux/UWU-Blobfish/install/motor_msg LD_LIBRARY_PATH=/home/linux/UWU-Blobfish/install/motor_msg/lib:${LD_LIBRARY_PATH} PYTHONPATH=/home/linux/UWU-Blobfish/build/arduino_bridge/prefix_override:/home/linux/UWU-Blobfish/install/arduino_bridge/lib/python3.10/site-packages:/home/linux/UWU-Blobfish/install/motor_msg/local/lib/python3.10/dist-packages:${PYTHONPATH} /usr/bin/python3 setup.py develop --editable --build-directory /home/linux/UWU-Blobfish/build/arduino_bridge/build --no-deps install_data
[16.340s] INFO:colcon.colcon_core.shell:Creating environment hook '/home/linux/UWU-Blobfish/build/arduino_bridge/share/arduino_bridge/hook/pythonpath_develop.ps1'
[16.341s] INFO:colcon.colcon_core.shell:Creating environment descriptor '/home/linux/UWU-Blobfish/build/arduino_bridge/share/arduino_bridge/hook/pythonpath_develop.dsv'
[16.341s] INFO:colcon.colcon_core.shell:Creating environment hook '/home/linux/UWU-Blobfish/build/arduino_bridge/share/arduino_bridge/hook/pythonpath_develop.sh'
[16.360s] Level 1:colcon.colcon_core.environment:checking '/home/linux/UWU-Blobfish/install/arduino_bridge' for CMake module files
[16.360s] Level 1:colcon.colcon_core.environment:checking '/home/linux/UWU-Blobfish/install/arduino_bridge' for CMake config files
[16.361s] Level 1:colcon.colcon_core.environment:checking '/home/linux/UWU-Blobfish/install/arduino_bridge/lib'
[16.361s] Level 1:colcon.colcon_core.environment:checking '/home/linux/UWU-Blobfish/install/arduino_bridge/bin'
[16.361s] Level 1:colcon.colcon_core.environment:checking '/home/linux/UWU-Blobfish/install/arduino_bridge/lib/pkgconfig/arduino_bridge.pc'
[16.361s] Level 1:colcon.colcon_core.environment:checking '/home/linux/UWU-Blobfish/install/arduino_bridge/lib/python3.10/site-packages'
[16.361s] Level 1:colcon.colcon_core.shell:create_environment_hook('arduino_bridge', 'pythonpath')
[16.384s] INFO:colcon.colcon_core.shell:Creating environment hook '/home/linux/UWU-Blobfish/install/arduino_bridge/share/arduino_bridge/hook/pythonpath.ps1'
[16.385s] INFO:colcon.colcon_core.shell:Creating environment descriptor '/home/linux/UWU-Blobfish/install/arduino_bridge/share/arduino_bridge/hook/pythonpath.dsv'
[16.385s] INFO:colcon.colcon_core.shell:Creating environment hook '/home/linux/UWU-Blobfish/install/arduino_bridge/share/arduino_bridge/hook/pythonpath.sh'
[16.385s] Level 1:colcon.colcon_core.environment:checking '/home/linux/UWU-Blobfish/install/arduino_bridge/bin'
[16.385s] Level 1:colcon.colcon_core.environment:create_environment_scripts_only(arduino_bridge)
[16.486s] INFO:colcon.colcon_core.shell:Creating package script '/home/linux/UWU-Blobfish/install/arduino_bridge/share/arduino_bridge/package.ps1'
[16.487s] INFO:colcon.colcon_core.shell:Creating package descriptor '/home/linux/UWU-Blobfish/install/arduino_bridge/share/arduino_bridge/package.dsv'
[16.491s] INFO:colcon.colcon_core.shell:Creating package script '/home/linux/UWU-Blobfish/install/arduino_bridge/share/arduino_bridge/package.sh'
[16.492s] INFO:colcon.colcon_core.shell:Creating package script '/home/linux/UWU-Blobfish/install/arduino_bridge/share/arduino_bridge/package.bash'
[16.492s] INFO:colcon.colcon_core.shell:Creating package script '/home/linux/UWU-Blobfish/install/arduino_bridge/share/arduino_bridge/package.zsh'
[16.493s] Level 1:colcon.colcon_core.environment:create_file_with_runtime_dependencies(/home/linux/UWU-Blobfish/install/arduino_bridge/share/colcon-core/packages/arduino_bridge)
[16.504s] Level 1:colcon.colcon_core.shell:create_environment_hook('thruster_manager', 'pythonpath_develop')
[16.504s] DEBUG:colcon.colcon_core.event_handler.log_command:Invoked command in '/home/linux/UWU-Blobfish/build/thruster_manager' returned '0': AMENT_PREFIX_PATH=/home/linux/UWU-Blobfish/install/motor_msg:${AMENT_PREFIX_PATH} CMAKE_PREFIX_PATH=/home/linux/UWU-Blobfish/install/motor_msg LD_LIBRARY_PATH=/home/linux/UWU-Blobfish/install/motor_msg/lib:${LD_LIBRARY_PATH} PYTHONPATH=/home/linux/UWU-Blobfish/build/thruster_manager/prefix_override:/home/linux/UWU-Blobfish/install/thruster_manager/lib/python3.10/site-packages:/home/linux/UWU-Blobfish/install/motor_msg/local/lib/python3.10/dist-packages:${PYTHONPATH} /usr/bin/python3 setup.py develop --editable --build-directory /home/linux/UWU-Blobfish/build/thruster_manager/build --no-deps install_data
[16.521s] INFO:colcon.colcon_core.shell:Creating environment hook '/home/linux/UWU-Blobfish/build/thruster_manager/share/thruster_manager/hook/pythonpath_develop.ps1'
[16.522s] INFO:colcon.colcon_core.shell:Creating environment descriptor '/home/linux/UWU-Blobfish/build/thruster_manager/share/thruster_manager/hook/pythonpath_develop.dsv'
[16.523s] INFO:colcon.colcon_core.shell:Creating environment hook '/home/linux/UWU-Blobfish/build/thruster_manager/share/thruster_manager/hook/pythonpath_develop.sh'
[16.753s] Level 1:colcon.colcon_core.environment:checking '/home/linux/UWU-Blobfish/install/thruster_manager' for CMake module files
[16.753s] Level 1:colcon.colcon_core.environment:checking '/home/linux/UWU-Blobfish/install/thruster_manager' for CMake config files
[16.762s] Level 1:colcon.colcon_core.environment:checking '/home/linux/UWU-Blobfish/install/thruster_manager/lib'
[16.766s] Level 1:colcon.colcon_core.environment:checking '/home/linux/UWU-Blobfish/install/thruster_manager/bin'
[16.766s] Level 1:colcon.colcon_core.environment:checking '/home/linux/UWU-Blobfish/install/thruster_manager/lib/pkgconfig/thruster_manager.pc'
[16.767s] Level 1:colcon.colcon_core.environment:checking '/home/linux/UWU-Blobfish/install/thruster_manager/lib/python3.10/site-packages'
[16.767s] Level 1:colcon.colcon_core.shell:create_environment_hook('thruster_manager', 'pythonpath')
[16.899s] INFO:colcon.colcon_core.shell:Creating environment hook '/home/linux/UWU-Blobfish/install/thruster_manager/share/thruster_manager/hook/pythonpath.ps1'
[16.899s] INFO:colcon.colcon_core.shell:Creating environment descriptor '/home/linux/UWU-Blobfish/install/thruster_manager/share/thruster_manager/hook/pythonpath.dsv'
[16.899s] INFO:colcon.colcon_core.shell:Creating environment hook '/home/linux/UWU-Blobfish/install/thruster_manager/share/thruster_manager/hook/pythonpath.sh'
[16.900s] Level 1:colcon.colcon_core.environment:checking '/home/linux/UWU-Blobfish/install/thruster_manager/bin'
[16.905s] Level 1:colcon.colcon_core.environment:create_environment_scripts_only(thruster_manager)
[16.953s] INFO:colcon.colcon_core.shell:Creating package script '/home/linux/UWU-Blobfish/install/thruster_manager/share/thruster_manager/package.ps1'
[16.972s] INFO:colcon.colcon_core.shell:Creating package descriptor '/home/linux/UWU-Blobfish/install/thruster_manager/share/thruster_manager/package.dsv'
[16.980s] INFO:colcon.colcon_core.shell:Creating package script '/home/linux/UWU-Blobfish/install/thruster_manager/share/thruster_manager/package.sh'
[16.980s] INFO:colcon.colcon_core.shell:Creating package script '/home/linux/UWU-Blobfish/install/thruster_manager/share/thruster_manager/package.bash'
[16.981s] INFO:colcon.colcon_core.shell:Creating package script '/home/linux/UWU-Blobfish/install/thruster_manager/share/thruster_manager/package.zsh'
[16.981s] Level 1:colcon.colcon_core.environment:create_file_with_runtime_dependencies(/home/linux/UWU-Blobfish/install/thruster_manager/share/colcon-core/packages/thruster_manager)
[25.244s] DEBUG:colcon.colcon_core.event_handler.log_command:Invoked command in '/home/linux/UWU-Blobfish/build/vectornav_msgs' returned '0': CMAKE_PREFIX_PATH=/opt/ros/humble /usr/bin/cmake --build /home/linux/UWU-Blobfish/build/vectornav_msgs -- -j6 -l6
[25.991s] DEBUG:colcon.colcon_core.event_handler.log_command:Invoking command in '/home/linux/UWU-Blobfish/build/vectornav_msgs': CMAKE_PREFIX_PATH=/opt/ros/humble /usr/bin/cmake --install /home/linux/UWU-Blobfish/build/vectornav_msgs
[28.767s] Level 1:colcon.colcon_core.environment:create_environment_scripts_only(vectornav_msgs)
[28.780s] DEBUG:colcon.colcon_core.event_handler.log_command:Invoked command in '/home/linux/UWU-Blobfish/build/vectornav_msgs' returned '0': CMAKE_PREFIX_PATH=/opt/ros/humble /usr/bin/cmake --install /home/linux/UWU-Blobfish/build/vectornav_msgs
[28.794s] Level 1:colcon.colcon_core.environment:checking '/home/linux/UWU-Blobfish/install/vectornav_msgs' for CMake module files
[28.794s] Level 1:colcon.colcon_core.environment:checking '/home/linux/UWU-Blobfish/install/vectornav_msgs' for CMake config files
[28.795s] Level 1:colcon.colcon_core.shell:create_environment_hook('vectornav_msgs', 'cmake_prefix_path')
[28.809s] INFO:colcon.colcon_core.shell:Creating environment hook '/home/linux/UWU-Blobfish/install/vectornav_msgs/share/vectornav_msgs/hook/cmake_prefix_path.ps1'
[28.809s] INFO:colcon.colcon_core.shell:Creating environment descriptor '/home/linux/UWU-Blobfish/install/vectornav_msgs/share/vectornav_msgs/hook/cmake_prefix_path.dsv'
[28.809s] INFO:colcon.colcon_core.shell:Creating environment hook '/home/linux/UWU-Blobfish/install/vectornav_msgs/share/vectornav_msgs/hook/cmake_prefix_path.sh'
[28.810s] Level 1:colcon.colcon_core.environment:checking '/home/linux/UWU-Blobfish/install/vectornav_msgs/lib'
[28.810s] Level 1:colcon.colcon_core.shell:create_environment_hook('vectornav_msgs', 'ld_library_path_lib')
[28.823s] INFO:colcon.colcon_core.shell:Creating environment hook '/home/linux/UWU-Blobfish/install/vectornav_msgs/share/vectornav_msgs/hook/ld_library_path_lib.ps1'
[28.824s] INFO:colcon.colcon_core.shell:Creating environment descriptor '/home/linux/UWU-Blobfish/install/vectornav_msgs/share/vectornav_msgs/hook/ld_library_path_lib.dsv'
[28.824s] INFO:colcon.colcon_core.shell:Creating environment hook '/home/linux/UWU-Blobfish/install/vectornav_msgs/share/vectornav_msgs/hook/ld_library_path_lib.sh'
[28.824s] Level 1:colcon.colcon_core.environment:checking '/home/linux/UWU-Blobfish/install/vectornav_msgs/bin'
[28.824s] Level 1:colcon.colcon_core.environment:checking '/home/linux/UWU-Blobfish/install/vectornav_msgs/lib/pkgconfig/vectornav_msgs.pc'
[28.825s] Level 1:colcon.colcon_core.environment:checking '/home/linux/UWU-Blobfish/install/vectornav_msgs/lib/python3.10/site-packages'
[28.825s] Level 1:colcon.colcon_core.environment:checking '/home/linux/UWU-Blobfish/install/vectornav_msgs/bin'
[28.839s] INFO:colcon.colcon_core.shell:Creating package script '/home/linux/UWU-Blobfish/install/vectornav_msgs/share/vectornav_msgs/package.ps1'
[28.839s] INFO:colcon.colcon_core.shell:Creating package descriptor '/home/linux/UWU-Blobfish/install/vectornav_msgs/share/vectornav_msgs/package.dsv'
[28.839s] INFO:colcon.colcon_core.shell:Creating package script '/home/linux/UWU-Blobfish/install/vectornav_msgs/share/vectornav_msgs/package.sh'
[28.840s] INFO:colcon.colcon_core.shell:Creating package script '/home/linux/UWU-Blobfish/install/vectornav_msgs/share/vectornav_msgs/package.bash'
[28.840s] INFO:colcon.colcon_core.shell:Creating package script '/home/linux/UWU-Blobfish/install/vectornav_msgs/share/vectornav_msgs/package.zsh'
[28.840s] Level 1:colcon.colcon_core.environment:create_file_with_runtime_dependencies(/home/linux/UWU-Blobfish/install/vectornav_msgs/share/colcon-core/packages/vectornav_msgs)
[29.579s] Level 1:colcon.colcon_core.environment:create_environment_scripts_only(vectornav_msgs)
[29.598s] Level 1:colcon.colcon_core.environment:checking '/home/linux/UWU-Blobfish/install/vectornav_msgs' for CMake module files
[29.599s] Level 1:colcon.colcon_core.environment:checking '/home/linux/UWU-Blobfish/install/vectornav_msgs' for CMake config files
[29.599s] Level 1:colcon.colcon_core.shell:create_environment_hook('vectornav_msgs', 'cmake_prefix_path')
[29.614s] INFO:colcon.colcon_core.shell:Creating environment hook '/home/linux/UWU-Blobfish/install/vectornav_msgs/share/vectornav_msgs/hook/cmake_prefix_path.ps1'
[29.614s] INFO:colcon.colcon_core.shell:Creating environment descriptor '/home/linux/UWU-Blobfish/install/vectornav_msgs/share/vectornav_msgs/hook/cmake_prefix_path.dsv'
[29.615s] INFO:colcon.colcon_core.shell:Creating environment hook '/home/linux/UWU-Blobfish/install/vectornav_msgs/share/vectornav_msgs/hook/cmake_prefix_path.sh'
[29.616s] Level 1:colcon.colcon_core.environment:checking '/home/linux/UWU-Blobfish/install/vectornav_msgs/lib'
[29.616s] Level 1:colcon.colcon_core.shell:create_environment_hook('vectornav_msgs', 'ld_library_path_lib')
[29.631s] INFO:colcon.colcon_core.shell:Creating environment hook '/home/linux/UWU-Blobfish/install/vectornav_msgs/share/vectornav_msgs/hook/ld_library_path_lib.ps1'
[29.631s] INFO:colcon.colcon_core.shell:Creating environment descriptor '/home/linux/UWU-Blobfish/install/vectornav_msgs/share/vectornav_msgs/hook/ld_library_path_lib.dsv'
[29.632s] INFO:colcon.colcon_core.shell:Creating environment hook '/home/linux/UWU-Blobfish/install/vectornav_msgs/share/vectornav_msgs/hook/ld_library_path_lib.sh'
[29.633s] Level 1:colcon.colcon_core.environment:checking '/home/linux/UWU-Blobfish/install/vectornav_msgs/bin'
[29.633s] Level 1:colcon.colcon_core.environment:checking '/home/linux/UWU-Blobfish/install/vectornav_msgs/lib/pkgconfig/vectornav_msgs.pc'
[29.633s] Level 1:colcon.colcon_core.environment:checking '/home/linux/UWU-Blobfish/install/vectornav_msgs/lib/python3.10/site-packages'
[29.633s] Level 1:colcon.colcon_core.environment:checking '/home/linux/UWU-Blobfish/install/vectornav_msgs/bin'
[29.648s] INFO:colcon.colcon_core.shell:Creating package script '/home/linux/UWU-Blobfish/install/vectornav_msgs/share/vectornav_msgs/package.ps1'
[29.649s] INFO:colcon.colcon_core.shell:Creating package descriptor '/home/linux/UWU-Blobfish/install/vectornav_msgs/share/vectornav_msgs/package.dsv'
[29.650s] INFO:colcon.colcon_core.shell:Creating package script '/home/linux/UWU-Blobfish/install/vectornav_msgs/share/vectornav_msgs/package.sh'
[29.650s] INFO:colcon.colcon_core.shell:Creating package script '/home/linux/UWU-Blobfish/install/vectornav_msgs/share/vectornav_msgs/package.bash'
[29.651s] INFO:colcon.colcon_core.shell:Creating package script '/home/linux/UWU-Blobfish/install/vectornav_msgs/share/vectornav_msgs/package.zsh'
[29.652s] Level 1:colcon.colcon_core.environment:create_file_with_runtime_dependencies(/home/linux/UWU-Blobfish/install/vectornav_msgs/share/colcon-core/packages/vectornav_msgs)
[29.653s] INFO:colcon.colcon_ros.task.ament_cmake.build:Building ROS package in '/home/linux/UWU-Blobfish/uwu_main/vectornav/vectornav' with build type 'ament_cmake'
[29.653s] INFO:colcon.colcon_cmake.task.cmake.build:Building CMake package in '/home/linux/UWU-Blobfish/uwu_main/vectornav/vectornav'
[29.674s] INFO:colcon.colcon_core.shell:Skip shell extension 'powershell' for command environment: Not usable outside of PowerShell
[29.674s] DEBUG:colcon.colcon_core.shell:Skip shell extension 'dsv' for command environment
[29.720s] DEBUG:colcon.colcon_core.event_handler.log_command:Invoking command in '/home/linux/UWU-Blobfish/build/vectornav': AMENT_PREFIX_PATH=/home/linux/UWU-Blobfish/install/vectornav_msgs:${AMENT_PREFIX_PATH} CMAKE_PREFIX_PATH=/home/linux/UWU-Blobfish/install/vectornav_msgs:/opt/ros/humble LD_LIBRARY_PATH=/home/linux/UWU-Blobfish/install/vectornav_msgs/lib:${LD_LIBRARY_PATH} PYTHONPATH=/home/linux/UWU-Blobfish/install/vectornav_msgs/local/lib/python3.10/dist-packages:${PYTHONPATH} /usr/bin/cmake /home/linux/UWU-Blobfish/uwu_main/vectornav/vectornav -DAMENT_CMAKE_SYMLINK_INSTALL=1 -DCMAKE_INSTALL_PREFIX=/home/linux/UWU-Blobfish/install/vectornav
[32.388s] DEBUG:colcon.colcon_core.event_handler.log_command:Invoked command in '/home/linux/UWU-Blobfish/build/vectornav' returned '0': AMENT_PREFIX_PATH=/home/linux/UWU-Blobfish/install/vectornav_msgs:${AMENT_PREFIX_PATH} CMAKE_PREFIX_PATH=/home/linux/UWU-Blobfish/install/vectornav_msgs:/opt/ros/humble LD_LIBRARY_PATH=/home/linux/UWU-Blobfish/install/vectornav_msgs/lib:${LD_LIBRARY_PATH} PYTHONPATH=/home/linux/UWU-Blobfish/install/vectornav_msgs/local/lib/python3.10/dist-packages:${PYTHONPATH} /usr/bin/cmake /home/linux/UWU-Blobfish/uwu_main/vectornav/vectornav -DAMENT_CMAKE_SYMLINK_INSTALL=1 -DCMAKE_INSTALL_PREFIX=/home/linux/UWU-Blobfish/install/vectornav
[32.388s] DEBUG:colcon.colcon_core.event_handler.log_command:Invoking command in '/home/linux/UWU-Blobfish/build/vectornav': AMENT_PREFIX_PATH=/home/linux/UWU-Blobfish/install/vectornav_msgs:${AMENT_PREFIX_PATH} CMAKE_PREFIX_PATH=/home/linux/UWU-Blobfish/install/vectornav_msgs:/opt/ros/humble LD_LIBRARY_PATH=/home/linux/UWU-Blobfish/install/vectornav_msgs/lib:${LD_LIBRARY_PATH} PYTHONPATH=/home/linux/UWU-Blobfish/install/vectornav_msgs/local/lib/python3.10/dist-packages:${PYTHONPATH} /usr/bin/cmake --build /home/linux/UWU-Blobfish/build/vectornav -- -j6 -l6
[60.283s] DEBUG:colcon.colcon_core.event_handler.log_command:Invoked command in '/home/linux/UWU-Blobfish/build/vectornav' returned '0': AMENT_PREFIX_PATH=/home/linux/UWU-Blobfish/install/vectornav_msgs:${AMENT_PREFIX_PATH} CMAKE_PREFIX_PATH=/home/linux/UWU-Blobfish/install/vectornav_msgs:/opt/ros/humble LD_LIBRARY_PATH=/home/linux/UWU-Blobfish/install/vectornav_msgs/lib:${LD_LIBRARY_PATH} PYTHONPATH=/home/linux/UWU-Blobfish/install/vectornav_msgs/local/lib/python3.10/dist-packages:${PYTHONPATH} /usr/bin/cmake --build /home/linux/UWU-Blobfish/build/vectornav -- -j6 -l6
[60.352s] DEBUG:colcon.colcon_core.event_handler.log_command:Invoking command in '/home/linux/UWU-Blobfish/build/vectornav': AMENT_PREFIX_PATH=/home/linux/UWU-Blobfish/install/vectornav_msgs:${AMENT_PREFIX_PATH} CMAKE_PREFIX_PATH=/home/linux/UWU-Blobfish/install/vectornav_msgs:/opt/ros/humble LD_LIBRARY_PATH=/home/linux/UWU-Blobfish/install/vectornav_msgs/lib:${LD_LIBRARY_PATH} PYTHONPATH=/home/linux/UWU-Blobfish/install/vectornav_msgs/local/lib/python3.10/dist-packages:${PYTHONPATH} /usr/bin/cmake --install /home/linux/UWU-Blobfish/build/vectornav
[61.038s] Level 1:colcon.colcon_core.environment:create_environment_scripts_only(vectornav)
[61.038s] DEBUG:colcon.colcon_core.event_handler.log_command:Invoked command in '/home/linux/UWU-Blobfish/build/vectornav' returned '0': AMENT_PREFIX_PATH=/home/linux/UWU-Blobfish/install/vectornav_msgs:${AMENT_PREFIX_PATH} CMAKE_PREFIX_PATH=/home/linux/UWU-Blobfish/install/vectornav_msgs:/opt/ros/humble LD_LIBRARY_PATH=/home/linux/UWU-Blobfish/install/vectornav_msgs/lib:${LD_LIBRARY_PATH} PYTHONPATH=/home/linux/UWU-Blobfish/install/vectornav_msgs/local/lib/python3.10/dist-packages:${PYTHONPATH} /usr/bin/cmake --install /home/linux/UWU-Blobfish/build/vectornav
[61.054s] Level 1:colcon.colcon_core.environment:checking '/home/linux/UWU-Blobfish/install/vectornav' for CMake module files
[61.054s] Level 1:colcon.colcon_core.environment:checking '/home/linux/UWU-Blobfish/install/vectornav' for CMake config files
[61.055s] Level 1:colcon.colcon_core.shell:create_environment_hook('vectornav', 'cmake_prefix_path')
[61.071s] INFO:colcon.colcon_core.shell:Creating environment hook '/home/linux/UWU-Blobfish/install/vectornav/share/vectornav/hook/cmake_prefix_path.ps1'
[61.071s] INFO:colcon.colcon_core.shell:Creating environment descriptor '/home/linux/UWU-Blobfish/install/vectornav/share/vectornav/hook/cmake_prefix_path.dsv'
[61.072s] INFO:colcon.colcon_core.shell:Creating environment hook '/home/linux/UWU-Blobfish/install/vectornav/share/vectornav/hook/cmake_prefix_path.sh'
[61.072s] Level 1:colcon.colcon_core.environment:checking '/home/linux/UWU-Blobfish/install/vectornav/lib'
[61.072s] Level 1:colcon.colcon_core.shell:create_environment_hook('vectornav', 'ld_library_path_lib')
[61.089s] INFO:colcon.colcon_core.shell:Creating environment hook '/home/linux/UWU-Blobfish/install/vectornav/share/vectornav/hook/ld_library_path_lib.ps1'
[61.089s] INFO:colcon.colcon_core.shell:Creating environment descriptor '/home/linux/UWU-Blobfish/install/vectornav/share/vectornav/hook/ld_library_path_lib.dsv'
[61.090s] INFO:colcon.colcon_core.shell:Creating environment hook '/home/linux/UWU-Blobfish/install/vectornav/share/vectornav/hook/ld_library_path_lib.sh'
[61.090s] Level 1:colcon.colcon_core.environment:checking '/home/linux/UWU-Blobfish/install/vectornav/bin'
[61.090s] Level 1:colcon.colcon_core.environment:checking '/home/linux/UWU-Blobfish/install/vectornav/lib/pkgconfig/vectornav.pc'
[61.090s] Level 1:colcon.colcon_core.environment:checking '/home/linux/UWU-Blobfish/install/vectornav/lib/python3.10/site-packages'
[61.090s] Level 1:colcon.colcon_core.environment:checking '/home/linux/UWU-Blobfish/install/vectornav/bin'
[61.105s] INFO:colcon.colcon_core.shell:Creating package script '/home/linux/UWU-Blobfish/install/vectornav/share/vectornav/package.ps1'
[61.106s] INFO:colcon.colcon_core.shell:Creating package descriptor '/home/linux/UWU-Blobfish/install/vectornav/share/vectornav/package.dsv'
[61.106s] INFO:colcon.colcon_core.shell:Creating package script '/home/linux/UWU-Blobfish/install/vectornav/share/vectornav/package.sh'
[61.106s] INFO:colcon.colcon_core.shell:Creating package script '/home/linux/UWU-Blobfish/install/vectornav/share/vectornav/package.bash'
[61.106s] INFO:colcon.colcon_core.shell:Creating package script '/home/linux/UWU-Blobfish/install/vectornav/share/vectornav/package.zsh'
[61.107s] Level 1:colcon.colcon_core.environment:create_file_with_runtime_dependencies(/home/linux/UWU-Blobfish/install/vectornav/share/colcon-core/packages/vectornav)
[61.281s] Level 1:colcon.colcon_core.environment:create_environment_scripts_only(vectornav)
[61.310s] Level 1:colcon.colcon_core.environment:checking '/home/linux/UWU-Blobfish/install/vectornav' for CMake module files
[61.311s] Level 1:colcon.colcon_core.environment:checking '/home/linux/UWU-Blobfish/install/vectornav' for CMake config files
[61.311s] Level 1:colcon.colcon_core.shell:create_environment_hook('vectornav', 'cmake_prefix_path')
[61.330s] INFO:colcon.colcon_core.shell:Creating environment hook '/home/linux/UWU-Blobfish/install/vectornav/share/vectornav/hook/cmake_prefix_path.ps1'
[61.330s] INFO:colcon.colcon_core.shell:Creating environment descriptor '/home/linux/UWU-Blobfish/install/vectornav/share/vectornav/hook/cmake_prefix_path.dsv'
[61.331s] INFO:colcon.colcon_core.shell:Creating environment hook '/home/linux/UWU-Blobfish/install/vectornav/share/vectornav/hook/cmake_prefix_path.sh'
[61.332s] Level 1:colcon.colcon_core.environment:checking '/home/linux/UWU-Blobfish/install/vectornav/lib'
[61.332s] Level 1:colcon.colcon_core.shell:create_environment_hook('vectornav', 'ld_library_path_lib')
[61.350s] INFO:colcon.colcon_core.shell:Creating environment hook '/home/linux/UWU-Blobfish/install/vectornav/share/vectornav/hook/ld_library_path_lib.ps1'
[61.351s] INFO:colcon.colcon_core.shell:Creating environment descriptor '/home/linux/UWU-Blobfish/install/vectornav/share/vectornav/hook/ld_library_path_lib.dsv'
[61.352s] INFO:colcon.colcon_core.shell:Creating environment hook '/home/linux/UWU-Blobfish/install/vectornav/share/vectornav/hook/ld_library_path_lib.sh'
[61.352s] Level 1:colcon.colcon_core.environment:checking '/home/linux/UWU-Blobfish/install/vectornav/bin'
[61.352s] Level 1:colcon.colcon_core.environment:checking '/home/linux/UWU-Blobfish/install/vectornav/lib/pkgconfig/vectornav.pc'
[61.353s] Level 1:colcon.colcon_core.environment:checking '/home/linux/UWU-Blobfish/install/vectornav/lib/python3.10/site-packages'
[61.353s] Level 1:colcon.colcon_core.environment:checking '/home/linux/UWU-Blobfish/install/vectornav/bin'
[61.369s] INFO:colcon.colcon_core.shell:Creating package script '/home/linux/UWU-Blobfish/install/vectornav/share/vectornav/package.ps1'
[61.370s] INFO:colcon.colcon_core.shell:Creating package descriptor '/home/linux/UWU-Blobfish/install/vectornav/share/vectornav/package.dsv'
[61.371s] INFO:colcon.colcon_core.shell:Creating package script '/home/linux/UWU-Blobfish/install/vectornav/share/vectornav/package.sh'
[61.372s] INFO:colcon.colcon_core.shell:Creating package script '/home/linux/UWU-Blobfish/install/vectornav/share/vectornav/package.bash'
[61.372s] INFO:colcon.colcon_core.shell:Creating package script '/home/linux/UWU-Blobfish/install/vectornav/share/vectornav/package.zsh'
[61.373s] Level 1:colcon.colcon_core.environment:create_file_with_runtime_dependencies(/home/linux/UWU-Blobfish/install/vectornav/share/colcon-core/packages/vectornav)
[61.374s] DEBUG:colcon.colcon_parallel_executor.executor.parallel:closing loop
[61.374s] DEBUG:colcon.colcon_parallel_executor.executor.parallel:loop closed
[61.374s] DEBUG:colcon.colcon_parallel_executor.executor.parallel:run_until_complete finished with '0'
[61.374s] DEBUG:colcon.colcon_core.event_reactor:joining thread
[61.404s] INFO:colcon.colcon_core.plugin_system:Skipping extension 'colcon_notification.desktop_notification.terminal_notifier': Not used on non-Darwin systems
[61.404s] INFO:colcon.colcon_core.plugin_system:Skipping extension 'colcon_notification.desktop_notification.win32': Not used on non-Windows systems
[61.405s] INFO:colcon.colcon_notification.desktop_notification:Sending desktop notification using 'notify2'
[61.515s] DEBUG:colcon.colcon_core.event_reactor:joined thread
[61.559s] INFO:colcon.colcon_core.shell:Creating prefix script '/home/linux/UWU-Blobfish/install/local_setup.ps1'
[61.560s] INFO:colcon.colcon_core.shell:Creating prefix util module '/home/linux/UWU-Blobfish/install/_local_setup_util_ps1.py'
[61.561s] INFO:colcon.colcon_core.shell:Creating prefix chain script '/home/linux/UWU-Blobfish/install/setup.ps1'
[61.577s] INFO:colcon.colcon_core.shell:Creating prefix script '/home/linux/UWU-Blobfish/install/local_setup.sh'
[61.578s] INFO:colcon.colcon_core.shell:Creating prefix util module '/home/linux/UWU-Blobfish/install/_local_setup_util_sh.py'
[61.579s] INFO:colcon.colcon_core.shell:Creating prefix chain script '/home/linux/UWU-Blobfish/install/setup.sh'
[61.607s] INFO:colcon.colcon_core.shell:Creating prefix script '/home/linux/UWU-Blobfish/install/local_setup.bash'
[61.607s] INFO:colcon.colcon_core.shell:Creating prefix chain script '/home/linux/UWU-Blobfish/install/setup.bash'
[61.630s] INFO:colcon.colcon_core.shell:Creating prefix script '/home/linux/UWU-Blobfish/install/local_setup.zsh'
[61.631s] INFO:colcon.colcon_core.shell:Creating prefix chain script '/home/linux/UWU-Blobfish/install/setup.zsh'
