[1.762s] Invoking command in '/home/linux/UWU-Blobfish/build/pid_package': PYTHONPATH=/home/linux/UWU-Blobfish/build/pid_package/prefix_override:/home/linux/UWU-Blobfish/install/pid_package/lib/python3.10/site-packages:${PYTHONPATH} /usr/bin/python3 setup.py develop --editable --build-directory /home/linux/UWU-Blobfish/build/pid_package/build --no-deps install_data
[2.106s] running develop
[2.106s] /usr/lib/python3/dist-packages/setuptools/command/easy_install.py:158: EasyInstallDeprecationWarning: easy_install command is deprecated. Use build and pip and other standards-based tools.
[2.107s]   warnings.warn(
[2.119s] /usr/lib/python3/dist-packages/setuptools/command/install.py:34: SetuptoolsDeprecationWarning: setup.py install is deprecated. Use build and pip and other standards-based tools.
[2.119s]   warnings.warn(
[2.338s] running egg_info
[2.338s] creating pid_package.egg-info
[2.338s] writing pid_package.egg-info/PKG-INFO
[2.338s] writing dependency_links to pid_package.egg-info/dependency_links.txt
[2.339s] writing entry points to pid_package.egg-info/entry_points.txt
[2.339s] writing requirements to pid_package.egg-info/requires.txt
[2.339s] writing top-level names to pid_package.egg-info/top_level.txt
[2.339s] writing manifest file 'pid_package.egg-info/SOURCES.txt'
[2.340s] reading manifest file 'pid_package.egg-info/SOURCES.txt'
[2.340s] writing manifest file 'pid_package.egg-info/SOURCES.txt'
[2.341s] running build_ext
[2.341s] Creating /home/linux/UWU-Blobfish/install/pid_package/lib/python3.10/site-packages/pid-package.egg-link (link to .)
[2.342s] Installing offset_calibrator script to /home/linux/UWU-Blobfish/install/pid_package/lib/pid_package
[2.343s] Installing pid_node script to /home/linux/UWU-Blobfish/install/pid_package/lib/pid_package
[2.343s] 
[2.343s] Installed /home/linux/UWU-Blobfish/build/pid_package
[2.344s] running install_data
[2.344s] creating /home/linux/UWU-Blobfish/install/pid_package/share/ament_index
[2.344s] creating /home/linux/UWU-Blobfish/install/pid_package/share/ament_index/resource_index
[2.344s] creating /home/linux/UWU-Blobfish/install/pid_package/share/ament_index/resource_index/packages
[2.344s] copying resource/pid_package -> /home/linux/UWU-Blobfish/install/pid_package/share/ament_index/resource_index/packages
[2.344s] copying package.xml -> /home/linux/UWU-Blobfish/install/pid_package/share/pid_package
[2.383s] Invoked command in '/home/linux/UWU-Blobfish/build/pid_package' returned '0': PYTHONPATH=/home/linux/UWU-Blobfish/build/pid_package/prefix_override:/home/linux/UWU-Blobfish/install/pid_package/lib/python3.10/site-packages:${PYTHONPATH} /usr/bin/python3 setup.py develop --editable --build-directory /home/linux/UWU-Blobfish/build/pid_package/build --no-deps install_data
