running develop
/usr/lib/python3/dist-packages/setuptools/command/easy_install.py:158: EasyInstallDeprecationWarning: easy_install command is deprecated. Use build and pip and other standards-based tools.
  warnings.warn(
/usr/lib/python3/dist-packages/setuptools/command/install.py:34: SetuptoolsDeprecationWarning: setup.py install is deprecated. Use build and pip and other standards-based tools.
  warnings.warn(
running egg_info
creating thruster_manager.egg-info
writing thruster_manager.egg-info/PKG-INFO
writing dependency_links to thruster_manager.egg-info/dependency_links.txt
writing entry points to thruster_manager.egg-info/entry_points.txt
writing requirements to thruster_manager.egg-info/requires.txt
writing top-level names to thruster_manager.egg-info/top_level.txt
writing manifest file 'thruster_manager.egg-info/SOURCES.txt'
reading manifest file 'thruster_manager.egg-info/SOURCES.txt'
writing manifest file 'thruster_manager.egg-info/SOURCES.txt'
running build_ext
Creating /home/linux/UWU-Blobfish/install/thruster_manager/lib/python3.10/site-packages/thruster-manager.egg-link (link to .)
Installing thruster_manager script to /home/linux/UWU-Blobfish/install/thruster_manager/lib/thruster_manager

Installed /home/linux/UWU-Blobfish/build/thruster_manager
running install_data
creating /home/linux/UWU-Blobfish/install/thruster_manager/share/ament_index
creating /home/linux/UWU-Blobfish/install/thruster_manager/share/ament_index/resource_index
creating /home/linux/UWU-Blobfish/install/thruster_manager/share/ament_index/resource_index/packages
copying resource/thruster_manager -> /home/linux/UWU-Blobfish/install/thruster_manager/share/ament_index/resource_index/packages
copying package.xml -> /home/linux/UWU-Blobfish/install/thruster_manager/share/thruster_manager
