[2.112s] Invoking command in '/home/linux/UWU-Blobfish/build/thruster_manager': AMENT_PREFIX_PATH=/home/linux/UWU-Blobfish/install/motor_msg:${AMENT_PREFIX_PATH} CMAKE_PREFIX_PATH=/home/linux/UWU-Blobfish/install/motor_msg LD_LIBRARY_PATH=/home/linux/UWU-Blobfish/install/motor_msg/lib:${LD_LIBRARY_PATH} PYTHONPATH=/home/linux/UWU-Blobfish/build/thruster_manager/prefix_override:/home/linux/UWU-Blobfish/install/thruster_manager/lib/python3.10/site-packages:/home/linux/UWU-Blobfish/install/motor_msg/local/lib/python3.10/dist-packages:${PYTHONPATH} /usr/bin/python3 setup.py develop --editable --build-directory /home/linux/UWU-Blobfish/build/thruster_manager/build --no-deps install_data
[2.597s] running develop
[2.598s] /usr/lib/python3/dist-packages/setuptools/command/easy_install.py:158: EasyInstallDeprecationWarning: easy_install command is deprecated. Use build and pip and other standards-based tools.
[2.599s]   warnings.warn(
[2.600s] /usr/lib/python3/dist-packages/setuptools/command/install.py:34: SetuptoolsDeprecationWarning: setup.py install is deprecated. Use build and pip and other standards-based tools.
[2.600s]   warnings.warn(
[3.048s] running egg_info
[3.048s] creating thruster_manager.egg-info
[3.048s] writing thruster_manager.egg-info/PKG-INFO
[3.055s] writing dependency_links to thruster_manager.egg-info/dependency_links.txt
[3.055s] writing entry points to thruster_manager.egg-info/entry_points.txt
[3.055s] writing requirements to thruster_manager.egg-info/requires.txt
[3.055s] writing top-level names to thruster_manager.egg-info/top_level.txt
[3.056s] writing manifest file 'thruster_manager.egg-info/SOURCES.txt'
[3.056s] reading manifest file 'thruster_manager.egg-info/SOURCES.txt'
[3.056s] writing manifest file 'thruster_manager.egg-info/SOURCES.txt'
[3.067s] running build_ext
[3.067s] Creating /home/linux/UWU-Blobfish/install/thruster_manager/lib/python3.10/site-packages/thruster-manager.egg-link (link to .)
[3.067s] Installing thruster_manager script to /home/linux/UWU-Blobfish/install/thruster_manager/lib/thruster_manager
[3.067s] 
[3.068s] Installed /home/linux/UWU-Blobfish/build/thruster_manager
[3.068s] running install_data
[3.068s] creating /home/linux/UWU-Blobfish/install/thruster_manager/share/ament_index
[3.068s] creating /home/linux/UWU-Blobfish/install/thruster_manager/share/ament_index/resource_index
[3.069s] creating /home/linux/UWU-Blobfish/install/thruster_manager/share/ament_index/resource_index/packages
[3.069s] copying resource/thruster_manager -> /home/linux/UWU-Blobfish/install/thruster_manager/share/ament_index/resource_index/packages
[3.069s] copying package.xml -> /home/linux/UWU-Blobfish/install/thruster_manager/share/thruster_manager
[3.244s] Invoked command in '/home/linux/UWU-Blobfish/build/thruster_manager' returned '0': AMENT_PREFIX_PATH=/home/linux/UWU-Blobfish/install/motor_msg:${AMENT_PREFIX_PATH} CMAKE_PREFIX_PATH=/home/linux/UWU-Blobfish/install/motor_msg LD_LIBRARY_PATH=/home/linux/UWU-Blobfish/install/motor_msg/lib:${LD_LIBRARY_PATH} PYTHONPATH=/home/linux/UWU-Blobfish/build/thruster_manager/prefix_override:/home/linux/UWU-Blobfish/install/thruster_manager/lib/python3.10/site-packages:/home/linux/UWU-Blobfish/install/motor_msg/local/lib/python3.10/dist-packages:${PYTHONPATH} /usr/bin/python3 setup.py develop --editable --build-directory /home/linux/UWU-Blobfish/build/thruster_manager/build --no-deps install_data
