[35m[1mConsolidate compiler generated dependencies of target motor_msg__rosidl_generator_c[0m
[  3%] Built target motor_msg__cpp
[ 12%] Built target motor_msg__rosidl_generator_c
[ 12%] Built target ament_cmake_python_symlink_motor_msg
[35m[1mConsolidate compiler generated dependencies of target motor_msg__rosidl_typesupport_introspection_cpp[0m
[35m[1mConsolidate compiler generated dependencies of target motor_msg__rosidl_typesupport_fastrtps_cpp[0m
[35m[1mConsolidate compiler generated dependencies of target motor_msg__rosidl_typesupport_cpp[0m
[35m[1mConsolidate compiler generated dependencies of target motor_msg__rosidl_typesupport_fastrtps_c[0m
[35m[1mConsolidate compiler generated dependencies of target motor_msg__rosidl_typesupport_introspection_c[0m
[35m[1mConsolidate compiler generated dependencies of target motor_msg__rosidl_typesupport_c[0m
[ 22%] Built target motor_msg__rosidl_typesupport_introspection_cpp
[ 32%] Built target motor_msg__rosidl_typesupport_introspection_c
[ 41%] Built target motor_msg__rosidl_typesupport_fastrtps_cpp
[ 51%] Built target motor_msg__rosidl_typesupport_fastrtps_c
[ 61%] Built target motor_msg__rosidl_typesupport_cpp
[ 70%] Built target motor_msg__rosidl_typesupport_c
[ 70%] Built target motor_msg
[ 74%] Built target motor_msg__py
[35m[1mConsolidate compiler generated dependencies of target motor_msg__rosidl_generator_py[0m
[ 80%] Built target motor_msg__rosidl_generator_py
[35m[1mConsolidate compiler generated dependencies of target motor_msg__rosidl_typesupport_introspection_c__pyext[0m
[35m[1mConsolidate compiler generated dependencies of target motor_msg__rosidl_typesupport_c__pyext[0m
[35m[1mConsolidate compiler generated dependencies of target motor_msg__rosidl_typesupport_fastrtps_c__pyext[0m
[ 87%] Built target motor_msg__rosidl_typesupport_c__pyext
[ 93%] Built target motor_msg__rosidl_typesupport_introspection_c__pyext
[100%] Built target motor_msg__rosidl_typesupport_fastrtps_c__pyext
running egg_info
writing motor_msg.egg-info/PKG-INFO
writing dependency_links to motor_msg.egg-info/dependency_links.txt
writing top-level names to motor_msg.egg-info/top_level.txt
reading manifest file 'motor_msg.egg-info/SOURCES.txt'
writing manifest file 'motor_msg.egg-info/SOURCES.txt'
[100%] Built target ament_cmake_python_build_motor_msg_egg
-- Install configuration: ""
-- Execute custom install script
-- Up-to-date symlink: /home/linux/UWU-Blobfish/install/motor_msg/share/ament_index/resource_index/rosidl_interfaces/motor_msg
-- Up-to-date symlink: /home/linux/UWU-Blobfish/install/motor_msg/include/motor_msg/motor_msg/msg/detail/motors__functions.h
-- Up-to-date symlink: /home/linux/UWU-Blobfish/install/motor_msg/include/motor_msg/motor_msg/msg/detail/motors__struct.h
-- Up-to-date symlink: /home/linux/UWU-Blobfish/install/motor_msg/include/motor_msg/motor_msg/msg/detail/motors__type_support.h
-- Up-to-date symlink: /home/linux/UWU-Blobfish/install/motor_msg/include/motor_msg/motor_msg/msg/motors.h
-- Up-to-date symlink: /home/linux/UWU-Blobfish/install/motor_msg/include/motor_msg/motor_msg/msg/rosidl_generator_c__visibility_control.h
-- Up-to-date symlink: /home/linux/UWU-Blobfish/install/motor_msg/share/motor_msg/environment/library_path.sh
-- Up-to-date symlink: /home/linux/UWU-Blobfish/install/motor_msg/share/motor_msg/environment/library_path.dsv
-- Up-to-date symlink: /home/linux/UWU-Blobfish/install/motor_msg/include/motor_msg/motor_msg/msg/detail/motors__rosidl_typesupport_fastrtps_c.h
-- Up-to-date symlink: /home/linux/UWU-Blobfish/install/motor_msg/include/motor_msg/motor_msg/msg/rosidl_typesupport_fastrtps_c__visibility_control.h
-- Up-to-date symlink: /home/linux/UWU-Blobfish/install/motor_msg/include/motor_msg/motor_msg/msg/detail/motors__rosidl_typesupport_introspection_c.h
-- Up-to-date symlink: /home/linux/UWU-Blobfish/install/motor_msg/include/motor_msg/motor_msg/msg/rosidl_typesupport_introspection_c__visibility_control.h
-- Up-to-date symlink: /home/linux/UWU-Blobfish/install/motor_msg/include/motor_msg/motor_msg/msg/detail/motors__builder.hpp
-- Up-to-date symlink: /home/linux/UWU-Blobfish/install/motor_msg/include/motor_msg/motor_msg/msg/detail/motors__struct.hpp
-- Up-to-date symlink: /home/linux/UWU-Blobfish/install/motor_msg/include/motor_msg/motor_msg/msg/detail/motors__traits.hpp
-- Up-to-date symlink: /home/linux/UWU-Blobfish/install/motor_msg/include/motor_msg/motor_msg/msg/motors.hpp
-- Up-to-date symlink: /home/linux/UWU-Blobfish/install/motor_msg/include/motor_msg/motor_msg/msg/detail/motors__rosidl_typesupport_fastrtps_cpp.hpp
-- Up-to-date symlink: /home/linux/UWU-Blobfish/install/motor_msg/include/motor_msg/motor_msg/msg/rosidl_typesupport_fastrtps_cpp__visibility_control.h
-- Up-to-date symlink: /home/linux/UWU-Blobfish/install/motor_msg/include/motor_msg/motor_msg/msg/detail/motors__rosidl_typesupport_introspection_cpp.hpp
-- Up-to-date symlink: /home/linux/UWU-Blobfish/install/motor_msg/share/motor_msg/environment/pythonpath.sh
-- Up-to-date symlink: /home/linux/UWU-Blobfish/install/motor_msg/share/motor_msg/environment/pythonpath.dsv
-- Up-to-date symlink: /home/linux/UWU-Blobfish/install/motor_msg/local/lib/python3.10/dist-packages/motor_msg-0.0.0-py3.10.egg-info/PKG-INFO
-- Up-to-date symlink: /home/linux/UWU-Blobfish/install/motor_msg/local/lib/python3.10/dist-packages/motor_msg-0.0.0-py3.10.egg-info/SOURCES.txt
-- Up-to-date symlink: /home/linux/UWU-Blobfish/install/motor_msg/local/lib/python3.10/dist-packages/motor_msg-0.0.0-py3.10.egg-info/dependency_links.txt
-- Up-to-date symlink: /home/linux/UWU-Blobfish/install/motor_msg/local/lib/python3.10/dist-packages/motor_msg-0.0.0-py3.10.egg-info/top_level.txt
-- Up-to-date symlink: /home/linux/UWU-Blobfish/install/motor_msg/local/lib/python3.10/dist-packages/motor_msg/__init__.py
-- Up-to-date symlink: /home/linux/UWU-Blobfish/install/motor_msg/local/lib/python3.10/dist-packages/motor_msg/_motor_msg_s.ep.rosidl_typesupport_c.c
-- Up-to-date symlink: /home/linux/UWU-Blobfish/install/motor_msg/local/lib/python3.10/dist-packages/motor_msg/_motor_msg_s.ep.rosidl_typesupport_fastrtps_c.c
-- Up-to-date symlink: /home/linux/UWU-Blobfish/install/motor_msg/local/lib/python3.10/dist-packages/motor_msg/_motor_msg_s.ep.rosidl_typesupport_introspection_c.c
-- Up-to-date symlink: /home/linux/UWU-Blobfish/install/motor_msg/local/lib/python3.10/dist-packages/motor_msg/libmotor_msg__rosidl_generator_py.so
-- Up-to-date symlink: /home/linux/UWU-Blobfish/install/motor_msg/local/lib/python3.10/dist-packages/motor_msg/motor_msg_s__rosidl_typesupport_c.cpython-310-x86_64-linux-gnu.so
-- Up-to-date symlink: /home/linux/UWU-Blobfish/install/motor_msg/local/lib/python3.10/dist-packages/motor_msg/motor_msg_s__rosidl_typesupport_fastrtps_c.cpython-310-x86_64-linux-gnu.so
-- Up-to-date symlink: /home/linux/UWU-Blobfish/install/motor_msg/local/lib/python3.10/dist-packages/motor_msg/motor_msg_s__rosidl_typesupport_introspection_c.cpython-310-x86_64-linux-gnu.so
-- Up-to-date symlink: /home/linux/UWU-Blobfish/install/motor_msg/local/lib/python3.10/dist-packages/motor_msg/msg/__init__.py
-- Up-to-date symlink: /home/linux/UWU-Blobfish/install/motor_msg/local/lib/python3.10/dist-packages/motor_msg/msg/_motors.py
-- Up-to-date symlink: /home/linux/UWU-Blobfish/install/motor_msg/local/lib/python3.10/dist-packages/motor_msg/msg/_motors_s.c
-- Up-to-date symlink: /home/linux/UWU-Blobfish/install/motor_msg/local/lib/python3.10/dist-packages/motor_msg/motor_msg_s__rosidl_typesupport_fastrtps_c.cpython-310-x86_64-linux-gnu.so
-- Up-to-date symlink: /home/linux/UWU-Blobfish/install/motor_msg/local/lib/python3.10/dist-packages/motor_msg/motor_msg_s__rosidl_typesupport_introspection_c.cpython-310-x86_64-linux-gnu.so
-- Up-to-date symlink: /home/linux/UWU-Blobfish/install/motor_msg/local/lib/python3.10/dist-packages/motor_msg/motor_msg_s__rosidl_typesupport_c.cpython-310-x86_64-linux-gnu.so
-- Up-to-date symlink: /home/linux/UWU-Blobfish/install/motor_msg/share/motor_msg/msg/Motors.idl
-- Up-to-date symlink: /home/linux/UWU-Blobfish/install/motor_msg/share/motor_msg/msg/Motors.msg
-- Up-to-date symlink: /home/linux/UWU-Blobfish/install/motor_msg/share/ament_index/resource_index/package_run_dependencies/motor_msg
-- Up-to-date symlink: /home/linux/UWU-Blobfish/install/motor_msg/share/ament_index/resource_index/parent_prefix_path/motor_msg
-- Up-to-date symlink: /home/linux/UWU-Blobfish/install/motor_msg/share/motor_msg/environment/ament_prefix_path.sh
-- Up-to-date symlink: /home/linux/UWU-Blobfish/install/motor_msg/share/motor_msg/environment/ament_prefix_path.dsv
-- Up-to-date symlink: /home/linux/UWU-Blobfish/install/motor_msg/share/motor_msg/environment/path.sh
-- Up-to-date symlink: /home/linux/UWU-Blobfish/install/motor_msg/share/motor_msg/environment/path.dsv
-- Up-to-date symlink: /home/linux/UWU-Blobfish/install/motor_msg/share/motor_msg/local_setup.bash
-- Up-to-date symlink: /home/linux/UWU-Blobfish/install/motor_msg/share/motor_msg/local_setup.sh
-- Up-to-date symlink: /home/linux/UWU-Blobfish/install/motor_msg/share/motor_msg/local_setup.zsh
-- Up-to-date symlink: /home/linux/UWU-Blobfish/install/motor_msg/share/motor_msg/local_setup.dsv
-- Symlinking: /home/linux/UWU-Blobfish/install/motor_msg/share/motor_msg/package.dsv
-- Up-to-date symlink: /home/linux/UWU-Blobfish/install/motor_msg/share/ament_index/resource_index/packages/motor_msg
-- Up-to-date symlink: /home/linux/UWU-Blobfish/install/motor_msg/share/motor_msg/cmake/rosidl_cmake-extras.cmake
-- Up-to-date symlink: /home/linux/UWU-Blobfish/install/motor_msg/share/motor_msg/cmake/ament_cmake_export_include_directories-extras.cmake
-- Up-to-date symlink: /home/linux/UWU-Blobfish/install/motor_msg/share/motor_msg/cmake/ament_cmake_export_libraries-extras.cmake
-- Up-to-date symlink: /home/linux/UWU-Blobfish/install/motor_msg/share/motor_msg/cmake/ament_cmake_export_targets-extras.cmake
-- Up-to-date symlink: /home/linux/UWU-Blobfish/install/motor_msg/share/motor_msg/cmake/rosidl_cmake_export_typesupport_targets-extras.cmake
-- Up-to-date symlink: /home/linux/UWU-Blobfish/install/motor_msg/share/motor_msg/cmake/ament_cmake_export_dependencies-extras.cmake
-- Up-to-date symlink: /home/linux/UWU-Blobfish/install/motor_msg/share/motor_msg/cmake/rosidl_cmake_export_typesupport_libraries-extras.cmake
-- Up-to-date symlink: /home/linux/UWU-Blobfish/install/motor_msg/share/motor_msg/cmake/motor_msgConfig.cmake
-- Up-to-date symlink: /home/linux/UWU-Blobfish/install/motor_msg/share/motor_msg/cmake/motor_msgConfig-version.cmake
-- Up-to-date symlink: /home/linux/UWU-Blobfish/install/motor_msg/share/motor_msg/package.xml
-- Up-to-date: /home/linux/UWU-Blobfish/install/motor_msg/lib/libmotor_msg__rosidl_generator_c.so
-- Up-to-date: /home/linux/UWU-Blobfish/install/motor_msg/lib/libmotor_msg__rosidl_typesupport_fastrtps_c.so
-- Up-to-date: /home/linux/UWU-Blobfish/install/motor_msg/lib/libmotor_msg__rosidl_typesupport_introspection_c.so
-- Up-to-date: /home/linux/UWU-Blobfish/install/motor_msg/lib/libmotor_msg__rosidl_typesupport_c.so
-- Up-to-date: /home/linux/UWU-Blobfish/install/motor_msg/lib/libmotor_msg__rosidl_typesupport_fastrtps_cpp.so
-- Up-to-date: /home/linux/UWU-Blobfish/install/motor_msg/lib/libmotor_msg__rosidl_typesupport_introspection_cpp.so
-- Up-to-date: /home/linux/UWU-Blobfish/install/motor_msg/lib/libmotor_msg__rosidl_typesupport_cpp.so
Listing '/home/linux/UWU-Blobfish/install/motor_msg/local/lib/python3.10/dist-packages/motor_msg'...
Listing '/home/linux/UWU-Blobfish/install/motor_msg/local/lib/python3.10/dist-packages/motor_msg/msg'...
-- Up-to-date: /home/linux/UWU-Blobfish/install/motor_msg/lib/libmotor_msg__rosidl_generator_py.so
-- Up-to-date: /home/linux/UWU-Blobfish/install/motor_msg/share/motor_msg/cmake/export_motor_msg__rosidl_generator_cExport.cmake
-- Up-to-date: /home/linux/UWU-Blobfish/install/motor_msg/share/motor_msg/cmake/export_motor_msg__rosidl_generator_cExport-noconfig.cmake
-- Up-to-date: /home/linux/UWU-Blobfish/install/motor_msg/share/motor_msg/cmake/export_motor_msg__rosidl_typesupport_fastrtps_cExport.cmake
-- Up-to-date: /home/linux/UWU-Blobfish/install/motor_msg/share/motor_msg/cmake/export_motor_msg__rosidl_typesupport_fastrtps_cExport-noconfig.cmake
-- Up-to-date: /home/linux/UWU-Blobfish/install/motor_msg/share/motor_msg/cmake/motor_msg__rosidl_typesupport_introspection_cExport.cmake
-- Up-to-date: /home/linux/UWU-Blobfish/install/motor_msg/share/motor_msg/cmake/motor_msg__rosidl_typesupport_introspection_cExport-noconfig.cmake
-- Up-to-date: /home/linux/UWU-Blobfish/install/motor_msg/share/motor_msg/cmake/motor_msg__rosidl_typesupport_cExport.cmake
-- Up-to-date: /home/linux/UWU-Blobfish/install/motor_msg/share/motor_msg/cmake/motor_msg__rosidl_typesupport_cExport-noconfig.cmake
-- Up-to-date: /home/linux/UWU-Blobfish/install/motor_msg/share/motor_msg/cmake/export_motor_msg__rosidl_generator_cppExport.cmake
-- Up-to-date: /home/linux/UWU-Blobfish/install/motor_msg/share/motor_msg/cmake/export_motor_msg__rosidl_typesupport_fastrtps_cppExport.cmake
-- Up-to-date: /home/linux/UWU-Blobfish/install/motor_msg/share/motor_msg/cmake/export_motor_msg__rosidl_typesupport_fastrtps_cppExport-noconfig.cmake
-- Up-to-date: /home/linux/UWU-Blobfish/install/motor_msg/share/motor_msg/cmake/motor_msg__rosidl_typesupport_introspection_cppExport.cmake
-- Up-to-date: /home/linux/UWU-Blobfish/install/motor_msg/share/motor_msg/cmake/motor_msg__rosidl_typesupport_introspection_cppExport-noconfig.cmake
-- Up-to-date: /home/linux/UWU-Blobfish/install/motor_msg/share/motor_msg/cmake/motor_msg__rosidl_typesupport_cppExport.cmake
-- Up-to-date: /home/linux/UWU-Blobfish/install/motor_msg/share/motor_msg/cmake/motor_msg__rosidl_typesupport_cppExport-noconfig.cmake
-- Up-to-date: /home/linux/UWU-Blobfish/install/motor_msg/share/motor_msg/cmake/export_motor_msg__rosidl_generator_pyExport.cmake
-- Up-to-date: /home/linux/UWU-Blobfish/install/motor_msg/share/motor_msg/cmake/export_motor_msg__rosidl_generator_pyExport-noconfig.cmake
