[1.001s] DEBUG:colcon:Command line arguments: ['/usr/bin/colcon', 'build', '--symlink-install']
[1.001s] DEBUG:colcon:Parsed command line arguments: Namespace(log_base=None, log_level=None, verb_name='build', build_base='build', install_base='install', merge_install=False, symlink_install=True, test_result_base=None, continue_on_error=False, executor='parallel', parallel_workers=6, event_handlers=None, ignore_user_meta=False, metas=['./colcon.meta'], base_paths=['.'], packages_ignore=None, packages_ignore_regex=None, paths=None, packages_up_to=None, packages_up_to_regex=None, packages_above=None, packages_above_and_dependencies=None, packages_above_depth=None, packages_select_by_dep=None, packages_skip_by_dep=None, packages_skip_up_to=None, packages_select_build_failed=False, packages_skip_build_finished=False, packages_select_test_failures=False, packages_skip_test_passed=False, packages_select=None, packages_skip=None, packages_select_regex=None, packages_skip_regex=None, packages_start=None, packages_end=None, allow_overriding=[], cmake_args=None, cmake_target=None, cmake_target_skip_unavailable=False, cmake_clean_cache=False, cmake_clean_first=False, cmake_force_configure=False, ament_cmake_args=None, catkin_cmake_args=None, catkin_skip_building_tests=False, verb_parser=<colcon_defaults.argument_parser.defaults.DefaultArgumentsDecorator object at 0x7f1275b5d3c0>, verb_extension=<colcon_core.verb.build.BuildVerb object at 0x7f127699fd90>, main=<bound method BuildVerb.main of <colcon_core.verb.build.BuildVerb object at 0x7f127699fd90>>)
[1.047s] Level 1:colcon.colcon_core.package_discovery:discover_packages(colcon_meta) check parameters
[1.047s] Level 1:colcon.colcon_core.package_discovery:discover_packages(recursive) check parameters
[1.047s] Level 1:colcon.colcon_core.package_discovery:discover_packages(ignore) check parameters
[1.047s] Level 1:colcon.colcon_core.package_discovery:discover_packages(path) check parameters
[1.047s] Level 1:colcon.colcon_core.package_discovery:discover_packages(colcon_meta) discover
[1.047s] Level 1:colcon.colcon_core.package_discovery:discover_packages(recursive) discover
[1.047s] INFO:colcon.colcon_core.package_discovery:Crawling recursively for packages in '/home/linux/UWU-Blobfish'
[1.047s] Level 1:colcon.colcon_core.package_identification:_identify(.) by extensions ['ignore', 'ignore_ament_install']
[1.050s] Level 1:colcon.colcon_core.package_identification:_identify(.) by extension 'ignore'
[1.050s] Level 1:colcon.colcon_core.package_identification:_identify(.) by extension 'ignore_ament_install'
[1.050s] Level 1:colcon.colcon_core.package_identification:_identify(.) by extensions ['colcon_pkg']
[1.051s] Level 1:colcon.colcon_core.package_identification:_identify(.) by extension 'colcon_pkg'
[1.051s] Level 1:colcon.colcon_core.package_identification:_identify(.) by extensions ['colcon_meta']
[1.051s] Level 1:colcon.colcon_core.package_identification:_identify(.) by extension 'colcon_meta'
[1.052s] Level 1:colcon.colcon_core.package_identification:_identify(.) by extensions ['ros']
[1.052s] Level 1:colcon.colcon_core.package_identification:_identify(.) by extension 'ros'
[1.062s] Level 1:colcon.colcon_core.package_identification:_identify(.) by extensions ['cmake', 'python']
[1.063s] Level 1:colcon.colcon_core.package_identification:_identify(.) by extension 'cmake'
[1.063s] Level 1:colcon.colcon_core.package_identification:_identify(.) by extension 'python'
[1.063s] Level 1:colcon.colcon_core.package_identification:_identify(.) by extensions ['python_setup_py']
[1.063s] Level 1:colcon.colcon_core.package_identification:_identify(.) by extension 'python_setup_py'
[1.063s] Level 1:colcon.colcon_core.package_identification:_identify(arduino) by extensions ['ignore', 'ignore_ament_install']
[1.063s] Level 1:colcon.colcon_core.package_identification:_identify(arduino) by extension 'ignore'
[1.063s] Level 1:colcon.colcon_core.package_identification:_identify(arduino) by extension 'ignore_ament_install'
[1.063s] Level 1:colcon.colcon_core.package_identification:_identify(arduino) by extensions ['colcon_pkg']
[1.063s] Level 1:colcon.colcon_core.package_identification:_identify(arduino) by extension 'colcon_pkg'
[1.063s] Level 1:colcon.colcon_core.package_identification:_identify(arduino) by extensions ['colcon_meta']
[1.063s] Level 1:colcon.colcon_core.package_identification:_identify(arduino) by extension 'colcon_meta'
[1.063s] Level 1:colcon.colcon_core.package_identification:_identify(arduino) by extensions ['ros']
[1.063s] Level 1:colcon.colcon_core.package_identification:_identify(arduino) by extension 'ros'
[1.064s] Level 1:colcon.colcon_core.package_identification:_identify(arduino) by extensions ['cmake', 'python']
[1.064s] Level 1:colcon.colcon_core.package_identification:_identify(arduino) by extension 'cmake'
[1.064s] Level 1:colcon.colcon_core.package_identification:_identify(arduino) by extension 'python'
[1.064s] Level 1:colcon.colcon_core.package_identification:_identify(arduino) by extensions ['python_setup_py']
[1.064s] Level 1:colcon.colcon_core.package_identification:_identify(arduino) by extension 'python_setup_py'
[1.064s] Level 1:colcon.colcon_core.package_identification:_identify(arduino/main) by extensions ['ignore', 'ignore_ament_install']
[1.065s] Level 1:colcon.colcon_core.package_identification:_identify(arduino/main) by extension 'ignore'
[1.065s] Level 1:colcon.colcon_core.package_identification:_identify(arduino/main) by extension 'ignore_ament_install'
[1.066s] Level 1:colcon.colcon_core.package_identification:_identify(arduino/main) by extensions ['colcon_pkg']
[1.066s] Level 1:colcon.colcon_core.package_identification:_identify(arduino/main) by extension 'colcon_pkg'
[1.066s] Level 1:colcon.colcon_core.package_identification:_identify(arduino/main) by extensions ['colcon_meta']
[1.066s] Level 1:colcon.colcon_core.package_identification:_identify(arduino/main) by extension 'colcon_meta'
[1.066s] Level 1:colcon.colcon_core.package_identification:_identify(arduino/main) by extensions ['ros']
[1.066s] Level 1:colcon.colcon_core.package_identification:_identify(arduino/main) by extension 'ros'
[1.067s] Level 1:colcon.colcon_core.package_identification:_identify(arduino/main) by extensions ['cmake', 'python']
[1.068s] Level 1:colcon.colcon_core.package_identification:_identify(arduino/main) by extension 'cmake'
[1.069s] Level 1:colcon.colcon_core.package_identification:_identify(arduino/main) by extension 'python'
[1.069s] Level 1:colcon.colcon_core.package_identification:_identify(arduino/main) by extensions ['python_setup_py']
[1.069s] Level 1:colcon.colcon_core.package_identification:_identify(arduino/main) by extension 'python_setup_py'
[1.069s] Level 1:colcon.colcon_core.package_identification:_identify(build) by extensions ['ignore', 'ignore_ament_install']
[1.070s] Level 1:colcon.colcon_core.package_identification:_identify(build) by extension 'ignore'
[1.081s] Level 1:colcon.colcon_core.package_identification:_identify(build) ignored
[1.081s] Level 1:colcon.colcon_core.package_identification:_identify(docker) by extensions ['ignore', 'ignore_ament_install']
[1.081s] Level 1:colcon.colcon_core.package_identification:_identify(docker) by extension 'ignore'
[1.081s] Level 1:colcon.colcon_core.package_identification:_identify(docker) by extension 'ignore_ament_install'
[1.081s] Level 1:colcon.colcon_core.package_identification:_identify(docker) by extensions ['colcon_pkg']
[1.081s] Level 1:colcon.colcon_core.package_identification:_identify(docker) by extension 'colcon_pkg'
[1.081s] Level 1:colcon.colcon_core.package_identification:_identify(docker) by extensions ['colcon_meta']
[1.081s] Level 1:colcon.colcon_core.package_identification:_identify(docker) by extension 'colcon_meta'
[1.082s] Level 1:colcon.colcon_core.package_identification:_identify(docker) by extensions ['ros']
[1.082s] Level 1:colcon.colcon_core.package_identification:_identify(docker) by extension 'ros'
[1.082s] Level 1:colcon.colcon_core.package_identification:_identify(docker) by extensions ['cmake', 'python']
[1.082s] Level 1:colcon.colcon_core.package_identification:_identify(docker) by extension 'cmake'
[1.082s] Level 1:colcon.colcon_core.package_identification:_identify(docker) by extension 'python'
[1.082s] Level 1:colcon.colcon_core.package_identification:_identify(docker) by extensions ['python_setup_py']
[1.082s] Level 1:colcon.colcon_core.package_identification:_identify(docker) by extension 'python_setup_py'
[1.082s] Level 1:colcon.colcon_core.package_identification:_identify(install) by extensions ['ignore', 'ignore_ament_install']
[1.082s] Level 1:colcon.colcon_core.package_identification:_identify(install) by extension 'ignore'
[1.082s] Level 1:colcon.colcon_core.package_identification:_identify(install) ignored
[1.082s] Level 1:colcon.colcon_core.package_identification:_identify(log) by extensions ['ignore', 'ignore_ament_install']
[1.082s] Level 1:colcon.colcon_core.package_identification:_identify(log) by extension 'ignore'
[1.082s] Level 1:colcon.colcon_core.package_identification:_identify(log) ignored
[1.082s] Level 1:colcon.colcon_core.package_identification:_identify(uwu_main) by extensions ['ignore', 'ignore_ament_install']
[1.082s] Level 1:colcon.colcon_core.package_identification:_identify(uwu_main) by extension 'ignore'
[1.082s] Level 1:colcon.colcon_core.package_identification:_identify(uwu_main) by extension 'ignore_ament_install'
[1.083s] Level 1:colcon.colcon_core.package_identification:_identify(uwu_main) by extensions ['colcon_pkg']
[1.083s] Level 1:colcon.colcon_core.package_identification:_identify(uwu_main) by extension 'colcon_pkg'
[1.083s] Level 1:colcon.colcon_core.package_identification:_identify(uwu_main) by extensions ['colcon_meta']
[1.083s] Level 1:colcon.colcon_core.package_identification:_identify(uwu_main) by extension 'colcon_meta'
[1.083s] Level 1:colcon.colcon_core.package_identification:_identify(uwu_main) by extensions ['ros']
[1.083s] Level 1:colcon.colcon_core.package_identification:_identify(uwu_main) by extension 'ros'
[1.083s] Level 1:colcon.colcon_core.package_identification:_identify(uwu_main) by extensions ['cmake', 'python']
[1.083s] Level 1:colcon.colcon_core.package_identification:_identify(uwu_main) by extension 'cmake'
[1.083s] Level 1:colcon.colcon_core.package_identification:_identify(uwu_main) by extension 'python'
[1.083s] Level 1:colcon.colcon_core.package_identification:_identify(uwu_main) by extensions ['python_setup_py']
[1.083s] Level 1:colcon.colcon_core.package_identification:_identify(uwu_main) by extension 'python_setup_py'
[1.083s] Level 1:colcon.colcon_core.package_identification:_identify(uwu_main/src) by extensions ['ignore', 'ignore_ament_install']
[1.083s] Level 1:colcon.colcon_core.package_identification:_identify(uwu_main/src) by extension 'ignore'
[1.083s] Level 1:colcon.colcon_core.package_identification:_identify(uwu_main/src) by extension 'ignore_ament_install'
[1.083s] Level 1:colcon.colcon_core.package_identification:_identify(uwu_main/src) by extensions ['colcon_pkg']
[1.083s] Level 1:colcon.colcon_core.package_identification:_identify(uwu_main/src) by extension 'colcon_pkg'
[1.083s] Level 1:colcon.colcon_core.package_identification:_identify(uwu_main/src) by extensions ['colcon_meta']
[1.083s] Level 1:colcon.colcon_core.package_identification:_identify(uwu_main/src) by extension 'colcon_meta'
[1.083s] Level 1:colcon.colcon_core.package_identification:_identify(uwu_main/src) by extensions ['ros']
[1.083s] Level 1:colcon.colcon_core.package_identification:_identify(uwu_main/src) by extension 'ros'
[1.084s] Level 1:colcon.colcon_core.package_identification:_identify(uwu_main/src) by extensions ['cmake', 'python']
[1.084s] Level 1:colcon.colcon_core.package_identification:_identify(uwu_main/src) by extension 'cmake'
[1.084s] Level 1:colcon.colcon_core.package_identification:_identify(uwu_main/src) by extension 'python'
[1.084s] Level 1:colcon.colcon_core.package_identification:_identify(uwu_main/src) by extensions ['python_setup_py']
[1.084s] Level 1:colcon.colcon_core.package_identification:_identify(uwu_main/src) by extension 'python_setup_py'
[1.084s] Level 1:colcon.colcon_core.package_identification:_identify(uwu_main/src/arduino_bridge) by extensions ['ignore', 'ignore_ament_install']
[1.084s] Level 1:colcon.colcon_core.package_identification:_identify(uwu_main/src/arduino_bridge) by extension 'ignore'
[1.084s] Level 1:colcon.colcon_core.package_identification:_identify(uwu_main/src/arduino_bridge) by extension 'ignore_ament_install'
[1.085s] Level 1:colcon.colcon_core.package_identification:_identify(uwu_main/src/arduino_bridge) by extensions ['colcon_pkg']
[1.085s] Level 1:colcon.colcon_core.package_identification:_identify(uwu_main/src/arduino_bridge) by extension 'colcon_pkg'
[1.085s] Level 1:colcon.colcon_core.package_identification:_identify(uwu_main/src/arduino_bridge) by extensions ['colcon_meta']
[1.085s] Level 1:colcon.colcon_core.package_identification:_identify(uwu_main/src/arduino_bridge) by extension 'colcon_meta'
[1.085s] Level 1:colcon.colcon_core.package_identification:_identify(uwu_main/src/arduino_bridge) by extensions ['ros']
[1.085s] Level 1:colcon.colcon_core.package_identification:_identify(uwu_main/src/arduino_bridge) by extension 'ros'
[1.087s] DEBUG:colcon.colcon_core.package_identification:Package 'uwu_main/src/arduino_bridge' with type 'ros.ament_python' and name 'arduino_bridge'
[1.087s] Level 1:colcon.colcon_core.package_identification:_identify(uwu_main/src/motor_msg) by extensions ['ignore', 'ignore_ament_install']
[1.088s] Level 1:colcon.colcon_core.package_identification:_identify(uwu_main/src/motor_msg) by extension 'ignore'
[1.088s] Level 1:colcon.colcon_core.package_identification:_identify(uwu_main/src/motor_msg) by extension 'ignore_ament_install'
[1.088s] Level 1:colcon.colcon_core.package_identification:_identify(uwu_main/src/motor_msg) by extensions ['colcon_pkg']
[1.088s] Level 1:colcon.colcon_core.package_identification:_identify(uwu_main/src/motor_msg) by extension 'colcon_pkg'
[1.088s] Level 1:colcon.colcon_core.package_identification:_identify(uwu_main/src/motor_msg) by extensions ['colcon_meta']
[1.088s] Level 1:colcon.colcon_core.package_identification:_identify(uwu_main/src/motor_msg) by extension 'colcon_meta'
[1.088s] Level 1:colcon.colcon_core.package_identification:_identify(uwu_main/src/motor_msg) by extensions ['ros']
[1.088s] Level 1:colcon.colcon_core.package_identification:_identify(uwu_main/src/motor_msg) by extension 'ros'
[1.088s] DEBUG:colcon.colcon_core.package_identification:Package 'uwu_main/src/motor_msg' with type 'ros.ament_cmake' and name 'motor_msg'
[1.088s] Level 1:colcon.colcon_core.package_identification:_identify(uwu_main/src/pid_package) by extensions ['ignore', 'ignore_ament_install']
[1.088s] Level 1:colcon.colcon_core.package_identification:_identify(uwu_main/src/pid_package) by extension 'ignore'
[1.089s] Level 1:colcon.colcon_core.package_identification:_identify(uwu_main/src/pid_package) by extension 'ignore_ament_install'
[1.089s] Level 1:colcon.colcon_core.package_identification:_identify(uwu_main/src/pid_package) by extensions ['colcon_pkg']
[1.089s] Level 1:colcon.colcon_core.package_identification:_identify(uwu_main/src/pid_package) by extension 'colcon_pkg'
[1.089s] Level 1:colcon.colcon_core.package_identification:_identify(uwu_main/src/pid_package) by extensions ['colcon_meta']
[1.089s] Level 1:colcon.colcon_core.package_identification:_identify(uwu_main/src/pid_package) by extension 'colcon_meta'
[1.089s] Level 1:colcon.colcon_core.package_identification:_identify(uwu_main/src/pid_package) by extensions ['ros']
[1.089s] Level 1:colcon.colcon_core.package_identification:_identify(uwu_main/src/pid_package) by extension 'ros'
[1.090s] DEBUG:colcon.colcon_core.package_identification:Package 'uwu_main/src/pid_package' with type 'ros.ament_python' and name 'pid_package'
[1.090s] Level 1:colcon.colcon_core.package_identification:_identify(uwu_main/src/thruster_manager) by extensions ['ignore', 'ignore_ament_install']
[1.090s] Level 1:colcon.colcon_core.package_identification:_identify(uwu_main/src/thruster_manager) by extension 'ignore'
[1.090s] Level 1:colcon.colcon_core.package_identification:_identify(uwu_main/src/thruster_manager) by extension 'ignore_ament_install'
[1.090s] Level 1:colcon.colcon_core.package_identification:_identify(uwu_main/src/thruster_manager) by extensions ['colcon_pkg']
[1.090s] Level 1:colcon.colcon_core.package_identification:_identify(uwu_main/src/thruster_manager) by extension 'colcon_pkg'
[1.090s] Level 1:colcon.colcon_core.package_identification:_identify(uwu_main/src/thruster_manager) by extensions ['colcon_meta']
[1.090s] Level 1:colcon.colcon_core.package_identification:_identify(uwu_main/src/thruster_manager) by extension 'colcon_meta'
[1.090s] Level 1:colcon.colcon_core.package_identification:_identify(uwu_main/src/thruster_manager) by extensions ['ros']
[1.090s] Level 1:colcon.colcon_core.package_identification:_identify(uwu_main/src/thruster_manager) by extension 'ros'
[1.091s] DEBUG:colcon.colcon_core.package_identification:Package 'uwu_main/src/thruster_manager' with type 'ros.ament_python' and name 'thruster_manager'
[1.091s] Level 1:colcon.colcon_core.package_identification:_identify(uwu_main/vectornav) by extensions ['ignore', 'ignore_ament_install']
[1.091s] Level 1:colcon.colcon_core.package_identification:_identify(uwu_main/vectornav) by extension 'ignore'
[1.091s] Level 1:colcon.colcon_core.package_identification:_identify(uwu_main/vectornav) by extension 'ignore_ament_install'
[1.091s] Level 1:colcon.colcon_core.package_identification:_identify(uwu_main/vectornav) by extensions ['colcon_pkg']
[1.091s] Level 1:colcon.colcon_core.package_identification:_identify(uwu_main/vectornav) by extension 'colcon_pkg'
[1.091s] Level 1:colcon.colcon_core.package_identification:_identify(uwu_main/vectornav) by extensions ['colcon_meta']
[1.091s] Level 1:colcon.colcon_core.package_identification:_identify(uwu_main/vectornav) by extension 'colcon_meta'
[1.091s] Level 1:colcon.colcon_core.package_identification:_identify(uwu_main/vectornav) by extensions ['ros']
[1.091s] Level 1:colcon.colcon_core.package_identification:_identify(uwu_main/vectornav) by extension 'ros'
[1.091s] Level 1:colcon.colcon_core.package_identification:_identify(uwu_main/vectornav) by extensions ['cmake', 'python']
[1.091s] Level 1:colcon.colcon_core.package_identification:_identify(uwu_main/vectornav) by extension 'cmake'
[1.092s] Level 1:colcon.colcon_core.package_identification:_identify(uwu_main/vectornav) by extension 'python'
[1.092s] Level 1:colcon.colcon_core.package_identification:_identify(uwu_main/vectornav) by extensions ['python_setup_py']
[1.092s] Level 1:colcon.colcon_core.package_identification:_identify(uwu_main/vectornav) by extension 'python_setup_py'
[1.092s] Level 1:colcon.colcon_core.package_identification:_identify(uwu_main/vectornav/vectornav) by extensions ['ignore', 'ignore_ament_install']
[1.092s] Level 1:colcon.colcon_core.package_identification:_identify(uwu_main/vectornav/vectornav) by extension 'ignore'
[1.092s] Level 1:colcon.colcon_core.package_identification:_identify(uwu_main/vectornav/vectornav) by extension 'ignore_ament_install'
[1.092s] Level 1:colcon.colcon_core.package_identification:_identify(uwu_main/vectornav/vectornav) by extensions ['colcon_pkg']
[1.092s] Level 1:colcon.colcon_core.package_identification:_identify(uwu_main/vectornav/vectornav) by extension 'colcon_pkg'
[1.092s] Level 1:colcon.colcon_core.package_identification:_identify(uwu_main/vectornav/vectornav) by extensions ['colcon_meta']
[1.092s] Level 1:colcon.colcon_core.package_identification:_identify(uwu_main/vectornav/vectornav) by extension 'colcon_meta'
[1.092s] Level 1:colcon.colcon_core.package_identification:_identify(uwu_main/vectornav/vectornav) by extensions ['ros']
[1.092s] Level 1:colcon.colcon_core.package_identification:_identify(uwu_main/vectornav/vectornav) by extension 'ros'
[1.093s] DEBUG:colcon.colcon_core.package_identification:Package 'uwu_main/vectornav/vectornav' with type 'ros.ament_cmake' and name 'vectornav'
[1.093s] Level 1:colcon.colcon_core.package_identification:_identify(uwu_main/vectornav/vectornav_msgs) by extensions ['ignore', 'ignore_ament_install']
[1.093s] Level 1:colcon.colcon_core.package_identification:_identify(uwu_main/vectornav/vectornav_msgs) by extension 'ignore'
[1.093s] Level 1:colcon.colcon_core.package_identification:_identify(uwu_main/vectornav/vectornav_msgs) by extension 'ignore_ament_install'
[1.093s] Level 1:colcon.colcon_core.package_identification:_identify(uwu_main/vectornav/vectornav_msgs) by extensions ['colcon_pkg']
[1.093s] Level 1:colcon.colcon_core.package_identification:_identify(uwu_main/vectornav/vectornav_msgs) by extension 'colcon_pkg'
[1.093s] Level 1:colcon.colcon_core.package_identification:_identify(uwu_main/vectornav/vectornav_msgs) by extensions ['colcon_meta']
[1.094s] Level 1:colcon.colcon_core.package_identification:_identify(uwu_main/vectornav/vectornav_msgs) by extension 'colcon_meta'
[1.094s] Level 1:colcon.colcon_core.package_identification:_identify(uwu_main/vectornav/vectornav_msgs) by extensions ['ros']
[1.094s] Level 1:colcon.colcon_core.package_identification:_identify(uwu_main/vectornav/vectornav_msgs) by extension 'ros'
[1.094s] DEBUG:colcon.colcon_core.package_identification:Package 'uwu_main/vectornav/vectornav_msgs' with type 'ros.ament_cmake' and name 'vectornav_msgs'
[1.094s] Level 1:colcon.colcon_core.package_discovery:discover_packages(recursive) using defaults
[1.094s] Level 1:colcon.colcon_core.package_discovery:discover_packages(ignore) discover
[1.094s] Level 1:colcon.colcon_core.package_discovery:discover_packages(ignore) using defaults
[1.094s] Level 1:colcon.colcon_core.package_discovery:discover_packages(path) discover
[1.094s] Level 1:colcon.colcon_core.package_discovery:discover_packages(path) using defaults
[1.191s] Level 1:colcon.colcon_core.package_discovery:discover_packages(prefix_path) check parameters
[1.191s] Level 1:colcon.colcon_core.package_discovery:discover_packages(prefix_path) discover
[1.228s] DEBUG:colcon.colcon_installed_package_information.package_discovery:Found 6 installed packages in /home/linux/UWU-Blobfish/install
[1.243s] DEBUG:colcon.colcon_installed_package_information.package_discovery:Found 321 installed packages in /opt/ros/humble
[1.244s] Level 1:colcon.colcon_core.package_discovery:discover_packages(prefix_path) using defaults
[1.341s] Level 5:colcon.colcon_core.verb:set package 'motor_msg' build argument 'cmake_args' from command line to 'None'
[1.342s] Level 5:colcon.colcon_core.verb:set package 'motor_msg' build argument 'cmake_target' from command line to 'None'
[1.342s] Level 5:colcon.colcon_core.verb:set package 'motor_msg' build argument 'cmake_target_skip_unavailable' from command line to 'False'
[1.342s] Level 5:colcon.colcon_core.verb:set package 'motor_msg' build argument 'cmake_clean_cache' from command line to 'False'
[1.342s] Level 5:colcon.colcon_core.verb:set package 'motor_msg' build argument 'cmake_clean_first' from command line to 'False'
[1.342s] Level 5:colcon.colcon_core.verb:set package 'motor_msg' build argument 'cmake_force_configure' from command line to 'False'
[1.342s] Level 5:colcon.colcon_core.verb:set package 'motor_msg' build argument 'ament_cmake_args' from command line to 'None'
[1.342s] Level 5:colcon.colcon_core.verb:set package 'motor_msg' build argument 'catkin_cmake_args' from command line to 'None'
[1.342s] Level 5:colcon.colcon_core.verb:set package 'motor_msg' build argument 'catkin_skip_building_tests' from command line to 'False'
[1.342s] DEBUG:colcon.colcon_core.verb:Building package 'motor_msg' with the following arguments: {'ament_cmake_args': None, 'build_base': '/home/linux/UWU-Blobfish/build/motor_msg', 'catkin_cmake_args': None, 'catkin_skip_building_tests': False, 'cmake_args': None, 'cmake_clean_cache': False, 'cmake_clean_first': False, 'cmake_force_configure': False, 'cmake_target': None, 'cmake_target_skip_unavailable': False, 'install_base': '/home/linux/UWU-Blobfish/install/motor_msg', 'merge_install': False, 'path': '/home/linux/UWU-Blobfish/uwu_main/src/motor_msg', 'symlink_install': True, 'test_result_base': None}
[1.361s] Level 5:colcon.colcon_core.verb:set package 'pid_package' build argument 'cmake_args' from command line to 'None'
[1.362s] Level 5:colcon.colcon_core.verb:set package 'pid_package' build argument 'cmake_target' from command line to 'None'
[1.362s] Level 5:colcon.colcon_core.verb:set package 'pid_package' build argument 'cmake_target_skip_unavailable' from command line to 'False'
[1.363s] Level 5:colcon.colcon_core.verb:set package 'pid_package' build argument 'cmake_clean_cache' from command line to 'False'
[1.363s] Level 5:colcon.colcon_core.verb:set package 'pid_package' build argument 'cmake_clean_first' from command line to 'False'
[1.363s] Level 5:colcon.colcon_core.verb:set package 'pid_package' build argument 'cmake_force_configure' from command line to 'False'
[1.363s] Level 5:colcon.colcon_core.verb:set package 'pid_package' build argument 'ament_cmake_args' from command line to 'None'
[1.363s] Level 5:colcon.colcon_core.verb:set package 'pid_package' build argument 'catkin_cmake_args' from command line to 'None'
[1.363s] Level 5:colcon.colcon_core.verb:set package 'pid_package' build argument 'catkin_skip_building_tests' from command line to 'False'
[1.363s] DEBUG:colcon.colcon_core.verb:Building package 'pid_package' with the following arguments: {'ament_cmake_args': None, 'build_base': '/home/linux/UWU-Blobfish/build/pid_package', 'catkin_cmake_args': None, 'catkin_skip_building_tests': False, 'cmake_args': None, 'cmake_clean_cache': False, 'cmake_clean_first': False, 'cmake_force_configure': False, 'cmake_target': None, 'cmake_target_skip_unavailable': False, 'install_base': '/home/linux/UWU-Blobfish/install/pid_package', 'merge_install': False, 'path': '/home/linux/UWU-Blobfish/uwu_main/src/pid_package', 'symlink_install': True, 'test_result_base': None}
[1.377s] Level 5:colcon.colcon_core.verb:set package 'vectornav_msgs' build argument 'cmake_args' from command line to 'None'
[1.377s] Level 5:colcon.colcon_core.verb:set package 'vectornav_msgs' build argument 'cmake_target' from command line to 'None'
[1.377s] Level 5:colcon.colcon_core.verb:set package 'vectornav_msgs' build argument 'cmake_target_skip_unavailable' from command line to 'False'
[1.377s] Level 5:colcon.colcon_core.verb:set package 'vectornav_msgs' build argument 'cmake_clean_cache' from command line to 'False'
[1.377s] Level 5:colcon.colcon_core.verb:set package 'vectornav_msgs' build argument 'cmake_clean_first' from command line to 'False'
[1.377s] Level 5:colcon.colcon_core.verb:set package 'vectornav_msgs' build argument 'cmake_force_configure' from command line to 'False'
[1.377s] Level 5:colcon.colcon_core.verb:set package 'vectornav_msgs' build argument 'ament_cmake_args' from command line to 'None'
[1.377s] Level 5:colcon.colcon_core.verb:set package 'vectornav_msgs' build argument 'catkin_cmake_args' from command line to 'None'
[1.377s] Level 5:colcon.colcon_core.verb:set package 'vectornav_msgs' build argument 'catkin_skip_building_tests' from command line to 'False'
[1.377s] DEBUG:colcon.colcon_core.verb:Building package 'vectornav_msgs' with the following arguments: {'ament_cmake_args': None, 'build_base': '/home/linux/UWU-Blobfish/build/vectornav_msgs', 'catkin_cmake_args': None, 'catkin_skip_building_tests': False, 'cmake_args': None, 'cmake_clean_cache': False, 'cmake_clean_first': False, 'cmake_force_configure': False, 'cmake_target': None, 'cmake_target_skip_unavailable': False, 'install_base': '/home/linux/UWU-Blobfish/install/vectornav_msgs', 'merge_install': False, 'path': '/home/linux/UWU-Blobfish/uwu_main/vectornav/vectornav_msgs', 'symlink_install': True, 'test_result_base': None}
[1.393s] Level 5:colcon.colcon_core.verb:set package 'arduino_bridge' build argument 'cmake_args' from command line to 'None'
[1.393s] Level 5:colcon.colcon_core.verb:set package 'arduino_bridge' build argument 'cmake_target' from command line to 'None'
[1.393s] Level 5:colcon.colcon_core.verb:set package 'arduino_bridge' build argument 'cmake_target_skip_unavailable' from command line to 'False'
[1.393s] Level 5:colcon.colcon_core.verb:set package 'arduino_bridge' build argument 'cmake_clean_cache' from command line to 'False'
[1.393s] Level 5:colcon.colcon_core.verb:set package 'arduino_bridge' build argument 'cmake_clean_first' from command line to 'False'
[1.393s] Level 5:colcon.colcon_core.verb:set package 'arduino_bridge' build argument 'cmake_force_configure' from command line to 'False'
[1.394s] Level 5:colcon.colcon_core.verb:set package 'arduino_bridge' build argument 'ament_cmake_args' from command line to 'None'
[1.394s] Level 5:colcon.colcon_core.verb:set package 'arduino_bridge' build argument 'catkin_cmake_args' from command line to 'None'
[1.394s] Level 5:colcon.colcon_core.verb:set package 'arduino_bridge' build argument 'catkin_skip_building_tests' from command line to 'False'
[1.395s] DEBUG:colcon.colcon_core.verb:Building package 'arduino_bridge' with the following arguments: {'ament_cmake_args': None, 'build_base': '/home/linux/UWU-Blobfish/build/arduino_bridge', 'catkin_cmake_args': None, 'catkin_skip_building_tests': False, 'cmake_args': None, 'cmake_clean_cache': False, 'cmake_clean_first': False, 'cmake_force_configure': False, 'cmake_target': None, 'cmake_target_skip_unavailable': False, 'install_base': '/home/linux/UWU-Blobfish/install/arduino_bridge', 'merge_install': False, 'path': '/home/linux/UWU-Blobfish/uwu_main/src/arduino_bridge', 'symlink_install': True, 'test_result_base': None}
[1.410s] Level 5:colcon.colcon_core.verb:set package 'thruster_manager' build argument 'cmake_args' from command line to 'None'
[1.410s] Level 5:colcon.colcon_core.verb:set package 'thruster_manager' build argument 'cmake_target' from command line to 'None'
[1.410s] Level 5:colcon.colcon_core.verb:set package 'thruster_manager' build argument 'cmake_target_skip_unavailable' from command line to 'False'
[1.410s] Level 5:colcon.colcon_core.verb:set package 'thruster_manager' build argument 'cmake_clean_cache' from command line to 'False'
[1.410s] Level 5:colcon.colcon_core.verb:set package 'thruster_manager' build argument 'cmake_clean_first' from command line to 'False'
[1.410s] Level 5:colcon.colcon_core.verb:set package 'thruster_manager' build argument 'cmake_force_configure' from command line to 'False'
[1.410s] Level 5:colcon.colcon_core.verb:set package 'thruster_manager' build argument 'ament_cmake_args' from command line to 'None'
[1.410s] Level 5:colcon.colcon_core.verb:set package 'thruster_manager' build argument 'catkin_cmake_args' from command line to 'None'
[1.410s] Level 5:colcon.colcon_core.verb:set package 'thruster_manager' build argument 'catkin_skip_building_tests' from command line to 'False'
[1.410s] DEBUG:colcon.colcon_core.verb:Building package 'thruster_manager' with the following arguments: {'ament_cmake_args': None, 'build_base': '/home/linux/UWU-Blobfish/build/thruster_manager', 'catkin_cmake_args': None, 'catkin_skip_building_tests': False, 'cmake_args': None, 'cmake_clean_cache': False, 'cmake_clean_first': False, 'cmake_force_configure': False, 'cmake_target': None, 'cmake_target_skip_unavailable': False, 'install_base': '/home/linux/UWU-Blobfish/install/thruster_manager', 'merge_install': False, 'path': '/home/linux/UWU-Blobfish/uwu_main/src/thruster_manager', 'symlink_install': True, 'test_result_base': None}
[1.425s] Level 5:colcon.colcon_core.verb:set package 'vectornav' build argument 'cmake_args' from command line to 'None'
[1.426s] Level 5:colcon.colcon_core.verb:set package 'vectornav' build argument 'cmake_target' from command line to 'None'
[1.426s] Level 5:colcon.colcon_core.verb:set package 'vectornav' build argument 'cmake_target_skip_unavailable' from command line to 'False'
[1.426s] Level 5:colcon.colcon_core.verb:set package 'vectornav' build argument 'cmake_clean_cache' from command line to 'False'
[1.426s] Level 5:colcon.colcon_core.verb:set package 'vectornav' build argument 'cmake_clean_first' from command line to 'False'
[1.426s] Level 5:colcon.colcon_core.verb:set package 'vectornav' build argument 'cmake_force_configure' from command line to 'False'
[1.426s] Level 5:colcon.colcon_core.verb:set package 'vectornav' build argument 'ament_cmake_args' from command line to 'None'
[1.426s] Level 5:colcon.colcon_core.verb:set package 'vectornav' build argument 'catkin_cmake_args' from command line to 'None'
[1.426s] Level 5:colcon.colcon_core.verb:set package 'vectornav' build argument 'catkin_skip_building_tests' from command line to 'False'
[1.427s] DEBUG:colcon.colcon_core.verb:Building package 'vectornav' with the following arguments: {'ament_cmake_args': None, 'build_base': '/home/linux/UWU-Blobfish/build/vectornav', 'catkin_cmake_args': None, 'catkin_skip_building_tests': False, 'cmake_args': None, 'cmake_clean_cache': False, 'cmake_clean_first': False, 'cmake_force_configure': False, 'cmake_target': None, 'cmake_target_skip_unavailable': False, 'install_base': '/home/linux/UWU-Blobfish/install/vectornav', 'merge_install': False, 'path': '/home/linux/UWU-Blobfish/uwu_main/vectornav/vectornav', 'symlink_install': True, 'test_result_base': None}
[1.442s] INFO:colcon.colcon_core.executor:Executing jobs using 'parallel' executor
[1.460s] DEBUG:colcon.colcon_parallel_executor.executor.parallel:run_until_complete
[1.460s] INFO:colcon.colcon_ros.task.ament_cmake.build:Building ROS package in '/home/linux/UWU-Blobfish/uwu_main/src/motor_msg' with build type 'ament_cmake'
[1.461s] INFO:colcon.colcon_cmake.task.cmake.build:Building CMake package in '/home/linux/UWU-Blobfish/uwu_main/src/motor_msg'
[1.481s] INFO:colcon.colcon_core.plugin_system:Skipping extension 'colcon_core.shell.bat': Not used on non-Windows systems
[1.483s] INFO:colcon.colcon_core.shell:Skip shell extension 'powershell' for command environment: Not usable outside of PowerShell
[1.483s] DEBUG:colcon.colcon_core.shell:Skip shell extension 'dsv' for command environment
[1.533s] INFO:colcon.colcon_ros.task.ament_cmake.build:Building ROS package in '/home/linux/UWU-Blobfish/uwu_main/vectornav/vectornav_msgs' with build type 'ament_cmake'
[1.533s] INFO:colcon.colcon_cmake.task.cmake.build:Building CMake package in '/home/linux/UWU-Blobfish/uwu_main/vectornav/vectornav_msgs'
[1.594s] INFO:colcon.colcon_core.shell:Skip shell extension 'powershell' for command environment: Not usable outside of PowerShell
[1.601s] DEBUG:colcon.colcon_core.shell:Skip shell extension 'dsv' for command environment
[1.708s] INFO:colcon.colcon_ros.task.ament_python.build:Building ROS package in '/home/linux/UWU-Blobfish/uwu_main/src/pid_package' with build type 'ament_python'
[1.708s] Level 1:colcon.colcon_core.shell:create_environment_hook('pid_package', 'ament_prefix_path')
[1.741s] INFO:colcon.colcon_core.shell:Creating environment hook '/home/linux/UWU-Blobfish/install/pid_package/share/pid_package/hook/ament_prefix_path.ps1'
[1.742s] INFO:colcon.colcon_core.shell:Creating environment descriptor '/home/linux/UWU-Blobfish/install/pid_package/share/pid_package/hook/ament_prefix_path.dsv'
[1.744s] INFO:colcon.colcon_core.shell:Creating environment hook '/home/linux/UWU-Blobfish/install/pid_package/share/pid_package/hook/ament_prefix_path.sh'
[1.759s] INFO:colcon.colcon_core.shell:Skip shell extension 'powershell' for command environment: Not usable outside of PowerShell
[1.760s] DEBUG:colcon.colcon_core.shell:Skip shell extension 'dsv' for command environment
[1.832s] DEBUG:colcon.colcon_core.event_handler.log_command:Invoking command in '/home/linux/UWU-Blobfish/build/motor_msg': CMAKE_PREFIX_PATH=${CMAKE_PREFIX_PATH}:/home/linux/UWU-Blobfish/install/thruster_manager:/home/linux/UWU-Blobfish/install/pid_package:/home/linux/UWU-Blobfish/install/arduino_bridge:/opt/ros/humble /usr/bin/cmake --build /home/linux/UWU-Blobfish/build/motor_msg -- -j6 -l6
[1.844s] DEBUG:colcon.colcon_core.event_handler.log_command:Invoking command in '/home/linux/UWU-Blobfish/build/vectornav_msgs': CMAKE_PREFIX_PATH=${CMAKE_PREFIX_PATH}:/home/linux/UWU-Blobfish/install/thruster_manager:/home/linux/UWU-Blobfish/install/pid_package:/home/linux/UWU-Blobfish/install/arduino_bridge:/opt/ros/humble /usr/bin/cmake --build /home/linux/UWU-Blobfish/build/vectornav_msgs -- -j6 -l6
[2.450s] INFO:colcon.colcon_core.task.python.build:Building Python package in '/home/linux/UWU-Blobfish/uwu_main/src/pid_package'
[2.477s] INFO:colcon.colcon_core.shell:Skip shell extension 'powershell' for command environment: Not usable outside of PowerShell
[2.478s] DEBUG:colcon.colcon_core.shell:Skip shell extension 'dsv' for command environment
[2.732s] DEBUG:colcon.colcon_core.event_handler.log_command:Invoked command in '/home/linux/UWU-Blobfish/build/motor_msg' returned '0': CMAKE_PREFIX_PATH=${CMAKE_PREFIX_PATH}:/home/linux/UWU-Blobfish/install/thruster_manager:/home/linux/UWU-Blobfish/install/pid_package:/home/linux/UWU-Blobfish/install/arduino_bridge:/opt/ros/humble /usr/bin/cmake --build /home/linux/UWU-Blobfish/build/motor_msg -- -j6 -l6
[2.749s] DEBUG:colcon.colcon_core.event_handler.log_command:Invoked command in '/home/linux/UWU-Blobfish/build/vectornav_msgs' returned '0': CMAKE_PREFIX_PATH=${CMAKE_PREFIX_PATH}:/home/linux/UWU-Blobfish/install/thruster_manager:/home/linux/UWU-Blobfish/install/pid_package:/home/linux/UWU-Blobfish/install/arduino_bridge:/opt/ros/humble /usr/bin/cmake --build /home/linux/UWU-Blobfish/build/vectornav_msgs -- -j6 -l6
[2.944s] DEBUG:colcon.colcon_core.event_handler.log_command:Invoking command in '/home/linux/UWU-Blobfish/build/motor_msg': CMAKE_PREFIX_PATH=${CMAKE_PREFIX_PATH}:/home/linux/UWU-Blobfish/install/thruster_manager:/home/linux/UWU-Blobfish/install/pid_package:/home/linux/UWU-Blobfish/install/arduino_bridge:/opt/ros/humble /usr/bin/cmake --install /home/linux/UWU-Blobfish/build/motor_msg
[3.183s] Level 1:colcon.colcon_core.environment:create_environment_scripts_only(motor_msg)
[3.221s] DEBUG:colcon.colcon_core.event_handler.log_command:Invoked command in '/home/linux/UWU-Blobfish/build/motor_msg' returned '0': CMAKE_PREFIX_PATH=${CMAKE_PREFIX_PATH}:/home/linux/UWU-Blobfish/install/thruster_manager:/home/linux/UWU-Blobfish/install/pid_package:/home/linux/UWU-Blobfish/install/arduino_bridge:/opt/ros/humble /usr/bin/cmake --install /home/linux/UWU-Blobfish/build/motor_msg
[3.233s] Level 1:colcon.colcon_core.environment:checking '/home/linux/UWU-Blobfish/install/motor_msg' for CMake module files
[3.234s] Level 1:colcon.colcon_core.environment:checking '/home/linux/UWU-Blobfish/install/motor_msg' for CMake config files
[3.235s] Level 1:colcon.colcon_core.shell:create_environment_hook('motor_msg', 'cmake_prefix_path')
[3.251s] INFO:colcon.colcon_core.shell:Creating environment hook '/home/linux/UWU-Blobfish/install/motor_msg/share/motor_msg/hook/cmake_prefix_path.ps1'
[3.252s] INFO:colcon.colcon_core.shell:Creating environment descriptor '/home/linux/UWU-Blobfish/install/motor_msg/share/motor_msg/hook/cmake_prefix_path.dsv'
[3.255s] INFO:colcon.colcon_core.shell:Creating environment hook '/home/linux/UWU-Blobfish/install/motor_msg/share/motor_msg/hook/cmake_prefix_path.sh'
[3.268s] Level 1:colcon.colcon_core.environment:checking '/home/linux/UWU-Blobfish/install/motor_msg/lib'
[3.268s] Level 1:colcon.colcon_core.shell:create_environment_hook('motor_msg', 'ld_library_path_lib')
[3.287s] INFO:colcon.colcon_core.shell:Creating environment hook '/home/linux/UWU-Blobfish/install/motor_msg/share/motor_msg/hook/ld_library_path_lib.ps1'
[3.288s] INFO:colcon.colcon_core.shell:Creating environment descriptor '/home/linux/UWU-Blobfish/install/motor_msg/share/motor_msg/hook/ld_library_path_lib.dsv'
[3.289s] INFO:colcon.colcon_core.shell:Creating environment hook '/home/linux/UWU-Blobfish/install/motor_msg/share/motor_msg/hook/ld_library_path_lib.sh'
[3.290s] Level 1:colcon.colcon_core.environment:checking '/home/linux/UWU-Blobfish/install/motor_msg/bin'
[3.290s] Level 1:colcon.colcon_core.environment:checking '/home/linux/UWU-Blobfish/install/motor_msg/lib/pkgconfig/motor_msg.pc'
[3.290s] Level 1:colcon.colcon_core.environment:checking '/home/linux/UWU-Blobfish/install/motor_msg/lib/python3.10/site-packages'
[3.291s] Level 1:colcon.colcon_core.environment:checking '/home/linux/UWU-Blobfish/install/motor_msg/bin'
[3.313s] INFO:colcon.colcon_core.shell:Creating package script '/home/linux/UWU-Blobfish/install/motor_msg/share/motor_msg/package.ps1'
[3.315s] INFO:colcon.colcon_core.shell:Creating package descriptor '/home/linux/UWU-Blobfish/install/motor_msg/share/motor_msg/package.dsv'
[3.316s] INFO:colcon.colcon_core.shell:Creating package script '/home/linux/UWU-Blobfish/install/motor_msg/share/motor_msg/package.sh'
[3.317s] INFO:colcon.colcon_core.shell:Creating package script '/home/linux/UWU-Blobfish/install/motor_msg/share/motor_msg/package.bash'
[3.318s] INFO:colcon.colcon_core.shell:Creating package script '/home/linux/UWU-Blobfish/install/motor_msg/share/motor_msg/package.zsh'
[3.319s] Level 1:colcon.colcon_core.environment:create_file_with_runtime_dependencies(/home/linux/UWU-Blobfish/install/motor_msg/share/colcon-core/packages/motor_msg)
[3.323s] DEBUG:colcon.colcon_core.event_handler.log_command:Invoking command in '/home/linux/UWU-Blobfish/build/pid_package': PYTHONPATH=/home/linux/UWU-Blobfish/build/pid_package/prefix_override:/home/linux/UWU-Blobfish/install/pid_package/lib/python3.10/site-packages:${PYTHONPATH} /usr/bin/python3 setup.py develop --editable --build-directory /home/linux/UWU-Blobfish/build/pid_package/build --no-deps install_data
[3.603s] Level 1:colcon.colcon_core.environment:create_environment_scripts_only(motor_msg)
[3.620s] Level 1:colcon.colcon_core.environment:checking '/home/linux/UWU-Blobfish/install/motor_msg' for CMake module files
[3.621s] Level 1:colcon.colcon_core.environment:checking '/home/linux/UWU-Blobfish/install/motor_msg' for CMake config files
[3.622s] Level 1:colcon.colcon_core.shell:create_environment_hook('motor_msg', 'cmake_prefix_path')
[3.662s] INFO:colcon.colcon_core.shell:Creating environment hook '/home/linux/UWU-Blobfish/install/motor_msg/share/motor_msg/hook/cmake_prefix_path.ps1'
[3.662s] INFO:colcon.colcon_core.shell:Creating environment descriptor '/home/linux/UWU-Blobfish/install/motor_msg/share/motor_msg/hook/cmake_prefix_path.dsv'
[3.663s] INFO:colcon.colcon_core.shell:Creating environment hook '/home/linux/UWU-Blobfish/install/motor_msg/share/motor_msg/hook/cmake_prefix_path.sh'
[3.664s] Level 1:colcon.colcon_core.environment:checking '/home/linux/UWU-Blobfish/install/motor_msg/lib'
[3.664s] Level 1:colcon.colcon_core.shell:create_environment_hook('motor_msg', 'ld_library_path_lib')
[3.682s] INFO:colcon.colcon_core.shell:Creating environment hook '/home/linux/UWU-Blobfish/install/motor_msg/share/motor_msg/hook/ld_library_path_lib.ps1'
[3.683s] INFO:colcon.colcon_core.shell:Creating environment descriptor '/home/linux/UWU-Blobfish/install/motor_msg/share/motor_msg/hook/ld_library_path_lib.dsv'
[3.684s] INFO:colcon.colcon_core.shell:Creating environment hook '/home/linux/UWU-Blobfish/install/motor_msg/share/motor_msg/hook/ld_library_path_lib.sh'
[3.684s] Level 1:colcon.colcon_core.environment:checking '/home/linux/UWU-Blobfish/install/motor_msg/bin'
[3.684s] Level 1:colcon.colcon_core.environment:checking '/home/linux/UWU-Blobfish/install/motor_msg/lib/pkgconfig/motor_msg.pc'
[3.685s] Level 1:colcon.colcon_core.environment:checking '/home/linux/UWU-Blobfish/install/motor_msg/lib/python3.10/site-packages'
[3.685s] Level 1:colcon.colcon_core.environment:checking '/home/linux/UWU-Blobfish/install/motor_msg/bin'
[3.708s] INFO:colcon.colcon_core.shell:Creating package script '/home/linux/UWU-Blobfish/install/motor_msg/share/motor_msg/package.ps1'
[3.708s] INFO:colcon.colcon_core.shell:Creating package descriptor '/home/linux/UWU-Blobfish/install/motor_msg/share/motor_msg/package.dsv'
[3.709s] INFO:colcon.colcon_core.shell:Creating package script '/home/linux/UWU-Blobfish/install/motor_msg/share/motor_msg/package.sh'
[3.710s] INFO:colcon.colcon_core.shell:Creating package script '/home/linux/UWU-Blobfish/install/motor_msg/share/motor_msg/package.bash'
[3.710s] INFO:colcon.colcon_core.shell:Creating package script '/home/linux/UWU-Blobfish/install/motor_msg/share/motor_msg/package.zsh'
[3.711s] Level 1:colcon.colcon_core.environment:create_file_with_runtime_dependencies(/home/linux/UWU-Blobfish/install/motor_msg/share/colcon-core/packages/motor_msg)
[3.713s] INFO:colcon.colcon_ros.task.ament_python.build:Building ROS package in '/home/linux/UWU-Blobfish/uwu_main/src/arduino_bridge' with build type 'ament_python'
[3.713s] Level 1:colcon.colcon_core.shell:create_environment_hook('arduino_bridge', 'ament_prefix_path')
[3.732s] INFO:colcon.colcon_core.shell:Creating environment hook '/home/linux/UWU-Blobfish/install/arduino_bridge/share/arduino_bridge/hook/ament_prefix_path.ps1'
[3.732s] INFO:colcon.colcon_core.shell:Creating environment descriptor '/home/linux/UWU-Blobfish/install/arduino_bridge/share/arduino_bridge/hook/ament_prefix_path.dsv'
[3.733s] INFO:colcon.colcon_core.shell:Creating environment hook '/home/linux/UWU-Blobfish/install/arduino_bridge/share/arduino_bridge/hook/ament_prefix_path.sh'
[3.769s] INFO:colcon.colcon_core.shell:Skip shell extension 'powershell' for command environment: Not usable outside of PowerShell
[3.769s] DEBUG:colcon.colcon_core.shell:Skip shell extension 'dsv' for command environment
[3.821s] INFO:colcon.colcon_ros.task.ament_python.build:Building ROS package in '/home/linux/UWU-Blobfish/uwu_main/src/thruster_manager' with build type 'ament_python'
[3.821s] Level 1:colcon.colcon_core.shell:create_environment_hook('thruster_manager', 'ament_prefix_path')
[3.841s] INFO:colcon.colcon_core.shell:Creating environment hook '/home/linux/UWU-Blobfish/install/thruster_manager/share/thruster_manager/hook/ament_prefix_path.ps1'
[3.841s] INFO:colcon.colcon_core.shell:Creating environment descriptor '/home/linux/UWU-Blobfish/install/thruster_manager/share/thruster_manager/hook/ament_prefix_path.dsv'
[3.842s] INFO:colcon.colcon_core.shell:Creating environment hook '/home/linux/UWU-Blobfish/install/thruster_manager/share/thruster_manager/hook/ament_prefix_path.sh'
[3.888s] INFO:colcon.colcon_core.shell:Skip shell extension 'powershell' for command environment: Not usable outside of PowerShell
[3.888s] DEBUG:colcon.colcon_core.shell:Skip shell extension 'dsv' for command environment
[3.999s] DEBUG:colcon.colcon_core.event_handler.log_command:Invoking command in '/home/linux/UWU-Blobfish/build/vectornav_msgs': CMAKE_PREFIX_PATH=${CMAKE_PREFIX_PATH}:/home/linux/UWU-Blobfish/install/thruster_manager:/home/linux/UWU-Blobfish/install/pid_package:/home/linux/UWU-Blobfish/install/arduino_bridge:/opt/ros/humble /usr/bin/cmake --install /home/linux/UWU-Blobfish/build/vectornav_msgs
[4.278s] INFO:colcon.colcon_core.task.python.build:Building Python package in '/home/linux/UWU-Blobfish/uwu_main/src/arduino_bridge'
[4.308s] INFO:colcon.colcon_core.shell:Skip shell extension 'powershell' for command environment: Not usable outside of PowerShell
[4.309s] DEBUG:colcon.colcon_core.shell:Skip shell extension 'dsv' for command environment
[4.726s] INFO:colcon.colcon_core.task.python.build:Building Python package in '/home/linux/UWU-Blobfish/uwu_main/src/thruster_manager'
[4.742s] INFO:colcon.colcon_core.shell:Skip shell extension 'powershell' for command environment: Not usable outside of PowerShell
[4.742s] DEBUG:colcon.colcon_core.shell:Skip shell extension 'dsv' for command environment
[4.793s] Level 1:colcon.colcon_core.shell:create_environment_hook('pid_package', 'pythonpath_develop')
[4.794s] DEBUG:colcon.colcon_core.event_handler.log_command:Invoked command in '/home/linux/UWU-Blobfish/build/pid_package' returned '0': PYTHONPATH=/home/linux/UWU-Blobfish/build/pid_package/prefix_override:/home/linux/UWU-Blobfish/install/pid_package/lib/python3.10/site-packages:${PYTHONPATH} /usr/bin/python3 setup.py develop --editable --build-directory /home/linux/UWU-Blobfish/build/pid_package/build --no-deps install_data
[4.823s] INFO:colcon.colcon_core.shell:Creating environment hook '/home/linux/UWU-Blobfish/build/pid_package/share/pid_package/hook/pythonpath_develop.ps1'
[4.824s] INFO:colcon.colcon_core.shell:Creating environment descriptor '/home/linux/UWU-Blobfish/build/pid_package/share/pid_package/hook/pythonpath_develop.dsv'
[4.825s] INFO:colcon.colcon_core.shell:Creating environment hook '/home/linux/UWU-Blobfish/build/pid_package/share/pid_package/hook/pythonpath_develop.sh'
[4.840s] Level 1:colcon.colcon_core.environment:checking '/home/linux/UWU-Blobfish/install/pid_package' for CMake module files
[4.843s] Level 1:colcon.colcon_core.environment:checking '/home/linux/UWU-Blobfish/install/pid_package' for CMake config files
[4.844s] Level 1:colcon.colcon_core.environment:checking '/home/linux/UWU-Blobfish/install/pid_package/lib'
[4.844s] Level 1:colcon.colcon_core.environment:checking '/home/linux/UWU-Blobfish/install/pid_package/bin'
[4.844s] Level 1:colcon.colcon_core.environment:checking '/home/linux/UWU-Blobfish/install/pid_package/lib/pkgconfig/pid_package.pc'
[4.844s] Level 1:colcon.colcon_core.environment:checking '/home/linux/UWU-Blobfish/install/pid_package/lib/python3.10/site-packages'
[4.845s] Level 1:colcon.colcon_core.shell:create_environment_hook('pid_package', 'pythonpath')
[4.861s] INFO:colcon.colcon_core.shell:Creating environment hook '/home/linux/UWU-Blobfish/install/pid_package/share/pid_package/hook/pythonpath.ps1'
[4.862s] INFO:colcon.colcon_core.shell:Creating environment descriptor '/home/linux/UWU-Blobfish/install/pid_package/share/pid_package/hook/pythonpath.dsv'
[4.864s] INFO:colcon.colcon_core.shell:Creating environment hook '/home/linux/UWU-Blobfish/install/pid_package/share/pid_package/hook/pythonpath.sh'
[4.865s] Level 1:colcon.colcon_core.environment:checking '/home/linux/UWU-Blobfish/install/pid_package/bin'
[4.865s] Level 1:colcon.colcon_core.environment:create_environment_scripts_only(pid_package)
[4.880s] INFO:colcon.colcon_core.shell:Creating package script '/home/linux/UWU-Blobfish/install/pid_package/share/pid_package/package.ps1'
[4.881s] INFO:colcon.colcon_core.shell:Creating package descriptor '/home/linux/UWU-Blobfish/install/pid_package/share/pid_package/package.dsv'
[4.882s] INFO:colcon.colcon_core.shell:Creating package script '/home/linux/UWU-Blobfish/install/pid_package/share/pid_package/package.sh'
[4.883s] INFO:colcon.colcon_core.shell:Creating package script '/home/linux/UWU-Blobfish/install/pid_package/share/pid_package/package.bash'
[4.898s] INFO:colcon.colcon_core.shell:Creating package script '/home/linux/UWU-Blobfish/install/pid_package/share/pid_package/package.zsh'
[4.906s] Level 1:colcon.colcon_core.environment:create_file_with_runtime_dependencies(/home/linux/UWU-Blobfish/install/pid_package/share/colcon-core/packages/pid_package)
[4.951s] Level 1:colcon.colcon_core.environment:create_environment_scripts_only(vectornav_msgs)
[4.989s] DEBUG:colcon.colcon_core.event_handler.log_command:Invoked command in '/home/linux/UWU-Blobfish/build/vectornav_msgs' returned '0': CMAKE_PREFIX_PATH=${CMAKE_PREFIX_PATH}:/home/linux/UWU-Blobfish/install/thruster_manager:/home/linux/UWU-Blobfish/install/pid_package:/home/linux/UWU-Blobfish/install/arduino_bridge:/opt/ros/humble /usr/bin/cmake --install /home/linux/UWU-Blobfish/build/vectornav_msgs
[5.006s] Level 1:colcon.colcon_core.environment:checking '/home/linux/UWU-Blobfish/install/vectornav_msgs' for CMake module files
[5.007s] Level 1:colcon.colcon_core.environment:checking '/home/linux/UWU-Blobfish/install/vectornav_msgs' for CMake config files
[5.007s] Level 1:colcon.colcon_core.shell:create_environment_hook('vectornav_msgs', 'cmake_prefix_path')
[5.023s] INFO:colcon.colcon_core.shell:Creating environment hook '/home/linux/UWU-Blobfish/install/vectornav_msgs/share/vectornav_msgs/hook/cmake_prefix_path.ps1'
[5.025s] INFO:colcon.colcon_core.shell:Creating environment descriptor '/home/linux/UWU-Blobfish/install/vectornav_msgs/share/vectornav_msgs/hook/cmake_prefix_path.dsv'
[5.026s] INFO:colcon.colcon_core.shell:Creating environment hook '/home/linux/UWU-Blobfish/install/vectornav_msgs/share/vectornav_msgs/hook/cmake_prefix_path.sh'
[5.027s] Level 1:colcon.colcon_core.environment:checking '/home/linux/UWU-Blobfish/install/vectornav_msgs/lib'
[5.037s] Level 1:colcon.colcon_core.shell:create_environment_hook('vectornav_msgs', 'ld_library_path_lib')
[5.056s] INFO:colcon.colcon_core.shell:Creating environment hook '/home/linux/UWU-Blobfish/install/vectornav_msgs/share/vectornav_msgs/hook/ld_library_path_lib.ps1'
[5.057s] INFO:colcon.colcon_core.shell:Creating environment descriptor '/home/linux/UWU-Blobfish/install/vectornav_msgs/share/vectornav_msgs/hook/ld_library_path_lib.dsv'
[5.057s] INFO:colcon.colcon_core.shell:Creating environment hook '/home/linux/UWU-Blobfish/install/vectornav_msgs/share/vectornav_msgs/hook/ld_library_path_lib.sh'
[5.058s] Level 1:colcon.colcon_core.environment:checking '/home/linux/UWU-Blobfish/install/vectornav_msgs/bin'
[5.058s] Level 1:colcon.colcon_core.environment:checking '/home/linux/UWU-Blobfish/install/vectornav_msgs/lib/pkgconfig/vectornav_msgs.pc'
[5.058s] Level 1:colcon.colcon_core.environment:checking '/home/linux/UWU-Blobfish/install/vectornav_msgs/lib/python3.10/site-packages'
[5.058s] Level 1:colcon.colcon_core.environment:checking '/home/linux/UWU-Blobfish/install/vectornav_msgs/bin'
[5.078s] INFO:colcon.colcon_core.shell:Creating package script '/home/linux/UWU-Blobfish/install/vectornav_msgs/share/vectornav_msgs/package.ps1'
[5.080s] INFO:colcon.colcon_core.shell:Creating package descriptor '/home/linux/UWU-Blobfish/install/vectornav_msgs/share/vectornav_msgs/package.dsv'
[5.080s] INFO:colcon.colcon_core.shell:Creating package script '/home/linux/UWU-Blobfish/install/vectornav_msgs/share/vectornav_msgs/package.sh'
[5.081s] INFO:colcon.colcon_core.shell:Creating package script '/home/linux/UWU-Blobfish/install/vectornav_msgs/share/vectornav_msgs/package.bash'
[5.081s] INFO:colcon.colcon_core.shell:Creating package script '/home/linux/UWU-Blobfish/install/vectornav_msgs/share/vectornav_msgs/package.zsh'
[5.082s] Level 1:colcon.colcon_core.environment:create_file_with_runtime_dependencies(/home/linux/UWU-Blobfish/install/vectornav_msgs/share/colcon-core/packages/vectornav_msgs)
[5.446s] DEBUG:colcon.colcon_core.event_handler.log_command:Invoking command in '/home/linux/UWU-Blobfish/build/arduino_bridge': CMAKE_PREFIX_PATH=/home/linux/UWU-Blobfish/install/motor_msg:/home/linux/UWU-Blobfish/install/vectornav:/home/linux/UWU-Blobfish/install/vectornav_msgs LD_LIBRARY_PATH=/home/linux/UWU-Blobfish/install/motor_msg/lib:/home/linux/UWU-Blobfish/install/vectornav/lib:/home/linux/UWU-Blobfish/install/vectornav_msgs/lib:/opt/ros/humble/opt/rviz_ogre_vendor/lib:/opt/ros/humble/lib/x86_64-linux-gnu:/opt/ros/humble/lib PYTHONPATH=/home/linux/UWU-Blobfish/build/arduino_bridge/prefix_override:/home/linux/UWU-Blobfish/install/arduino_bridge/lib/python3.10/site-packages:${PYTHONPATH} /usr/bin/python3 setup.py develop --editable --build-directory /home/linux/UWU-Blobfish/build/arduino_bridge/build --no-deps install_data
[5.555s] DEBUG:colcon.colcon_core.event_handler.log_command:Invoking command in '/home/linux/UWU-Blobfish/build/thruster_manager': CMAKE_PREFIX_PATH=/home/linux/UWU-Blobfish/install/motor_msg:/home/linux/UWU-Blobfish/install/vectornav:/home/linux/UWU-Blobfish/install/vectornav_msgs LD_LIBRARY_PATH=/home/linux/UWU-Blobfish/install/motor_msg/lib:/home/linux/UWU-Blobfish/install/vectornav/lib:/home/linux/UWU-Blobfish/install/vectornav_msgs/lib:/opt/ros/humble/opt/rviz_ogre_vendor/lib:/opt/ros/humble/lib/x86_64-linux-gnu:/opt/ros/humble/lib PYTHONPATH=/home/linux/UWU-Blobfish/build/thruster_manager/prefix_override:/home/linux/UWU-Blobfish/install/thruster_manager/lib/python3.10/site-packages:${PYTHONPATH} /usr/bin/python3 setup.py develop --editable --build-directory /home/linux/UWU-Blobfish/build/thruster_manager/build --no-deps install_data
[5.919s] Level 1:colcon.colcon_core.environment:create_environment_scripts_only(vectornav_msgs)
[6.070s] Level 1:colcon.colcon_core.environment:checking '/home/linux/UWU-Blobfish/install/vectornav_msgs' for CMake module files
[6.072s] Level 1:colcon.colcon_core.environment:checking '/home/linux/UWU-Blobfish/install/vectornav_msgs' for CMake config files
[6.076s] Level 1:colcon.colcon_core.shell:create_environment_hook('vectornav_msgs', 'cmake_prefix_path')
[6.138s] INFO:colcon.colcon_core.shell:Creating environment hook '/home/linux/UWU-Blobfish/install/vectornav_msgs/share/vectornav_msgs/hook/cmake_prefix_path.ps1'
[6.139s] INFO:colcon.colcon_core.shell:Creating environment descriptor '/home/linux/UWU-Blobfish/install/vectornav_msgs/share/vectornav_msgs/hook/cmake_prefix_path.dsv'
[6.140s] INFO:colcon.colcon_core.shell:Creating environment hook '/home/linux/UWU-Blobfish/install/vectornav_msgs/share/vectornav_msgs/hook/cmake_prefix_path.sh'
[6.142s] Level 1:colcon.colcon_core.environment:checking '/home/linux/UWU-Blobfish/install/vectornav_msgs/lib'
[6.142s] Level 1:colcon.colcon_core.shell:create_environment_hook('vectornav_msgs', 'ld_library_path_lib')
[6.176s] INFO:colcon.colcon_core.shell:Creating environment hook '/home/linux/UWU-Blobfish/install/vectornav_msgs/share/vectornav_msgs/hook/ld_library_path_lib.ps1'
[6.177s] INFO:colcon.colcon_core.shell:Creating environment descriptor '/home/linux/UWU-Blobfish/install/vectornav_msgs/share/vectornav_msgs/hook/ld_library_path_lib.dsv'
[6.178s] INFO:colcon.colcon_core.shell:Creating environment hook '/home/linux/UWU-Blobfish/install/vectornav_msgs/share/vectornav_msgs/hook/ld_library_path_lib.sh'
[6.179s] Level 1:colcon.colcon_core.environment:checking '/home/linux/UWU-Blobfish/install/vectornav_msgs/bin'
[6.179s] Level 1:colcon.colcon_core.environment:checking '/home/linux/UWU-Blobfish/install/vectornav_msgs/lib/pkgconfig/vectornav_msgs.pc'
[6.179s] Level 1:colcon.colcon_core.environment:checking '/home/linux/UWU-Blobfish/install/vectornav_msgs/lib/python3.10/site-packages'
[6.180s] Level 1:colcon.colcon_core.environment:checking '/home/linux/UWU-Blobfish/install/vectornav_msgs/bin'
[6.198s] INFO:colcon.colcon_core.shell:Creating package script '/home/linux/UWU-Blobfish/install/vectornav_msgs/share/vectornav_msgs/package.ps1'
[6.199s] INFO:colcon.colcon_core.shell:Creating package descriptor '/home/linux/UWU-Blobfish/install/vectornav_msgs/share/vectornav_msgs/package.dsv'
[6.200s] INFO:colcon.colcon_core.shell:Creating package script '/home/linux/UWU-Blobfish/install/vectornav_msgs/share/vectornav_msgs/package.sh'
[6.200s] INFO:colcon.colcon_core.shell:Creating package script '/home/linux/UWU-Blobfish/install/vectornav_msgs/share/vectornav_msgs/package.bash'
[6.201s] INFO:colcon.colcon_core.shell:Creating package script '/home/linux/UWU-Blobfish/install/vectornav_msgs/share/vectornav_msgs/package.zsh'
[6.202s] Level 1:colcon.colcon_core.environment:create_file_with_runtime_dependencies(/home/linux/UWU-Blobfish/install/vectornav_msgs/share/colcon-core/packages/vectornav_msgs)
[6.203s] INFO:colcon.colcon_ros.task.ament_cmake.build:Building ROS package in '/home/linux/UWU-Blobfish/uwu_main/vectornav/vectornav' with build type 'ament_cmake'
[6.203s] INFO:colcon.colcon_cmake.task.cmake.build:Building CMake package in '/home/linux/UWU-Blobfish/uwu_main/vectornav/vectornav'
[6.226s] INFO:colcon.colcon_core.shell:Skip shell extension 'powershell' for command environment: Not usable outside of PowerShell
[6.226s] DEBUG:colcon.colcon_core.shell:Skip shell extension 'dsv' for command environment
[6.280s] Level 1:colcon.colcon_core.shell:create_environment_hook('thruster_manager', 'pythonpath_develop')
[6.281s] DEBUG:colcon.colcon_core.event_handler.log_command:Invoked command in '/home/linux/UWU-Blobfish/build/thruster_manager' returned '0': CMAKE_PREFIX_PATH=/home/linux/UWU-Blobfish/install/motor_msg:/home/linux/UWU-Blobfish/install/vectornav:/home/linux/UWU-Blobfish/install/vectornav_msgs LD_LIBRARY_PATH=/home/linux/UWU-Blobfish/install/motor_msg/lib:/home/linux/UWU-Blobfish/install/vectornav/lib:/home/linux/UWU-Blobfish/install/vectornav_msgs/lib:/opt/ros/humble/opt/rviz_ogre_vendor/lib:/opt/ros/humble/lib/x86_64-linux-gnu:/opt/ros/humble/lib PYTHONPATH=/home/linux/UWU-Blobfish/build/thruster_manager/prefix_override:/home/linux/UWU-Blobfish/install/thruster_manager/lib/python3.10/site-packages:${PYTHONPATH} /usr/bin/python3 setup.py develop --editable --build-directory /home/linux/UWU-Blobfish/build/thruster_manager/build --no-deps install_data
[6.302s] INFO:colcon.colcon_core.shell:Creating environment hook '/home/linux/UWU-Blobfish/build/thruster_manager/share/thruster_manager/hook/pythonpath_develop.ps1'
[6.303s] INFO:colcon.colcon_core.shell:Creating environment descriptor '/home/linux/UWU-Blobfish/build/thruster_manager/share/thruster_manager/hook/pythonpath_develop.dsv'
[6.304s] INFO:colcon.colcon_core.shell:Creating environment hook '/home/linux/UWU-Blobfish/build/thruster_manager/share/thruster_manager/hook/pythonpath_develop.sh'
[6.325s] Level 1:colcon.colcon_core.environment:checking '/home/linux/UWU-Blobfish/install/thruster_manager' for CMake module files
[6.325s] Level 1:colcon.colcon_core.environment:checking '/home/linux/UWU-Blobfish/install/thruster_manager' for CMake config files
[6.326s] Level 1:colcon.colcon_core.environment:checking '/home/linux/UWU-Blobfish/install/thruster_manager/lib'
[6.326s] Level 1:colcon.colcon_core.environment:checking '/home/linux/UWU-Blobfish/install/thruster_manager/bin'
[6.326s] Level 1:colcon.colcon_core.environment:checking '/home/linux/UWU-Blobfish/install/thruster_manager/lib/pkgconfig/thruster_manager.pc'
[6.326s] Level 1:colcon.colcon_core.environment:checking '/home/linux/UWU-Blobfish/install/thruster_manager/lib/python3.10/site-packages'
[6.326s] Level 1:colcon.colcon_core.shell:create_environment_hook('thruster_manager', 'pythonpath')
[6.342s] INFO:colcon.colcon_core.shell:Creating environment hook '/home/linux/UWU-Blobfish/install/thruster_manager/share/thruster_manager/hook/pythonpath.ps1'
[6.343s] INFO:colcon.colcon_core.shell:Creating environment descriptor '/home/linux/UWU-Blobfish/install/thruster_manager/share/thruster_manager/hook/pythonpath.dsv'
[6.344s] INFO:colcon.colcon_core.shell:Creating environment hook '/home/linux/UWU-Blobfish/install/thruster_manager/share/thruster_manager/hook/pythonpath.sh'
[6.345s] Level 1:colcon.colcon_core.environment:checking '/home/linux/UWU-Blobfish/install/thruster_manager/bin'
[6.345s] Level 1:colcon.colcon_core.environment:create_environment_scripts_only(thruster_manager)
[6.362s] INFO:colcon.colcon_core.shell:Creating package script '/home/linux/UWU-Blobfish/install/thruster_manager/share/thruster_manager/package.ps1'
[6.368s] INFO:colcon.colcon_core.shell:Creating package descriptor '/home/linux/UWU-Blobfish/install/thruster_manager/share/thruster_manager/package.dsv'
[6.369s] INFO:colcon.colcon_core.shell:Creating package script '/home/linux/UWU-Blobfish/install/thruster_manager/share/thruster_manager/package.sh'
[6.370s] INFO:colcon.colcon_core.shell:Creating package script '/home/linux/UWU-Blobfish/install/thruster_manager/share/thruster_manager/package.bash'
[6.371s] INFO:colcon.colcon_core.shell:Creating package script '/home/linux/UWU-Blobfish/install/thruster_manager/share/thruster_manager/package.zsh'
[6.372s] Level 1:colcon.colcon_core.environment:create_file_with_runtime_dependencies(/home/linux/UWU-Blobfish/install/thruster_manager/share/colcon-core/packages/thruster_manager)
[6.373s] Level 1:colcon.colcon_core.shell:create_environment_hook('arduino_bridge', 'pythonpath_develop')
[6.384s] DEBUG:colcon.colcon_core.event_handler.log_command:Invoked command in '/home/linux/UWU-Blobfish/build/arduino_bridge' returned '0': CMAKE_PREFIX_PATH=/home/linux/UWU-Blobfish/install/motor_msg:/home/linux/UWU-Blobfish/install/vectornav:/home/linux/UWU-Blobfish/install/vectornav_msgs LD_LIBRARY_PATH=/home/linux/UWU-Blobfish/install/motor_msg/lib:/home/linux/UWU-Blobfish/install/vectornav/lib:/home/linux/UWU-Blobfish/install/vectornav_msgs/lib:/opt/ros/humble/opt/rviz_ogre_vendor/lib:/opt/ros/humble/lib/x86_64-linux-gnu:/opt/ros/humble/lib PYTHONPATH=/home/linux/UWU-Blobfish/build/arduino_bridge/prefix_override:/home/linux/UWU-Blobfish/install/arduino_bridge/lib/python3.10/site-packages:${PYTHONPATH} /usr/bin/python3 setup.py develop --editable --build-directory /home/linux/UWU-Blobfish/build/arduino_bridge/build --no-deps install_data
[6.399s] INFO:colcon.colcon_core.shell:Creating environment hook '/home/linux/UWU-Blobfish/build/arduino_bridge/share/arduino_bridge/hook/pythonpath_develop.ps1'
[6.400s] INFO:colcon.colcon_core.shell:Creating environment descriptor '/home/linux/UWU-Blobfish/build/arduino_bridge/share/arduino_bridge/hook/pythonpath_develop.dsv'
[6.401s] INFO:colcon.colcon_core.shell:Creating environment hook '/home/linux/UWU-Blobfish/build/arduino_bridge/share/arduino_bridge/hook/pythonpath_develop.sh'
[6.417s] Level 1:colcon.colcon_core.environment:checking '/home/linux/UWU-Blobfish/install/arduino_bridge' for CMake module files
[6.418s] Level 1:colcon.colcon_core.environment:checking '/home/linux/UWU-Blobfish/install/arduino_bridge' for CMake config files
[6.419s] Level 1:colcon.colcon_core.environment:checking '/home/linux/UWU-Blobfish/install/arduino_bridge/lib'
[6.419s] Level 1:colcon.colcon_core.environment:checking '/home/linux/UWU-Blobfish/install/arduino_bridge/bin'
[6.419s] Level 1:colcon.colcon_core.environment:checking '/home/linux/UWU-Blobfish/install/arduino_bridge/lib/pkgconfig/arduino_bridge.pc'
[6.419s] Level 1:colcon.colcon_core.environment:checking '/home/linux/UWU-Blobfish/install/arduino_bridge/lib/python3.10/site-packages'
[6.419s] Level 1:colcon.colcon_core.shell:create_environment_hook('arduino_bridge', 'pythonpath')
[6.435s] INFO:colcon.colcon_core.shell:Creating environment hook '/home/linux/UWU-Blobfish/install/arduino_bridge/share/arduino_bridge/hook/pythonpath.ps1'
[6.436s] INFO:colcon.colcon_core.shell:Creating environment descriptor '/home/linux/UWU-Blobfish/install/arduino_bridge/share/arduino_bridge/hook/pythonpath.dsv'
[6.437s] INFO:colcon.colcon_core.shell:Creating environment hook '/home/linux/UWU-Blobfish/install/arduino_bridge/share/arduino_bridge/hook/pythonpath.sh'
[6.438s] Level 1:colcon.colcon_core.environment:checking '/home/linux/UWU-Blobfish/install/arduino_bridge/bin'
[6.438s] Level 1:colcon.colcon_core.environment:create_environment_scripts_only(arduino_bridge)
[6.454s] INFO:colcon.colcon_core.shell:Creating package script '/home/linux/UWU-Blobfish/install/arduino_bridge/share/arduino_bridge/package.ps1'
[6.455s] INFO:colcon.colcon_core.shell:Creating package descriptor '/home/linux/UWU-Blobfish/install/arduino_bridge/share/arduino_bridge/package.dsv'
[6.456s] INFO:colcon.colcon_core.shell:Creating package script '/home/linux/UWU-Blobfish/install/arduino_bridge/share/arduino_bridge/package.sh'
[6.457s] INFO:colcon.colcon_core.shell:Creating package script '/home/linux/UWU-Blobfish/install/arduino_bridge/share/arduino_bridge/package.bash'
[6.457s] INFO:colcon.colcon_core.shell:Creating package script '/home/linux/UWU-Blobfish/install/arduino_bridge/share/arduino_bridge/package.zsh'
[6.459s] Level 1:colcon.colcon_core.environment:create_file_with_runtime_dependencies(/home/linux/UWU-Blobfish/install/arduino_bridge/share/colcon-core/packages/arduino_bridge)
[6.468s] DEBUG:colcon.colcon_core.event_handler.log_command:Invoking command in '/home/linux/UWU-Blobfish/build/vectornav': CMAKE_PREFIX_PATH=/home/linux/UWU-Blobfish/install/vectornav_msgs:/home/linux/UWU-Blobfish/install/vectornav:/home/linux/UWU-Blobfish/install/motor_msg:/home/linux/UWU-Blobfish/install/thruster_manager:/home/linux/UWU-Blobfish/install/pid_package:/home/linux/UWU-Blobfish/install/arduino_bridge:/opt/ros/humble LD_LIBRARY_PATH=/home/linux/UWU-Blobfish/install/vectornav_msgs/lib:/home/linux/UWU-Blobfish/install/vectornav/lib:/home/linux/UWU-Blobfish/install/motor_msg/lib:/opt/ros/humble/opt/rviz_ogre_vendor/lib:/opt/ros/humble/lib/x86_64-linux-gnu:/opt/ros/humble/lib /usr/bin/cmake --build /home/linux/UWU-Blobfish/build/vectornav -- -j6 -l6
[6.623s] DEBUG:colcon.colcon_core.event_handler.log_command:Invoked command in '/home/linux/UWU-Blobfish/build/vectornav' returned '0': CMAKE_PREFIX_PATH=/home/linux/UWU-Blobfish/install/vectornav_msgs:/home/linux/UWU-Blobfish/install/vectornav:/home/linux/UWU-Blobfish/install/motor_msg:/home/linux/UWU-Blobfish/install/thruster_manager:/home/linux/UWU-Blobfish/install/pid_package:/home/linux/UWU-Blobfish/install/arduino_bridge:/opt/ros/humble LD_LIBRARY_PATH=/home/linux/UWU-Blobfish/install/vectornav_msgs/lib:/home/linux/UWU-Blobfish/install/vectornav/lib:/home/linux/UWU-Blobfish/install/motor_msg/lib:/opt/ros/humble/opt/rviz_ogre_vendor/lib:/opt/ros/humble/lib/x86_64-linux-gnu:/opt/ros/humble/lib /usr/bin/cmake --build /home/linux/UWU-Blobfish/build/vectornav -- -j6 -l6
[6.694s] DEBUG:colcon.colcon_core.event_handler.log_command:Invoking command in '/home/linux/UWU-Blobfish/build/vectornav': CMAKE_PREFIX_PATH=/home/linux/UWU-Blobfish/install/vectornav_msgs:/home/linux/UWU-Blobfish/install/vectornav:/home/linux/UWU-Blobfish/install/motor_msg:/home/linux/UWU-Blobfish/install/thruster_manager:/home/linux/UWU-Blobfish/install/pid_package:/home/linux/UWU-Blobfish/install/arduino_bridge:/opt/ros/humble LD_LIBRARY_PATH=/home/linux/UWU-Blobfish/install/vectornav_msgs/lib:/home/linux/UWU-Blobfish/install/vectornav/lib:/home/linux/UWU-Blobfish/install/motor_msg/lib:/opt/ros/humble/opt/rviz_ogre_vendor/lib:/opt/ros/humble/lib/x86_64-linux-gnu:/opt/ros/humble/lib /usr/bin/cmake --install /home/linux/UWU-Blobfish/build/vectornav
[6.739s] Level 1:colcon.colcon_core.environment:create_environment_scripts_only(vectornav)
[6.745s] DEBUG:colcon.colcon_core.event_handler.log_command:Invoked command in '/home/linux/UWU-Blobfish/build/vectornav' returned '0': CMAKE_PREFIX_PATH=/home/linux/UWU-Blobfish/install/vectornav_msgs:/home/linux/UWU-Blobfish/install/vectornav:/home/linux/UWU-Blobfish/install/motor_msg:/home/linux/UWU-Blobfish/install/thruster_manager:/home/linux/UWU-Blobfish/install/pid_package:/home/linux/UWU-Blobfish/install/arduino_bridge:/opt/ros/humble LD_LIBRARY_PATH=/home/linux/UWU-Blobfish/install/vectornav_msgs/lib:/home/linux/UWU-Blobfish/install/vectornav/lib:/home/linux/UWU-Blobfish/install/motor_msg/lib:/opt/ros/humble/opt/rviz_ogre_vendor/lib:/opt/ros/humble/lib/x86_64-linux-gnu:/opt/ros/humble/lib /usr/bin/cmake --install /home/linux/UWU-Blobfish/build/vectornav
[6.762s] Level 1:colcon.colcon_core.environment:checking '/home/linux/UWU-Blobfish/install/vectornav' for CMake module files
[6.762s] Level 1:colcon.colcon_core.environment:checking '/home/linux/UWU-Blobfish/install/vectornav' for CMake config files
[6.763s] Level 1:colcon.colcon_core.shell:create_environment_hook('vectornav', 'cmake_prefix_path')
[6.782s] INFO:colcon.colcon_core.shell:Creating environment hook '/home/linux/UWU-Blobfish/install/vectornav/share/vectornav/hook/cmake_prefix_path.ps1'
[6.783s] INFO:colcon.colcon_core.shell:Creating environment descriptor '/home/linux/UWU-Blobfish/install/vectornav/share/vectornav/hook/cmake_prefix_path.dsv'
[6.784s] INFO:colcon.colcon_core.shell:Creating environment hook '/home/linux/UWU-Blobfish/install/vectornav/share/vectornav/hook/cmake_prefix_path.sh'
[6.785s] Level 1:colcon.colcon_core.environment:checking '/home/linux/UWU-Blobfish/install/vectornav/lib'
[6.785s] Level 1:colcon.colcon_core.shell:create_environment_hook('vectornav', 'ld_library_path_lib')
[6.800s] INFO:colcon.colcon_core.shell:Creating environment hook '/home/linux/UWU-Blobfish/install/vectornav/share/vectornav/hook/ld_library_path_lib.ps1'
[6.800s] INFO:colcon.colcon_core.shell:Creating environment descriptor '/home/linux/UWU-Blobfish/install/vectornav/share/vectornav/hook/ld_library_path_lib.dsv'
[6.801s] INFO:colcon.colcon_core.shell:Creating environment hook '/home/linux/UWU-Blobfish/install/vectornav/share/vectornav/hook/ld_library_path_lib.sh'
[6.802s] Level 1:colcon.colcon_core.environment:checking '/home/linux/UWU-Blobfish/install/vectornav/bin'
[6.802s] Level 1:colcon.colcon_core.environment:checking '/home/linux/UWU-Blobfish/install/vectornav/lib/pkgconfig/vectornav.pc'
[6.802s] Level 1:colcon.colcon_core.environment:checking '/home/linux/UWU-Blobfish/install/vectornav/lib/python3.10/site-packages'
[6.803s] Level 1:colcon.colcon_core.environment:checking '/home/linux/UWU-Blobfish/install/vectornav/bin'
[6.818s] INFO:colcon.colcon_core.shell:Creating package script '/home/linux/UWU-Blobfish/install/vectornav/share/vectornav/package.ps1'
[6.819s] INFO:colcon.colcon_core.shell:Creating package descriptor '/home/linux/UWU-Blobfish/install/vectornav/share/vectornav/package.dsv'
[6.820s] INFO:colcon.colcon_core.shell:Creating package script '/home/linux/UWU-Blobfish/install/vectornav/share/vectornav/package.sh'
[6.820s] INFO:colcon.colcon_core.shell:Creating package script '/home/linux/UWU-Blobfish/install/vectornav/share/vectornav/package.bash'
[6.822s] INFO:colcon.colcon_core.shell:Creating package script '/home/linux/UWU-Blobfish/install/vectornav/share/vectornav/package.zsh'
[6.822s] Level 1:colcon.colcon_core.environment:create_file_with_runtime_dependencies(/home/linux/UWU-Blobfish/install/vectornav/share/colcon-core/packages/vectornav)
[6.908s] Level 1:colcon.colcon_core.environment:create_environment_scripts_only(vectornav)
[6.934s] Level 1:colcon.colcon_core.environment:checking '/home/linux/UWU-Blobfish/install/vectornav' for CMake module files
[6.934s] Level 1:colcon.colcon_core.environment:checking '/home/linux/UWU-Blobfish/install/vectornav' for CMake config files
[6.935s] Level 1:colcon.colcon_core.shell:create_environment_hook('vectornav', 'cmake_prefix_path')
[6.953s] INFO:colcon.colcon_core.shell:Creating environment hook '/home/linux/UWU-Blobfish/install/vectornav/share/vectornav/hook/cmake_prefix_path.ps1'
[6.955s] INFO:colcon.colcon_core.shell:Creating environment descriptor '/home/linux/UWU-Blobfish/install/vectornav/share/vectornav/hook/cmake_prefix_path.dsv'
[6.955s] INFO:colcon.colcon_core.shell:Creating environment hook '/home/linux/UWU-Blobfish/install/vectornav/share/vectornav/hook/cmake_prefix_path.sh'
[6.957s] Level 1:colcon.colcon_core.environment:checking '/home/linux/UWU-Blobfish/install/vectornav/lib'
[6.957s] Level 1:colcon.colcon_core.shell:create_environment_hook('vectornav', 'ld_library_path_lib')
[6.972s] INFO:colcon.colcon_core.shell:Creating environment hook '/home/linux/UWU-Blobfish/install/vectornav/share/vectornav/hook/ld_library_path_lib.ps1'
[6.973s] INFO:colcon.colcon_core.shell:Creating environment descriptor '/home/linux/UWU-Blobfish/install/vectornav/share/vectornav/hook/ld_library_path_lib.dsv'
[6.974s] INFO:colcon.colcon_core.shell:Creating environment hook '/home/linux/UWU-Blobfish/install/vectornav/share/vectornav/hook/ld_library_path_lib.sh'
[6.974s] Level 1:colcon.colcon_core.environment:checking '/home/linux/UWU-Blobfish/install/vectornav/bin'
[6.975s] Level 1:colcon.colcon_core.environment:checking '/home/linux/UWU-Blobfish/install/vectornav/lib/pkgconfig/vectornav.pc'
[6.975s] Level 1:colcon.colcon_core.environment:checking '/home/linux/UWU-Blobfish/install/vectornav/lib/python3.10/site-packages'
[6.975s] Level 1:colcon.colcon_core.environment:checking '/home/linux/UWU-Blobfish/install/vectornav/bin'
[6.992s] INFO:colcon.colcon_core.shell:Creating package script '/home/linux/UWU-Blobfish/install/vectornav/share/vectornav/package.ps1'
[6.993s] INFO:colcon.colcon_core.shell:Creating package descriptor '/home/linux/UWU-Blobfish/install/vectornav/share/vectornav/package.dsv'
[6.993s] INFO:colcon.colcon_core.shell:Creating package script '/home/linux/UWU-Blobfish/install/vectornav/share/vectornav/package.sh'
[6.994s] INFO:colcon.colcon_core.shell:Creating package script '/home/linux/UWU-Blobfish/install/vectornav/share/vectornav/package.bash'
[6.996s] INFO:colcon.colcon_core.shell:Creating package script '/home/linux/UWU-Blobfish/install/vectornav/share/vectornav/package.zsh'
[6.997s] Level 1:colcon.colcon_core.environment:create_file_with_runtime_dependencies(/home/linux/UWU-Blobfish/install/vectornav/share/colcon-core/packages/vectornav)
[6.998s] DEBUG:colcon.colcon_parallel_executor.executor.parallel:closing loop
[6.998s] DEBUG:colcon.colcon_parallel_executor.executor.parallel:loop closed
[6.999s] DEBUG:colcon.colcon_parallel_executor.executor.parallel:run_until_complete finished with '0'
[7.005s] DEBUG:colcon.colcon_core.event_reactor:joining thread
[7.031s] INFO:colcon.colcon_core.plugin_system:Skipping extension 'colcon_notification.desktop_notification.terminal_notifier': Not used on non-Darwin systems
[7.031s] INFO:colcon.colcon_core.plugin_system:Skipping extension 'colcon_notification.desktop_notification.win32': Not used on non-Windows systems
[7.031s] INFO:colcon.colcon_notification.desktop_notification:Sending desktop notification using 'notify2'
[7.049s] DEBUG:colcon.colcon_core.event_reactor:joined thread
[7.068s] INFO:colcon.colcon_core.shell:Creating prefix script '/home/linux/UWU-Blobfish/install/local_setup.ps1'
[7.069s] INFO:colcon.colcon_core.shell:Creating prefix util module '/home/linux/UWU-Blobfish/install/_local_setup_util_ps1.py'
[7.071s] INFO:colcon.colcon_core.shell:Creating prefix chain script '/home/linux/UWU-Blobfish/install/setup.ps1'
[7.090s] INFO:colcon.colcon_core.shell:Creating prefix script '/home/linux/UWU-Blobfish/install/local_setup.sh'
[7.096s] INFO:colcon.colcon_core.shell:Creating prefix util module '/home/linux/UWU-Blobfish/install/_local_setup_util_sh.py'
[7.097s] INFO:colcon.colcon_core.shell:Creating prefix chain script '/home/linux/UWU-Blobfish/install/setup.sh'
[7.115s] INFO:colcon.colcon_core.shell:Creating prefix script '/home/linux/UWU-Blobfish/install/local_setup.bash'
[7.117s] INFO:colcon.colcon_core.shell:Creating prefix chain script '/home/linux/UWU-Blobfish/install/setup.bash'
[7.137s] INFO:colcon.colcon_core.shell:Creating prefix script '/home/linux/UWU-Blobfish/install/local_setup.zsh'
[7.138s] INFO:colcon.colcon_core.shell:Creating prefix chain script '/home/linux/UWU-Blobfish/install/setup.zsh'
