[2.101s] Invoking command in '/home/linux/UWU-Blobfish/build/arduino_bridge': AMENT_PREFIX_PATH=/home/linux/UWU-Blobfish/install/motor_msg:${AMENT_PREFIX_PATH} CMAKE_PREFIX_PATH=/home/linux/UWU-Blobfish/install/motor_msg LD_LIBRARY_PATH=/home/linux/UWU-Blobfish/install/motor_msg/lib:${LD_LIBRARY_PATH} PYTHONPATH=/home/linux/UWU-Blobfish/build/arduino_bridge/prefix_override:/home/linux/UWU-Blobfish/install/arduino_bridge/lib/python3.10/site-packages:/home/linux/UWU-Blobfish/install/motor_msg/local/lib/python3.10/dist-packages:${PYTHONPATH} /usr/bin/python3 setup.py develop --editable --build-directory /home/linux/UWU-Blobfish/build/arduino_bridge/build --no-deps install_data
[2.729s] running develop
[2.730s] /usr/lib/python3/dist-packages/setuptools/command/easy_install.py:158: EasyInstallDeprecationWarning: easy_install command is deprecated. Use build and pip and other standards-based tools.
[2.730s]   warnings.warn(
[2.730s] /usr/lib/python3/dist-packages/setuptools/command/install.py:34: SetuptoolsDeprecationWarning: setup.py install is deprecated. Use build and pip and other standards-based tools.
[2.731s]   warnings.warn(
[3.093s] running egg_info
[3.094s] creating arduino_bridge.egg-info
[3.095s] writing arduino_bridge.egg-info/PKG-INFO
[3.095s] writing dependency_links to arduino_bridge.egg-info/dependency_links.txt
[3.095s] writing entry points to arduino_bridge.egg-info/entry_points.txt
[3.095s] writing requirements to arduino_bridge.egg-info/requires.txt
[3.095s] writing top-level names to arduino_bridge.egg-info/top_level.txt
[3.095s] writing manifest file 'arduino_bridge.egg-info/SOURCES.txt'
[3.097s] reading manifest file 'arduino_bridge.egg-info/SOURCES.txt'
[3.098s] writing manifest file 'arduino_bridge.egg-info/SOURCES.txt'
[3.100s] running build_ext
[3.100s] Creating /home/linux/UWU-Blobfish/install/arduino_bridge/lib/python3.10/site-packages/arduino-bridge.egg-link (link to .)
[3.101s] Installing bridge script to /home/linux/UWU-Blobfish/install/arduino_bridge/lib/arduino_bridge
[3.102s] 
[3.102s] Installed /home/linux/UWU-Blobfish/build/arduino_bridge
[3.102s] running install_data
[3.102s] creating /home/linux/UWU-Blobfish/install/arduino_bridge/share/ament_index
[3.103s] creating /home/linux/UWU-Blobfish/install/arduino_bridge/share/ament_index/resource_index
[3.104s] creating /home/linux/UWU-Blobfish/install/arduino_bridge/share/ament_index/resource_index/packages
[3.105s] copying resource/arduino_bridge -> /home/linux/UWU-Blobfish/install/arduino_bridge/share/ament_index/resource_index/packages
[3.105s] copying package.xml -> /home/linux/UWU-Blobfish/install/arduino_bridge/share/arduino_bridge
[3.172s] Invoked command in '/home/linux/UWU-Blobfish/build/arduino_bridge' returned '0': AMENT_PREFIX_PATH=/home/linux/UWU-Blobfish/install/motor_msg:${AMENT_PREFIX_PATH} CMAKE_PREFIX_PATH=/home/linux/UWU-Blobfish/install/motor_msg LD_LIBRARY_PATH=/home/linux/UWU-Blobfish/install/motor_msg/lib:${LD_LIBRARY_PATH} PYTHONPATH=/home/linux/UWU-Blobfish/build/arduino_bridge/prefix_override:/home/linux/UWU-Blobfish/install/arduino_bridge/lib/python3.10/site-packages:/home/linux/UWU-Blobfish/install/motor_msg/local/lib/python3.10/dist-packages:${PYTHONPATH} /usr/bin/python3 setup.py develop --editable --build-directory /home/linux/UWU-Blobfish/build/arduino_bridge/build --no-deps install_data
